\BOOKMARK [1][-]{section.1}{\376\377\000I\000n\000t\000r\000o\000d\000u\000c\000t\000i\000o\000n\000\040\000t\000o\000\040\000C\000l\000u\000s\000t\000e\000r\000\040\000A\000n\000a\000l\000y\000s\000i\000s}{}% 1
\BOOKMARK [2][-]{subsection.1.1}{\376\377\000C\000l\000u\000s\000t\000e\000r\000i\000n\000g\000\040\000v\000e\000r\000s\000u\000s\000\040\000C\000l\000a\000s\000s\000i\000f\000i\000c\000a\000t\000i\000o\000n}{section.1}% 2
\BOOKMARK [2][-]{subsection.1.2}{\376\377\000M\000u\000l\000t\000i\000d\000i\000m\000e\000n\000s\000i\000o\000n\000a\000l\000\040\000D\000a\000t\000a\000\040\000R\000e\000p\000r\000e\000s\000e\000n\000t\000a\000t\000i\000o\000n}{section.1}% 3
\BOOKMARK [1][-]{section.2}{\376\377\000W\000h\000a\000t\000\040\000i\000s\000\040\000C\000l\000u\000s\000t\000e\000r\000i\000n\000g\000?}{}% 4
\BOOKMARK [2][-]{subsection.2.1}{\376\377\000I\000n\000f\000o\000r\000m\000a\000l\000\040\000D\000e\000f\000i\000n\000i\000t\000i\000o\000n}{section.2}% 5
\BOOKMARK [2][-]{subsection.2.2}{\376\377\000K\000e\000y\000\040\000C\000o\000n\000s\000i\000d\000e\000r\000a\000t\000i\000o\000n\000s}{section.2}% 6
\BOOKMARK [2][-]{subsection.2.3}{\376\377\000C\000l\000u\000s\000t\000e\000r\000\040\000D\000e\000f\000i\000n\000i\000t\000i\000o\000n\000:\000\040\000C\000o\000h\000e\000s\000i\000o\000n\000\040\000a\000n\000d\000\040\000S\000e\000p\000a\000r\000a\000t\000i\000o\000n}{section.2}% 7
\BOOKMARK [2][-]{subsection.2.4}{\376\377\000T\000h\000e\000\040\000C\000h\000a\000l\000l\000e\000n\000g\000e\000\040\000o\000f\000\040\000C\000l\000u\000s\000t\000e\000r\000\040\000I\000n\000t\000e\000r\000p\000r\000e\000t\000a\000t\000i\000o\000n}{section.2}% 8
\BOOKMARK [1][-]{section.3}{\376\377\000G\000r\000a\000p\000h\000i\000c\000a\000l\000\040\000C\000l\000u\000s\000t\000e\000r\000\040\000D\000e\000t\000e\000c\000t\000i\000o\000n}{}% 9
\BOOKMARK [2][-]{subsection.3.1}{\376\377\000V\000i\000s\000u\000a\000l\000i\000z\000a\000t\000i\000o\000n\000\040\000T\000e\000c\000h\000n\000i\000q\000u\000e\000s}{section.3}% 10
\BOOKMARK [2][-]{subsection.3.2}{\376\377\000C\000a\000s\000e\000\040\000S\000t\000u\000d\000y\000:\000\040\000A\000i\000r\000\040\000P\000o\000l\000l\000u\000t\000i\000o\000n\000\040\000D\000a\000t\000a}{section.3}% 11
\BOOKMARK [1][-]{section.4}{\376\377\000A\000p\000p\000l\000i\000c\000a\000t\000i\000o\000n\000s\000\040\000o\000f\000\040\000C\000l\000u\000s\000t\000e\000r\000i\000n\000g}{}% 12
\BOOKMARK [2][-]{subsection.4.1}{\376\377\000D\000a\000t\000a\000\040\000S\000u\000m\000m\000a\000r\000i\000z\000a\000t\000i\000o\000n}{section.4}% 13
\BOOKMARK [2][-]{subsection.4.2}{\376\377\000C\000u\000s\000t\000o\000m\000e\000r\000\040\000S\000e\000g\000m\000e\000n\000t\000a\000t\000i\000o\000n}{section.4}% 14
\BOOKMARK [2][-]{subsection.4.3}{\376\377\000S\000o\000c\000i\000a\000l\000\040\000N\000e\000t\000w\000o\000r\000k\000\040\000A\000n\000a\000l\000y\000s\000i\000s}{section.4}% 15
\BOOKMARK [2][-]{subsection.4.4}{\376\377\000P\000r\000e\000p\000r\000o\000c\000e\000s\000s\000i\000n\000g\000\040\000f\000o\000r\000\040\000O\000t\000h\000e\000r\000\040\000D\000a\000t\000a\000\040\000M\000i\000n\000i\000n\000g\000\040\000T\000a\000s\000k\000s}{section.4}% 16
\BOOKMARK [1][-]{section.5}{\376\377\000C\000o\000m\000p\000o\000n\000e\000n\000t\000s\000\040\000o\000f\000\040\000C\000l\000u\000s\000t\000e\000r\000i\000n\000g}{}% 17
\BOOKMARK [1][-]{section.6}{\376\377\000P\000r\000o\000x\000i\000m\000i\000t\000y\000\040\000M\000e\000a\000s\000u\000r\000e\000s}{}% 18
\BOOKMARK [2][-]{subsection.6.1}{\376\377\000T\000h\000e\000\040\000C\000o\000n\000c\000e\000p\000t\000\040\000o\000f\000\040\000P\000r\000o\000x\000i\000m\000i\000t\000y}{section.6}% 19
\BOOKMARK [2][-]{subsection.6.2}{\376\377\000D\000i\000s\000t\000a\000n\000c\000e\000\040\000M\000a\000t\000r\000i\000x\000\040\000f\000o\000r\000\040\000N\000u\000m\000e\000r\000i\000c\000a\000l\000\040\000D\000a\000t\000a}{section.6}% 20
\BOOKMARK [1][-]{section.7}{\376\377\000M\000a\000t\000h\000e\000m\000a\000t\000i\000c\000a\000l\000\040\000P\000r\000o\000p\000e\000r\000t\000i\000e\000s\000\040\000o\000f\000\040\000D\000i\000s\000t\000a\000n\000c\000e\000\040\000M\000e\000t\000r\000i\000c\000s}{}% 21
\BOOKMARK [2][-]{subsection.7.1}{\376\377\000T\000h\000e\000\040\000F\000o\000r\000m\000a\000l\000\040\000D\000e\000f\000i\000n\000i\000t\000i\000o\000n\000\040\000o\000f\000\040\000a\000\040\000M\000e\000t\000r\000i\000c}{section.7}% 22
\BOOKMARK [2][-]{subsection.7.2}{\376\377\000R\000e\000l\000a\000x\000e\000d\000\040\000D\000e\000f\000i\000n\000i\000t\000i\000o\000n\000s}{section.7}% 23
\BOOKMARK [2][-]{subsection.7.3}{\376\377\000U\000l\000t\000r\000a\000m\000e\000t\000r\000i\000c\000\040\000D\000i\000s\000t\000a\000n\000c\000e}{section.7}% 24
\BOOKMARK [1][-]{section.8}{\376\377\000L\000p\000\040\000N\000o\000r\000m\000\040\000D\000i\000s\000t\000a\000n\000c\000e\000s\000\040\000f\000o\000r\000\040\000N\000u\000m\000e\000r\000i\000c\000a\000l\000\040\000D\000a\000t\000a}{}% 25
\BOOKMARK [2][-]{subsection.8.1}{\376\377\000G\000e\000n\000e\000r\000a\000l\000\040\000L\000p\000\040\000N\000o\000r\000m}{section.8}% 26
\BOOKMARK [2][-]{subsection.8.2}{\376\377\000S\000p\000e\000c\000i\000a\000l\000\040\000C\000a\000s\000e\000s}{section.8}% 27
\BOOKMARK [3][-]{subsubsection.8.2.1}{\376\377\000L\0001\000:\000\040\000M\000a\000n\000h\000a\000t\000t\000a\000n\000\040\000\050\000C\000i\000t\000y\000-\000B\000l\000o\000c\000k\000\051\000\040\000D\000i\000s\000t\000a\000n\000c\000e}{subsection.8.2}% 28
\BOOKMARK [3][-]{subsubsection.8.2.2}{\376\377\000L\0002\000:\000\040\000E\000u\000c\000l\000i\000d\000e\000a\000n\000\040\000D\000i\000s\000t\000a\000n\000c\000e}{subsection.8.2}% 29
\BOOKMARK [3][-]{subsubsection.8.2.3}{\376\377\000L\000:\000\040\000C\000h\000e\000b\000y\000s\000h\000e\000v\000\040\000\050\000L\000a\000g\000r\000a\000n\000g\000i\000a\000n\000\051\000\040\000D\000i\000s\000t\000a\000n\000c\000e}{subsection.8.2}% 30
\BOOKMARK [3][-]{subsubsection.8.2.4}{\376\377\000F\000r\000a\000c\000t\000i\000o\000n\000a\000l\000\040\000N\000o\000r\000m\000s\000\040\000\050\0000\000\040\000<\000\040\000p\000\040\000<\000\040\0001\000\051\000\040\000a\000n\000d\000\040\000Z\000e\000r\000o\000\040\000N\000o\000r\000m\000\040\000\050\000p\000\040\000=\000\040\0000\000\051}{subsection.8.2}% 31
\BOOKMARK [2][-]{subsection.8.3}{\376\377\000G\000e\000o\000m\000e\000t\000r\000i\000c\000\040\000V\000i\000s\000u\000a\000l\000i\000z\000a\000t\000i\000o\000n}{section.8}% 32
\BOOKMARK [2][-]{subsection.8.4}{\376\377\000G\000e\000n\000e\000r\000a\000l\000i\000z\000e\000d\000\040\000L\000p\000\040\000N\000o\000r\000m\000\040\000w\000i\000t\000h\000\040\000W\000e\000i\000g\000h\000t\000s}{section.8}% 33
\BOOKMARK [2][-]{subsection.8.5}{\376\377\000N\000o\000r\000m\000a\000l\000i\000z\000e\000d\000\040\000E\000u\000c\000l\000i\000d\000e\000a\000n\000\040\000D\000i\000s\000t\000a\000n\000c\000e}{section.8}% 34
\BOOKMARK [1][-]{section.9}{\376\377\000P\000r\000o\000p\000e\000r\000t\000i\000e\000s\000\040\000o\000f\000\040\000L\000p\000\040\000N\000o\000r\000m\000s}{}% 35
\BOOKMARK [2][-]{subsection.9.1}{\376\377\000M\000o\000n\000o\000t\000o\000n\000i\000c\000i\000t\000y}{section.9}% 36
\BOOKMARK [2][-]{subsection.9.2}{\376\377\000T\000r\000a\000n\000s\000l\000a\000t\000i\000o\000n\000\040\000I\000n\000v\000a\000r\000i\000a\000n\000c\000e}{section.9}% 37
\BOOKMARK [2][-]{subsection.9.3}{\376\377\000S\000c\000a\000l\000e\000\040\000D\000e\000p\000e\000n\000d\000e\000n\000c\000y}{section.9}% 38
\BOOKMARK [2][-]{subsection.9.4}{\376\377\000R\000o\000t\000a\000t\000i\000o\000n\000\040\000I\000n\000v\000a\000r\000i\000a\000n\000c\000e\000\040\000o\000f\000\040\000E\000u\000c\000l\000i\000d\000e\000a\000n\000\040\000D\000i\000s\000t\000a\000n\000c\000e}{section.9}% 39
\BOOKMARK [1][-]{section.10}{\376\377\000D\000i\000s\000t\000a\000n\000c\000e\000\040\000I\000n\000d\000i\000c\000e\000s\000\040\000\050\000R\000e\000l\000a\000x\000e\000d\000\040\000M\000e\000t\000r\000i\000c\000s\000\051}{}% 40
\BOOKMARK [2][-]{subsection.10.1}{\376\377\000S\000q\000u\000a\000r\000e\000d\000\040\000E\000u\000c\000l\000i\000d\000e\000a\000n\000\040\000D\000i\000s\000t\000a\000n\000c\000e}{section.10}% 41
\BOOKMARK [2][-]{subsection.10.2}{\376\377\000R\000e\000l\000a\000t\000i\000o\000n\000s\000h\000i\000p\000\040\000t\000o\000\040\000C\000o\000r\000r\000e\000l\000a\000t\000i\000o\000n}{section.10}% 42
\BOOKMARK [1][-]{section.11}{\376\377\000M\000a\000h\000a\000l\000a\000n\000o\000b\000i\000s\000\040\000D\000i\000s\000t\000a\000n\000c\000e}{}% 43
\BOOKMARK [2][-]{subsection.11.1}{\376\377\000D\000e\000f\000i\000n\000i\000t\000i\000o\000n}{section.11}% 44
\BOOKMARK [2][-]{subsection.11.2}{\376\377\000I\000n\000t\000e\000r\000p\000r\000e\000t\000a\000t\000i\000o\000n\000\040\000a\000s\000\040\000N\000o\000r\000m\000a\000l\000i\000z\000e\000d\000\040\000E\000u\000c\000l\000i\000d\000e\000a\000n\000\040\000D\000i\000s\000t\000a\000n\000c\000e}{section.11}% 45
\BOOKMARK [2][-]{subsection.11.3}{\376\377\000K\000e\000y\000\040\000P\000r\000o\000p\000e\000r\000t\000i\000e\000s}{section.11}% 46
\BOOKMARK [2][-]{subsection.11.4}{\376\377\000P\000r\000a\000c\000t\000i\000c\000a\000l\000\040\000E\000x\000a\000m\000p\000l\000e}{section.11}% 47
\BOOKMARK [2][-]{subsection.11.5}{\376\377\000A\000p\000p\000l\000i\000c\000a\000t\000i\000o\000n\000\040\000i\000n\000\040\000P\000C\000A\000-\000b\000a\000s\000e\000d\000\040\000C\000l\000u\000s\000t\000e\000r\000i\000n\000g}{section.11}% 48
\BOOKMARK [1][-]{section.12}{\376\377\000S\000i\000m\000i\000l\000a\000r\000i\000t\000y\000\040\000I\000n\000d\000i\000c\000e\000s\000\040\000f\000o\000r\000\040\000C\000a\000t\000e\000g\000o\000r\000i\000c\000a\000l\000\040\000D\000a\000t\000a}{}% 49
\BOOKMARK [2][-]{subsection.12.1}{\376\377\000F\000o\000r\000m\000a\000l\000\040\000D\000e\000f\000i\000n\000i\000t\000i\000o\000n\000\040\000o\000f\000\040\000S\000i\000m\000i\000l\000a\000r\000i\000t\000y\000\040\000I\000n\000d\000e\000x}{section.12}% 50
\BOOKMARK [2][-]{subsection.12.2}{\376\377\000R\000e\000l\000a\000t\000i\000o\000n\000s\000h\000i\000p\000\040\000t\000o\000\040\000D\000i\000s\000t\000a\000n\000c\000e}{section.12}% 51
\BOOKMARK [2][-]{subsection.12.3}{\376\377\000A\000p\000p\000l\000i\000c\000a\000t\000i\000o\000n\000\040\000t\000o\000\040\000N\000u\000m\000e\000r\000i\000c\000a\000l\000\040\000D\000a\000t\000a}{section.12}% 52
\BOOKMARK [1][-]{section.13}{\376\377\000S\000i\000m\000i\000l\000a\000r\000i\000t\000y\000\040\000I\000n\000d\000i\000c\000e\000s\000\040\000f\000o\000r\000\040\000B\000o\000o\000l\000e\000a\000n\000\040\000\050\000B\000i\000n\000a\000r\000y\000\051\000\040\000D\000a\000t\000a}{}% 53
\BOOKMARK [2][-]{subsection.13.1}{\376\377\000C\000o\000n\000t\000i\000n\000g\000e\000n\000c\000y\000\040\000T\000a\000b\000l\000e}{section.13}% 54
\BOOKMARK [2][-]{subsection.13.2}{\376\377\000C\000o\000m\000m\000o\000n\000\040\000S\000i\000m\000i\000l\000a\000r\000i\000t\000y\000\040\000C\000o\000e\000f\000f\000i\000c\000i\000e\000n\000t\000s}{section.13}% 55
\BOOKMARK [3][-]{subsubsection.13.2.1}{\376\377\000R\000u\000s\000s\000e\000l\000l\000\040\000a\000n\000d\000\040\000R\000a\000o\000\040\000I\000n\000d\000e\000x}{subsection.13.2}% 56
\BOOKMARK [3][-]{subsubsection.13.2.2}{\376\377\000J\000a\000c\000c\000a\000r\000d\000\040\000C\000o\000e\000f\000f\000i\000c\000i\000e\000n\000t}{subsection.13.2}% 57
\BOOKMARK [3][-]{subsubsection.13.2.3}{\376\377\000S\000o\000k\000a\000l\000-\000M\000i\000c\000h\000e\000n\000e\000r\000\040\000\050\000S\000i\000m\000p\000l\000e\000\040\000M\000a\000t\000c\000h\000i\000n\000g\000\051\000\040\000C\000o\000e\000f\000f\000i\000c\000i\000e\000n\000t}{subsection.13.2}% 58
\BOOKMARK [2][-]{subsection.13.3}{\376\377\000O\000r\000d\000e\000r\000i\000n\000g\000\040\000o\000f\000\040\000C\000o\000e\000f\000f\000i\000c\000i\000e\000n\000t\000s}{section.13}% 59
\BOOKMARK [2][-]{subsection.13.4}{\376\377\000S\000h\000o\000u\000l\000d\000\040\000C\000o\000-\000A\000b\000s\000e\000n\000c\000e\000s\000\040\000B\000e\000\040\000C\000o\000n\000s\000i\000d\000e\000r\000e\000d\000?}{section.13}% 60
\BOOKMARK [2][-]{subsection.13.5}{\376\377\000O\000t\000h\000e\000r\000\040\000B\000i\000n\000a\000r\000y\000\040\000S\000i\000m\000i\000l\000a\000r\000i\000t\000y\000\040\000M\000e\000a\000s\000u\000r\000e\000s}{section.13}% 61
\BOOKMARK [2][-]{subsection.13.6}{\376\377\000M\000o\000n\000o\000t\000o\000n\000i\000c\000\040\000R\000e\000l\000a\000t\000i\000o\000n\000s\000h\000i\000p\000s}{section.13}% 62
\BOOKMARK [2][-]{subsection.13.7}{\376\377\000N\000u\000m\000e\000r\000i\000c\000a\000l\000\040\000E\000x\000a\000m\000p\000l\000e}{section.13}% 63
\BOOKMARK [1][-]{section.14}{\376\377\000S\000i\000m\000i\000l\000a\000r\000i\000t\000y\000\040\000M\000e\000a\000s\000u\000r\000e\000s\000\040\000f\000o\000r\000\040\000M\000u\000l\000t\000i\000-\000C\000a\000t\000e\000g\000o\000r\000y\000\040\000C\000a\000t\000e\000g\000o\000r\000i\000c\000a\000l\000\040\000D\000a\000t\000a}{}% 64
\BOOKMARK [2][-]{subsection.14.1}{\376\377\000M\000e\000t\000h\000o\000d\000\040\0001\000:\000\040\000O\000n\000e\000-\000H\000o\000t\000\040\000E\000n\000c\000o\000d\000i\000n\000g}{section.14}% 65
\BOOKMARK [2][-]{subsection.14.2}{\376\377\000M\000e\000t\000h\000o\000d\000\040\0002\000:\000\040\000S\000i\000m\000p\000l\000e\000\040\000M\000a\000t\000c\000h\000i\000n\000g\000\040\000o\000n\000\040\000O\000r\000i\000g\000i\000n\000a\000l\000\040\000V\000a\000r\000i\000a\000b\000l\000e\000s}{section.14}% 66
\BOOKMARK [2][-]{subsection.14.3}{\376\377\000M\000e\000t\000h\000o\000d\000\040\0003\000:\000\040\000S\000u\000b\000s\000e\000t\000-\000B\000a\000s\000e\000d\000\040\000S\000i\000m\000i\000l\000a\000r\000i\000t\000y}{section.14}% 67
\BOOKMARK [2][-]{subsection.14.4}{\376\377\000N\000u\000m\000e\000r\000i\000c\000a\000l\000\040\000E\000x\000a\000m\000p\000l\000e}{section.14}% 68
\BOOKMARK [1][-]{section.15}{\376\377\000G\000o\000w\000e\000r\000'\000s\000\040\000G\000e\000n\000e\000r\000a\000l\000\040\000S\000i\000m\000i\000l\000a\000r\000i\000t\000y\000\040\000M\000e\000a\000s\000u\000r\000e\000\040\000f\000o\000r\000\040\000M\000i\000x\000e\000d\000\040\000D\000a\000t\000a}{}% 69
\BOOKMARK [2][-]{subsection.15.1}{\376\377\000D\000e\000f\000i\000n\000i\000t\000i\000o\000n}{section.15}% 70
\BOOKMARK [2][-]{subsection.15.2}{\376\377\000V\000a\000r\000i\000a\000b\000l\000e\000-\000S\000p\000e\000c\000i\000f\000i\000c\000\040\000S\000i\000m\000i\000l\000a\000r\000i\000t\000i\000e\000s}{section.15}% 71
\BOOKMARK [3][-]{subsubsection.15.2.1}{\376\377\000F\000o\000r\000\040\000B\000i\000n\000a\000r\000y\000\040\000a\000n\000d\000\040\000M\000u\000l\000t\000i\000-\000C\000a\000t\000e\000g\000o\000r\000y\000\040\000C\000a\000t\000e\000g\000o\000r\000i\000c\000a\000l\000\040\000V\000a\000r\000i\000a\000b\000l\000e\000s}{subsection.15.2}% 72
\BOOKMARK [3][-]{subsubsection.15.2.2}{\376\377\000F\000o\000r\000\040\000C\000o\000n\000t\000i\000n\000u\000o\000u\000s\000\040\000V\000a\000r\000i\000a\000b\000l\000e\000s}{subsection.15.2}% 73
\BOOKMARK [2][-]{subsection.15.3}{\376\377\000P\000r\000o\000p\000e\000r\000t\000i\000e\000s\000\040\000o\000f\000\040\000G\000o\000w\000e\000r\000'\000s\000\040\000I\000n\000d\000e\000x}{section.15}% 74
\BOOKMARK [2][-]{subsection.15.4}{\376\377\000C\000o\000m\000p\000r\000e\000h\000e\000n\000s\000i\000v\000e\000\040\000N\000u\000m\000e\000r\000i\000c\000a\000l\000\040\000E\000x\000a\000m\000p\000l\000e}{section.15}% 75
\BOOKMARK [1][-]{section.16}{\376\377\000F\000r\000o\000m\000\040\000S\000i\000m\000i\000l\000a\000r\000i\000t\000y\000\040\000t\000o\000\040\000D\000i\000s\000t\000a\000n\000c\000e}{}% 76
\BOOKMARK [2][-]{subsection.16.1}{\376\377\000M\000e\000t\000h\000o\000d\000\040\0001\000:\000\040\000D\000i\000r\000e\000c\000t\000\040\000C\000o\000m\000p\000l\000e\000m\000e\000n\000t}{section.16}% 77
\BOOKMARK [2][-]{subsection.16.2}{\376\377\000M\000e\000t\000h\000o\000d\000\040\0002\000:\000\040\000P\000o\000w\000e\000r\000\040\000a\000n\000d\000\040\000A\000d\000d\000i\000t\000i\000v\000e\000\040\000T\000r\000a\000n\000s\000f\000o\000r\000m\000a\000t\000i\000o\000n\000s}{section.16}% 78
\BOOKMARK [2][-]{subsection.16.3}{\376\377\000P\000r\000a\000c\000t\000i\000c\000a\000l\000\040\000C\000o\000n\000s\000i\000d\000e\000r\000a\000t\000i\000o\000n}{section.16}% 79
\BOOKMARK [1][-]{section.17}{\376\377\000F\000i\000n\000a\000l\000\040\000R\000e\000m\000a\000r\000k\000s\000\040\000o\000n\000\040\000D\000i\000s\000t\000a\000n\000c\000e\000\040\000M\000e\000a\000s\000u\000r\000e\000s}{}% 80
\BOOKMARK [2][-]{subsection.17.1}{\376\377\000M\000e\000a\000s\000u\000r\000e\000m\000e\000n\000t\000\040\000S\000c\000a\000l\000e\000\040\000o\000f\000\040\000D\000i\000s\000t\000a\000n\000c\000e\000s}{section.17}% 81
\BOOKMARK [2][-]{subsection.17.2}{\376\377\000O\000b\000j\000e\000c\000t\000i\000v\000e\000\040\000E\000v\000a\000l\000u\000a\000t\000i\000o\000n\000\040\000o\000f\000\040\000D\000i\000s\000t\000a\000n\000c\000e\000s}{section.17}% 82
\BOOKMARK [2][-]{subsection.17.3}{\376\377\000T\000h\000e\000\040\000A\000r\000t\000\040\000o\000f\000\040\000C\000h\000o\000o\000s\000i\000n\000g\000\040\000a\000\040\000D\000i\000s\000t\000a\000n\000c\000e\000\040\000M\000e\000a\000s\000u\000r\000e}{section.17}% 83
\BOOKMARK [1][-]{section.18}{\376\377\000S\000u\000m\000m\000a\000r\000y\000\040\000a\000n\000d\000\040\000L\000o\000o\000k\000i\000n\000g\000\040\000F\000o\000r\000w\000a\000r\000d}{}% 84
\BOOKMARK [2][-]{subsection.18.1}{\376\377\000S\000t\000u\000d\000e\000n\000t\000s\000,\000\040\000C\000l\000a\000s\000s\000e\000s\000,\000\040\000a\000n\000d\000\040\000M\000a\000j\000o\000r\000s}{section.18}% 85
\BOOKMARK [3][-]{subsubsection.18.1.1}{\376\377\000P\000r\000o\000b\000l\000e\000m\000\040\000S\000t\000a\000t\000e\000m\000e\000n\000t}{subsection.18.1}% 86
\BOOKMARK [3][-]{subsubsection.18.1.2}{\376\377\000S\000o\000l\000u\000t\000i\000o\000n}{subsection.18.1}% 87
\BOOKMARK [3][-]{subsubsection.18.1.3}{\376\377\000S\000u\000m\000m\000a\000r\000y}{subsection.18.1}% 88
