\BOOKMARK [1][-]{section.1}{\376\377\000S\000t\000a\000t\000i\000s\000t\000i\000c\000a\000l\000\040\000I\000n\000f\000e\000r\000e\000n\000c\000e\000:\000\040\000E\000s\000t\000i\000m\000a\000t\000i\000o\000n}{}% 1
\BOOKMARK [2][-]{subsection.1.1}{\376\377\000I\000n\000t\000r\000o\000d\000u\000c\000t\000i\000o\000n\000\040\000t\000o\000\040\000S\000t\000a\000t\000i\000s\000t\000i\000c\000a\000l\000\040\000I\000n\000f\000e\000r\000e\000n\000c\000e}{section.1}% 2
\BOOKMARK [3][-]{subsubsection.1.1.1}{\376\377\000B\000r\000a\000n\000c\000h\000e\000s\000\040\000o\000f\000\040\000I\000n\000f\000e\000r\000e\000n\000c\000e}{subsection.1.1}% 3
\BOOKMARK [3][-]{subsubsection.1.1.2}{\376\377\000F\000r\000e\000q\000u\000e\000n\000t\000i\000s\000t\000\040\000v\000s\000.\000\040\000B\000a\000y\000e\000s\000i\000a\000n\000\040\000S\000t\000a\000t\000i\000s\000t\000i\000c\000s}{subsection.1.1}% 4
\BOOKMARK [2][-]{subsection.1.2}{\376\377\000F\000u\000n\000d\000a\000m\000e\000n\000t\000a\000l\000\040\000C\000o\000n\000c\000e\000p\000t\000s\000\040\000o\000f\000\040\000E\000s\000t\000i\000m\000a\000t\000i\000o\000n}{section.1}% 5
\BOOKMARK [3][-]{subsubsection.1.2.1}{\376\377\000E\000s\000t\000i\000m\000a\000t\000o\000r\000\040\000v\000s\000.\000\040\000E\000s\000t\000i\000m\000a\000t\000e}{subsection.1.2}% 6
\BOOKMARK [3][-]{subsubsection.1.2.2}{\376\377\000T\000h\000e\000\040\000S\000a\000m\000p\000l\000i\000n\000g\000\040\000D\000i\000s\000t\000r\000i\000b\000u\000t\000i\000o\000n}{subsection.1.2}% 7
\BOOKMARK [3][-]{subsubsection.1.2.3}{\376\377\000M\000e\000a\000s\000u\000r\000i\000n\000g\000\040\000Q\000u\000a\000l\000i\000t\000y\000:\000\040\000M\000e\000a\000n\000\040\000S\000q\000u\000a\000r\000e\000d\000\040\000E\000r\000r\000o\000r\000\040\000\050\000M\000S\000E\000\051}{subsection.1.2}% 8
\BOOKMARK [3][-]{subsubsection.1.2.4}{\376\377\000T\000h\000e\000\040\000G\000o\000l\000d\000e\000n\000\040\000R\000u\000l\000e\000:\000\040\000B\000i\000a\000s\000-\000V\000a\000r\000i\000a\000n\000c\000e\000\040\000D\000e\000c\000o\000m\000p\000o\000s\000i\000t\000i\000o\000n}{subsection.1.2}% 9
\BOOKMARK [3][-]{subsubsection.1.2.5}{\376\377\000B\000L\000U\000E\000\040\000\050\000B\000e\000s\000t\000\040\000L\000i\000n\000e\000a\000r\000\040\000U\000n\000b\000i\000a\000s\000e\000d\000\040\000E\000s\000t\000i\000m\000a\000t\000o\000r\000\051}{subsection.1.2}% 10
\BOOKMARK [3][-]{subsubsection.1.2.6}{\376\377\000U\000M\000V\000U\000E\000\040\000\050\000U\000n\000i\000f\000o\000r\000m\000l\000y\000\040\000M\000i\000n\000i\000m\000u\000m\000\040\000V\000a\000r\000i\000a\000n\000c\000e\000\040\000U\000n\000b\000i\000a\000s\000e\000d\000\040\000E\000s\000t\000i\000m\000a\000t\000o\000r\000\051}{subsection.1.2}% 11
\BOOKMARK [2][-]{subsection.1.3}{\376\377\000C\000o\000m\000m\000o\000n\000\040\000E\000s\000t\000i\000m\000a\000t\000o\000r\000s}{section.1}% 12
\BOOKMARK [3][-]{subsubsection.1.3.1}{\376\377\000S\000a\000m\000p\000l\000e\000\040\000M\000e\000a\000n}{subsection.1.3}% 13
\BOOKMARK [3][-]{subsubsection.1.3.2}{\376\377\000S\000a\000m\000p\000l\000e\000\040\000P\000r\000o\000p\000o\000r\000t\000i\000o\000n}{subsection.1.3}% 14
\BOOKMARK [3][-]{subsubsection.1.3.3}{\376\377\000S\000a\000m\000p\000l\000e\000\040\000V\000a\000r\000i\000a\000n\000c\000e\000\040\000\050\000n\000\040\000v\000s\000\040\000n\000-\0001\000\051}{subsection.1.3}% 15
\BOOKMARK [2][-]{subsection.1.4}{\376\377\000A\000s\000y\000m\000p\000t\000o\000t\000i\000c\000\040\000P\000r\000o\000p\000e\000r\000t\000i\000e\000s\000\040\000o\000f\000\040\000E\000s\000t\000i\000m\000a\000t\000o\000r\000s\000\040\000\050\000L\000a\000r\000g\000e\000\040\000S\000a\000m\000p\000l\000e\000s\000\051}{section.1}% 16
\BOOKMARK [3][-]{subsubsection.1.4.1}{\376\377\000T\000h\000e\000\040\000L\000a\000w\000\040\000o\000f\000\040\000L\000a\000r\000g\000e\000\040\000N\000u\000m\000b\000e\000r\000s\000\040\000\050\000L\000L\000N\000\051}{subsection.1.4}% 17
\BOOKMARK [2][-]{subsection.1.5}{\376\377\000L\000i\000m\000i\000t\000\040\000T\000h\000e\000o\000r\000e\000m\000s}{section.1}% 18
\BOOKMARK [3][-]{subsubsection.1.5.1}{\376\377\000T\000h\000e\000\040\000C\000e\000n\000t\000r\000a\000l\000\040\000L\000i\000m\000i\000t\000\040\000T\000h\000e\000o\000r\000e\000m\000\040\000\050\000C\000L\000T\000\051}{subsection.1.5}% 19
\BOOKMARK [3][-]{subsubsection.1.5.2}{\376\377\000D\000e\000\040\000M\000o\000i\000v\000r\000e\000-\000L\000a\000p\000l\000a\000c\000e\000\040\000T\000h\000e\000o\000r\000e\000m\000\040\000\050\000C\000L\000T\000\040\000f\000o\000r\000\040\000P\000r\000o\000p\000o\000r\000t\000i\000o\000n\000s\000\051}{subsection.1.5}% 20
\BOOKMARK [2][-]{subsection.1.6}{\376\377\000T\000h\000e\000\040\000T\000i\000t\000a\000n\000s\000\040\000o\000f\000\040\000E\000s\000t\000i\000m\000a\000t\000i\000o\000n\000:\000\040\000L\000S\000E\000\040\000v\000s\000.\000\040\000M\000L\000E}{section.1}% 21
\BOOKMARK [3][-]{subsubsection.1.6.1}{\376\377\000L\000e\000a\000s\000t\000\040\000S\000q\000u\000a\000r\000e\000s\000\040\000E\000s\000t\000i\000m\000a\000t\000i\000o\000n\000\040\000\050\000L\000S\000E\000\051}{subsection.1.6}% 22
\BOOKMARK [3][-]{subsubsection.1.6.2}{\376\377\000M\000a\000x\000i\000m\000u\000m\000\040\000L\000i\000k\000e\000l\000i\000h\000o\000o\000d\000\040\000E\000s\000t\000i\000m\000a\000t\000i\000o\000n\000\040\000\050\000M\000L\000E\000\051}{subsection.1.6}% 23
\BOOKMARK [3][-]{subsubsection.1.6.3}{\376\377\000F\000i\000s\000h\000e\000r\000\040\000I\000n\000f\000o\000r\000m\000a\000t\000i\000o\000n}{subsection.1.6}% 24
\BOOKMARK [2][-]{subsection.1.7}{\376\377\000C\000o\000n\000f\000i\000d\000e\000n\000c\000e\000\040\000I\000n\000t\000e\000r\000v\000a\000l\000s}{section.1}% 25
\BOOKMARK [3][-]{subsubsection.1.7.1}{\376\377\000T\000h\000e\000\040\000Z\000-\000I\000n\000t\000e\000r\000v\000a\000l\000\040\000\050\000K\000n\000o\000w\000n\000\040\000V\000a\000r\000i\000a\000n\000c\000e\000\040\000o\000r\000\040\000L\000a\000r\000g\000e\000\040\000S\000a\000m\000p\000l\000e\000\051}{subsection.1.7}% 26
\BOOKMARK [3][-]{subsubsection.1.7.2}{\376\377\000T\000h\000e\000\040\000T\000-\000I\000n\000t\000e\000r\000v\000a\000l\000\040\000\050\000U\000n\000k\000n\000o\000w\000n\000\040\000V\000a\000r\000i\000a\000n\000c\000e\000\040\000\046\000\040\000S\000m\000a\000l\000l\000\040\000S\000a\000m\000p\000l\000e\000\051}{subsection.1.7}% 27
\BOOKMARK [3][-]{subsubsection.1.7.3}{\376\377\000C\000o\000n\000f\000i\000d\000e\000n\000c\000e\000\040\000I\000n\000t\000e\000r\000v\000a\000l\000s\000\040\000f\000o\000r\000\040\000t\000h\000e\000\040\000V\000a\000r\000i\000a\000n\000c\000e}{subsection.1.7}% 28
