\BOOKMARK [1][-]{section.1}{\376\377\000S\000t\000a\000t\000i\000s\000t\000i\000c\000a\000l\000\040\000L\000e\000a\000r\000n\000i\000n\000g\000\040\000I\000n\000t\000r\000o\000d\000u\000c\000t\000i\000o\000n}{}% 1
\BOOKMARK [2][-]{subsection.1.1}{\376\377\000T\000h\000e\000\040\000S\000t\000a\000t\000i\000s\000t\000i\000c\000a\000l\000\040\000L\000e\000a\000r\000n\000i\000n\000g\000\040\000P\000i\000p\000e\000l\000i\000n\000e}{section.1}% 2
\BOOKMARK [3][-]{subsubsection.1.1.1}{\376\377\000S\000t\000a\000g\000e\000\040\0001\000:\000\040\000U\000n\000d\000e\000r\000s\000t\000a\000n\000d\000i\000n\000g\000\040\000t\000h\000e\000\040\000R\000e\000a\000l\000\040\000W\000o\000r\000l\000d\000\040\000C\000o\000n\000t\000e\000x\000t}{subsection.1.1}% 3
\BOOKMARK [3][-]{subsubsection.1.1.2}{\376\377\000S\000t\000a\000g\000e\000\040\0002\000:\000\040\000D\000a\000t\000a\000\040\000U\000n\000d\000e\000r\000s\000t\000a\000n\000d\000i\000n\000g\000\040\000a\000n\000d\000\040\000P\000r\000e\000p\000a\000r\000a\000t\000i\000o\000n}{subsection.1.1}% 4
\BOOKMARK [3][-]{subsubsection.1.1.3}{\376\377\000S\000t\000a\000g\000e\000\040\0003\000:\000\040\000E\000x\000p\000l\000o\000r\000a\000t\000o\000r\000y\000\040\000D\000a\000t\000a\000\040\000A\000n\000a\000l\000y\000s\000i\000s\000\040\000\050\000E\000D\000A\000\051}{subsection.1.1}% 5
\BOOKMARK [3][-]{subsubsection.1.1.4}{\376\377\000C\000l\000a\000r\000i\000f\000y\000i\000n\000g\000\040\000T\000e\000r\000m\000i\000n\000o\000l\000o\000g\000y}{subsection.1.1}% 6
\BOOKMARK [3][-]{subsubsection.1.1.5}{\376\377\000S\000t\000a\000g\000e\000\040\0004\000:\000\040\000M\000o\000d\000e\000l\000i\000n\000g\000\040\000a\000n\000d\000\040\000I\000n\000f\000e\000r\000e\000n\000c\000e\000\040\000\050\000C\000o\000n\000f\000i\000r\000m\000a\000t\000o\000r\000y\000\040\000A\000n\000a\000l\000y\000s\000i\000s\000\051}{subsection.1.1}% 7
\BOOKMARK [3][-]{subsubsection.1.1.6}{\376\377\000S\000t\000a\000g\000e\000\040\0005\000:\000\040\000P\000r\000e\000d\000i\000c\000t\000i\000o\000n}{subsection.1.1}% 8
\BOOKMARK [3][-]{subsubsection.1.1.7}{\376\377\000S\000t\000a\000g\000e\000\040\0006\000:\000\040\000I\000n\000t\000e\000r\000v\000e\000n\000t\000i\000o\000n\000\040\000S\000t\000r\000a\000t\000e\000g\000y\000\040\000\050\000A\000c\000t\000i\000o\000n\000a\000b\000l\000e\000\040\000I\000n\000s\000i\000g\000h\000t\000s\000\051}{subsection.1.1}% 9
\BOOKMARK [1][-]{section.2}{\376\377\000D\000a\000t\000a\000\040\000P\000r\000e\000p\000a\000r\000a\000t\000i\000o\000n}{}% 10
\BOOKMARK [2][-]{subsection.2.1}{\376\377\000T\000h\000e\000\040\000F\000u\000n\000d\000a\000m\000e\000n\000t\000a\000l\000\040\000P\000r\000i\000n\000c\000i\000p\000l\000e}{section.2}% 11
\BOOKMARK [3][-]{subsubsection.2.1.1}{\376\377\000R\000e\000a\000l\000-\000W\000o\000r\000l\000d\000\040\000D\000a\000t\000a\000\040\000C\000h\000a\000l\000l\000e\000n\000g\000e\000s\000:\000\040\000A\000\040\000M\000a\000r\000k\000e\000t\000i\000n\000g\000\040\000E\000x\000a\000m\000p\000l\000e}{subsection.2.1}% 12
\BOOKMARK [2][-]{subsection.2.2}{\376\377\000D\000a\000t\000a\000\040\000Q\000u\000a\000l\000i\000t\000y\000\040\000D\000i\000m\000e\000n\000s\000i\000o\000n\000s}{section.2}% 13
\BOOKMARK [2][-]{subsection.2.3}{\376\377\000D\000a\000t\000a\000\040\000P\000r\000e\000p\000a\000r\000a\000t\000i\000o\000n\000\040\000-\000\040\000M\000a\000i\000n\000\040\000S\000t\000e\000p\000s}{section.2}% 14
\BOOKMARK [3][-]{subsubsection.2.3.1}{\376\377\000T\000h\000e\000\040\0008\000\040\000B\000a\000s\000i\000c\000\040\000I\000s\000s\000u\000e\000s\000\040\000i\000n\000\040\000D\000a\000t\000a\000\040\000P\000r\000e\000p\000a\000r\000a\000t\000i\000o\000n}{subsection.2.3}% 15
\BOOKMARK [2][-]{subsection.2.4}{\376\377\000D\000a\000t\000a\000\040\000T\000r\000a\000n\000s\000f\000o\000r\000m\000a\000t\000i\000o\000n\000\040\000T\000y\000p\000e\000s}{section.2}% 16
\BOOKMARK [3][-]{subsubsection.2.4.1}{\376\377\000N\000o\000r\000m\000a\000l\000i\000z\000a\000t\000i\000o\000n\000\040\000\050\000S\000c\000a\000l\000i\000n\000g\000\051}{subsection.2.4}% 17
\BOOKMARK [3][-]{subsubsection.2.4.2}{\376\377\000D\000i\000s\000c\000r\000e\000t\000i\000z\000a\000t\000i\000o\000n\000\040}{subsection.2.4}% 18
\BOOKMARK [3][-]{subsubsection.2.4.3}{\376\377\000R\000e\000c\000o\000d\000i\000n\000g\000,\000\040\000F\000e\000a\000t\000u\000r\000e\000\040\000C\000o\000n\000s\000t\000r\000u\000c\000t\000i\000o\000n\000,\000\040\000a\000n\000d\000\040\000A\000g\000g\000r\000e\000g\000a\000t\000i\000o\000n}{subsection.2.4}% 19
\BOOKMARK [3][-]{subsubsection.2.4.4}{\376\377\000C\000a\000t\000e\000g\000o\000r\000i\000c\000a\000l\000\040\000t\000o\000\040\000N\000u\000m\000e\000r\000i\000c\000\040\000T\000r\000a\000n\000s\000f\000o\000r\000m\000a\000t\000i\000o\000n\000s\000\040\000\050\000E\000n\000c\000o\000d\000i\000n\000g\000\051}{subsection.2.4}% 20
\BOOKMARK [3][-]{subsubsection.2.4.5}{\376\377\000T\000e\000x\000t\000\040\000t\000o\000\040\000N\000u\000m\000e\000r\000i\000c\000\040\000D\000a\000t\000a\000\040\000\050\000N\000L\000P\000\040\000B\000a\000s\000i\000c\000s\000\051}{subsection.2.4}% 21
\BOOKMARK [2][-]{subsection.2.5}{\376\377\000D\000a\000t\000a\000\040\000C\000l\000e\000a\000n\000i\000n\000g\000:\000\040\000H\000a\000n\000d\000l\000i\000n\000g\000\040\000M\000i\000s\000s\000i\000n\000g\000\040\000a\000n\000d\000\040\000I\000n\000c\000o\000r\000r\000e\000c\000t\000\040\000D\000a\000t\000a}{section.2}% 22
\BOOKMARK [1][-]{section.3}{\376\377\000D\000a\000t\000a\000\040\000P\000r\000e\000p\000a\000r\000a\000t\000i\000o\000n\000\040\000E\000x\000e\000r\000c\000i\000s\000e}{}% 23
\BOOKMARK [2][-]{subsection.3.1}{\376\377\000E\000x\000e\000r\000c\000i\000s\000e\000\040\0001\000\040\000-\000\040\000F\000i\000r\000s\000t\000\040\000D\000a\000t\000a\000\040\000A\000u\000d\000i\000t}{section.3}% 24
\BOOKMARK [3][-]{subsubsection.3.1.1}{\376\377\000O\000u\000t\000p\000u\000t\000\040\000o\000f\000\040\000t\000h\000e\000\040\000F\000i\000r\000s\000t\000\040\000D\000a\000t\000a\000\040\000A\000u\000d\000i\000t}{subsection.3.1}% 25
\BOOKMARK [2][-]{subsection.3.2}{\376\377\000E\000x\000e\000r\000c\000i\000s\000e\000\040\0002\000\040\000-\000\040\000D\000e\000t\000e\000c\000t\000i\000n\000g\000\040\000a\000n\000d\000\040\000C\000o\000u\000n\000t\000i\000n\000g\000\040\000M\000i\000s\000s\000i\000n\000g\000\040\000V\000a\000l\000u\000e\000s}{section.3}% 26
\BOOKMARK [3][-]{subsubsection.3.2.1}{\376\377\000O\000u\000t\000p\000u\000t\000\040\000o\000f\000\040\000M\000i\000s\000s\000i\000n\000g\000\040\000V\000a\000l\000u\000e\000\040\000D\000e\000t\000e\000c\000t\000i\000o\000n}{subsection.3.2}% 27
\BOOKMARK [2][-]{subsection.3.3}{\376\377\000E\000x\000e\000r\000c\000i\000s\000e\000\040\0003\000\040\000-\000\040\000D\000e\000t\000e\000c\000t\000i\000n\000g\000\040\000I\000n\000c\000o\000n\000s\000i\000s\000t\000e\000n\000t\000\040\000C\000a\000t\000e\000g\000o\000r\000i\000e\000s\000\040\000i\000n\000\040\000t\000h\000e\000\040\000c\000i\000t\000y\000\040\000C\000o\000l\000u\000m\000n}{section.3}% 28
\BOOKMARK [3][-]{subsubsection.3.3.1}{\376\377\000O\000u\000t\000p\000u\000t\000\040\000o\000f\000\040\000C\000a\000t\000e\000g\000o\000r\000y\000\040\000C\000o\000n\000s\000i\000s\000t\000e\000n\000c\000y\000\040\000C\000h\000e\000c\000k}{subsection.3.3}% 29
\BOOKMARK [2][-]{subsection.3.4}{\376\377\000E\000x\000e\000r\000c\000i\000s\000e\000\040\0004\000\040\000-\000\040\000C\000l\000e\000a\000n\000i\000n\000g\000\040\000a\000n\000d\000\040\000S\000t\000a\000n\000d\000a\000r\000d\000i\000z\000i\000n\000g\000\040\000t\000h\000e\000\040\000c\000i\000t\000y\000\040\000C\000o\000l\000u\000m\000n}{section.3}% 30
\BOOKMARK [3][-]{subsubsection.3.4.1}{\376\377\000O\000u\000t\000p\000u\000t\000\040\000o\000f\000\040\000C\000l\000e\000a\000n\000i\000n\000g}{subsection.3.4}% 31
\BOOKMARK [2][-]{subsection.3.5}{\376\377\000E\000x\000e\000r\000c\000i\000s\000e\000\040\0005\000\040\000-\000\040\000D\000e\000t\000e\000c\000t\000i\000n\000g\000\040\000S\000u\000s\000p\000i\000c\000i\000o\000u\000s\000\040\000N\000u\000m\000e\000r\000i\000c\000a\000l\000\040\000V\000a\000l\000u\000e\000s\000\040\000a\000n\000d\000\040\000O\000u\000t\000l\000i\000e\000r\000s}{section.3}% 32
\BOOKMARK [3][-]{subsubsection.3.5.1}{\376\377\000O\000u\000t\000p\000u\000t\000\040\000o\000f\000\040\000O\000u\000t\000l\000i\000e\000r\000\040\000D\000e\000t\000e\000c\000t\000i\000o\000n}{subsection.3.5}% 33
\BOOKMARK [2][-]{subsection.3.6}{\376\377\000E\000x\000e\000r\000c\000i\000s\000e\000\040\0006\000\040\000-\000\040\000Q\000u\000a\000n\000t\000i\000f\000y\000i\000n\000g\000\040\000O\000u\000t\000l\000i\000e\000r\000s\000\040\000w\000i\000t\000h\000\040\000t\000h\000e\000\040\000I\000Q\000R\000\040\000M\000e\000t\000h\000o\000d}{section.3}% 34
\BOOKMARK [3][-]{subsubsection.3.6.1}{\376\377\000O\000u\000t\000p\000u\000t\000\040\000o\000f\000\040\000I\000Q\000R\000\040\000O\000u\000t\000l\000i\000e\000r\000\040\000D\000e\000t\000e\000c\000t\000i\000o\000n}{subsection.3.6}% 35
\BOOKMARK [2][-]{subsection.3.7}{\376\377\000E\000x\000e\000r\000c\000i\000s\000e\000\040\0007\000\040\000-\000\040\000C\000o\000m\000p\000a\000r\000i\000n\000g\000\040\000M\000e\000a\000n\000\040\000a\000n\000d\000\040\000M\000e\000d\000i\000a\000n\000\040\000f\000o\000r\000\040\000a\000\040\000S\000k\000e\000w\000e\000d\000\040\000V\000a\000r\000i\000a\000b\000l\000e}{section.3}% 36
\BOOKMARK [3][-]{subsubsection.3.7.1}{\376\377\000O\000u\000t\000p\000u\000t\000\040\000o\000f\000\040\000C\000o\000m\000p\000a\000r\000i\000n\000g\000\040\000M\000e\000a\000n\000\040\000a\000n\000d\000\040\000M\000e\000d\000i\000a\000n}{subsection.3.7}% 37
\BOOKMARK [2][-]{subsection.3.8}{\376\377\000E\000x\000e\000r\000c\000i\000s\000e\000\040\0008\000\040\000\046\000\040\0009\000\040\000-\000\040\000M\000e\000d\000i\000a\000n\000\040\000I\000m\000p\000u\000t\000a\000t\000i\000o\000n\000\040\000a\000n\000d\000\040\000B\000i\000n\000a\000r\000y\000\040\000E\000n\000c\000o\000d\000i\000n\000g}{section.3}% 38
\BOOKMARK [3][-]{subsubsection.3.8.1}{\376\377\000O\000u\000t\000p\000u\000t\000\040\000o\000f\000\040\000E\000n\000c\000o\000d\000i\000n\000g}{subsection.3.8}% 39
\BOOKMARK [1][-]{section.4}{\376\377\000D\000a\000t\000a\000\040\000D\000e\000s\000c\000r\000i\000p\000t\000i\000o\000n}{}% 40
\BOOKMARK [2][-]{subsection.4.1}{\376\377\000T\000h\000e\000\040\000R\000o\000l\000e\000\040\000o\000f\000\040\000D\000e\000s\000c\000r\000i\000p\000t\000i\000v\000e\000\040\000S\000t\000a\000t\000i\000s\000t\000i\000c\000s}{section.4}% 41
\BOOKMARK [2][-]{subsection.4.2}{\376\377\000D\000a\000t\000a\000\040\000C\000l\000a\000s\000s\000i\000f\000i\000c\000a\000t\000i\000o\000n}{section.4}% 42
\BOOKMARK [3][-]{subsubsection.4.2.1}{\376\377\000U\000n\000i\000t\000a\000r\000y\000\040\000v\000s\000.\000\040\000F\000r\000e\000q\000u\000e\000n\000c\000y\000\040\000D\000i\000s\000t\000r\000i\000b\000u\000t\000i\000o\000n\000s}{subsection.4.2}% 43
\BOOKMARK [3][-]{subsubsection.4.2.2}{\376\377\000A\000d\000v\000a\000n\000t\000a\000g\000e\000s\000\040\000o\000f\000\040\000F\000r\000e\000q\000u\000e\000n\000c\000y\000\040\000T\000a\000b\000l\000e\000s}{subsection.4.2}% 44
\BOOKMARK [2][-]{subsection.4.3}{\376\377\000D\000a\000t\000a\000\040\000S\000u\000m\000m\000a\000r\000i\000z\000a\000t\000i\000o\000n}{section.4}% 45
\BOOKMARK [3][-]{subsubsection.4.3.1}{\376\377\000S\000t\000a\000t\000i\000s\000t\000i\000c\000a\000l\000\040\000I\000n\000d\000i\000c\000e\000s}{subsection.4.3}% 46
\BOOKMARK [3][-]{subsubsection.4.3.2}{\376\377\000S\000p\000e\000c\000i\000a\000l\000\040\000C\000a\000s\000e\000s\000:\000\040\000Z\000e\000r\000o\000\040\000V\000a\000r\000i\000a\000t\000i\000o\000n}{subsection.4.3}% 47
\BOOKMARK [3][-]{subsubsection.4.3.3}{\376\377\000H\000i\000e\000r\000a\000r\000c\000h\000y\000\040\000o\000f\000\040\000V\000a\000r\000i\000a\000b\000l\000e\000\040\000T\000y\000p\000o\000l\000o\000g\000y}{subsection.4.3}% 48
\BOOKMARK [3][-]{subsubsection.4.3.4}{\376\377\000G\000e\000n\000e\000r\000a\000l\000\040\000R\000u\000l\000e\000\040\000o\000f\000\040\000D\000a\000t\000a\000\040\000P\000r\000o\000c\000e\000s\000s\000i\000n\000g}{subsection.4.3}% 49
\BOOKMARK [2][-]{subsection.4.4}{\376\377\000M\000e\000a\000s\000u\000r\000e\000s\000\040\000o\000f\000\040\000C\000e\000n\000t\000r\000a\000l\000\040\000T\000e\000n\000d\000e\000n\000c\000y}{section.4}% 50
\BOOKMARK [3][-]{subsubsection.4.4.1}{\376\377\000M\000o\000d\000e}{subsection.4.4}% 51
\BOOKMARK [3][-]{subsubsection.4.4.2}{\376\377\000M\000e\000d\000i\000a\000n}{subsection.4.4}% 52
\BOOKMARK [3][-]{subsubsection.4.4.3}{\376\377\000Q\000u\000a\000n\000t\000i\000l\000e\000s\000,\000\040\000P\000e\000r\000c\000e\000n\000t\000i\000l\000e\000s\000,\000\040\000a\000n\000d\000\040\000Q\000u\000a\000r\000t\000i\000l\000e\000s}{subsection.4.4}% 53
\BOOKMARK [3][-]{subsubsection.4.4.4}{\376\377\000M\000e\000a\000n}{subsection.4.4}% 54
\BOOKMARK [3][-]{subsubsection.4.4.5}{\376\377\000C\000h\000i\000s\000i\000n\000i\000'\000s\000\040\000D\000e\000f\000i\000n\000i\000t\000i\000o\000n\000\040\000a\000n\000d\000\040\000T\000y\000p\000e\000s\000\040\000o\000f\000\040\000M\000e\000a\000n\000s}{subsection.4.4}% 55
\BOOKMARK [3][-]{subsubsection.4.4.6}{\376\377\000T\000r\000i\000m\000m\000e\000d\000\040\000M\000e\000a\000n}{subsection.4.4}% 56
\BOOKMARK [2][-]{subsection.4.5}{\376\377\000M\000e\000a\000s\000u\000r\000e\000s\000\040\000o\000f\000\040\000V\000a\000r\000i\000a\000b\000i\000l\000i\000t\000y}{section.4}% 57
\BOOKMARK [3][-]{subsubsection.4.5.1}{\376\377\000H\000e\000t\000e\000r\000o\000g\000e\000n\000e\000i\000t\000y\000\040\000I\000n\000d\000i\000c\000e\000s\000\040\000\050\000N\000o\000m\000i\000n\000a\000l\000\040\000V\000a\000r\000i\000a\000b\000l\000e\000s\000\051}{subsection.4.5}% 58
\BOOKMARK [3][-]{subsubsection.4.5.2}{\376\377\000P\000o\000s\000i\000t\000i\000o\000n\000a\000l\000\040\000M\000e\000a\000s\000u\000r\000e\000s\000\040\000\050\000O\000r\000d\000i\000n\000a\000l\000/\000N\000u\000m\000e\000r\000i\000c\000a\000l\000\040\000V\000a\000r\000i\000a\000b\000l\000e\000s\000\051}{subsection.4.5}% 59
\BOOKMARK [3][-]{subsubsection.4.5.3}{\376\377\000V\000a\000r\000i\000a\000n\000c\000e\000,\000\040\000S\000t\000a\000n\000d\000a\000r\000d\000\040\000D\000e\000v\000i\000a\000t\000i\000o\000n\000,\000\040\000a\000n\000d\000\040\000C\000V\000\040\000\050\000N\000u\000m\000e\000r\000i\000c\000a\000l\000\040\000V\000a\000r\000i\000a\000b\000l\000e\000s\000\051}{subsection.4.5}% 60
\BOOKMARK [3][-]{subsubsection.4.5.4}{\376\377\000S\000t\000a\000n\000d\000a\000r\000d\000i\000z\000a\000t\000i\000o\000n\000\040\000\050\000Z\000-\000S\000c\000o\000r\000e\000s\000\051}{subsection.4.5}% 61
\BOOKMARK [3][-]{subsubsection.4.5.5}{\376\377\000D\000e\000c\000o\000m\000p\000o\000s\000i\000t\000i\000o\000n\000\040\000o\000f\000\040\000T\000o\000t\000a\000l\000\040\000D\000e\000v\000i\000a\000t\000i\000o\000n\000\040\000\050\000A\000N\000O\000V\000A\000\040\000p\000r\000i\000n\000c\000i\000p\000l\000e\000\051}{subsection.4.5}% 62
\BOOKMARK [2][-]{subsection.4.6}{\376\377\000S\000h\000a\000p\000e\000\040\000o\000f\000\040\000U\000n\000i\000t\000a\000r\000y\000\040\000D\000i\000s\000t\000r\000i\000b\000u\000t\000i\000o\000n}{section.4}% 63
\BOOKMARK [3][-]{subsubsection.4.6.1}{\376\377\000S\000y\000m\000m\000e\000t\000r\000y\000\040\000a\000n\000d\000\040\000M\000o\000d\000a\000l\000i\000t\000y}{subsection.4.6}% 64
\BOOKMARK [3][-]{subsubsection.4.6.2}{\376\377\000S\000k\000e\000w\000n\000e\000s\000s}{subsection.4.6}% 65
\BOOKMARK [3][-]{subsubsection.4.6.3}{\376\377\000K\000u\000r\000t\000o\000s\000i\000s}{subsection.4.6}% 66
\BOOKMARK [1][-]{section.5}{\376\377\000D\000a\000t\000a\000\040\000V\000i\000s\000u\000a\000l\000i\000z\000a\000t\000i\000o\000n}{}% 67
\BOOKMARK [2][-]{subsection.5.1}{\376\377\000I\000n\000t\000r\000o\000d\000u\000c\000t\000i\000o\000n\000\040\000t\000o\000\040\000D\000a\000t\000a\000\040\000V\000i\000s\000u\000a\000l\000i\000z\000a\000t\000i\000o\000n}{section.5}% 68
\BOOKMARK [3][-]{subsubsection.5.1.1}{\376\377\000D\000a\000t\000a\000\040\000J\000o\000u\000r\000n\000a\000l\000i\000s\000m}{subsection.5.1}% 69
\BOOKMARK [2][-]{subsection.5.2}{\376\377\000C\000a\000t\000e\000g\000o\000r\000i\000c\000a\000l\000\040\000D\000a\000t\000a\000\040\000V\000i\000s\000u\000a\000l\000i\000z\000a\000t\000i\000o\000n}{section.5}% 70
\BOOKMARK [3][-]{subsubsection.5.2.1}{\376\377\000P\000i\000e\000\040\000C\000h\000a\000r\000t}{subsection.5.2}% 71
\BOOKMARK [3][-]{subsubsection.5.2.2}{\376\377\000B\000a\000r\000\040\000C\000h\000a\000r\000t}{subsection.5.2}% 72
\BOOKMARK [3][-]{subsubsection.5.2.3}{\376\377\000C\000o\000m\000p\000o\000s\000i\000t\000i\000o\000n\000a\000l\000\040\000D\000a\000t\000a\000\040\000V\000i\000s\000u\000a\000l\000i\000z\000a\000t\000i\000o\000n\000\040\000\050\000S\000t\000a\000c\000k\000e\000d\000\040\000B\000a\000r\000\040\000C\000h\000a\000r\000t\000\051}{subsection.5.2}% 73
\BOOKMARK [3][-]{subsubsection.5.2.4}{\376\377\000R\000a\000d\000a\000r\000\040\000C\000h\000a\000r\000t\000\040\000\050\000S\000p\000i\000d\000e\000r\000\040\000C\000h\000a\000r\000t\000\051}{subsection.5.2}% 74
\BOOKMARK [2][-]{subsection.5.3}{\376\377\000C\000h\000a\000r\000t\000s\000\040\000f\000o\000r\000\040\000C\000o\000n\000t\000i\000n\000u\000o\000u\000s\000\040\000V\000a\000r\000i\000a\000b\000l\000e\000s}{section.5}% 75
\BOOKMARK [3][-]{subsubsection.5.3.1}{\376\377\000H\000i\000s\000t\000o\000g\000r\000a\000m\000s}{subsection.5.3}% 76
\BOOKMARK [3][-]{subsubsection.5.3.2}{\376\377\000B\000o\000x\000-\000P\000l\000o\000t\000s}{subsection.5.3}% 77
\BOOKMARK [3][-]{subsubsection.5.3.3}{\376\377\000D\000e\000n\000s\000i\000t\000y\000\040\000P\000l\000o\000t\000s}{subsection.5.3}% 78
\BOOKMARK [3][-]{subsubsection.5.3.4}{\376\377\000V\000i\000o\000l\000i\000n\000\040\000P\000l\000o\000t\000s}{subsection.5.3}% 79
\BOOKMARK [2][-]{subsection.5.4}{\376\377\000T\000i\000m\000e\000\040\000S\000e\000r\000i\000e\000s\000\040\000V\000i\000s\000u\000a\000l\000i\000z\000a\000t\000i\000o\000n}{section.5}% 80
\BOOKMARK [3][-]{subsubsection.5.4.1}{\376\377\000L\000i\000n\000e\000\040\000P\000l\000o\000t}{subsection.5.4}% 81
\BOOKMARK [3][-]{subsubsection.5.4.2}{\376\377\000T\000i\000m\000e\000\040\000B\000o\000x\000-\000P\000l\000o\000t\000s}{subsection.5.4}% 82
\BOOKMARK [2][-]{subsection.5.5}{\376\377\000B\000i\000v\000a\000r\000i\000a\000t\000e\000\040\000a\000n\000d\000\040\000M\000u\000l\000t\000i\000v\000a\000r\000i\000a\000t\000e\000\040\000D\000a\000t\000a\000\040\000V\000i\000s\000u\000a\000l\000i\000z\000a\000t\000i\000o\000n}{section.5}% 83
\BOOKMARK [3][-]{subsubsection.5.5.1}{\376\377\000S\000c\000a\000t\000t\000e\000r\000\040\000P\000l\000o\000t}{subsection.5.5}% 84
\BOOKMARK [3][-]{subsubsection.5.5.2}{\376\377\000P\000a\000i\000r\000\040\000P\000l\000o\000t\000\040\000\050\000S\000c\000a\000t\000t\000e\000r\000\040\000P\000l\000o\000t\000\040\000M\000a\000t\000r\000i\000x\000\051}{subsection.5.5}% 85
\BOOKMARK [3][-]{subsubsection.5.5.3}{\376\377\000H\000e\000a\000t\000\040\000M\000a\000p}{subsection.5.5}% 86
\BOOKMARK [3][-]{subsubsection.5.5.4}{\376\377\000B\000u\000b\000b\000l\000e\000\040\000C\000h\000a\000r\000t}{subsection.5.5}% 87
\BOOKMARK [3][-]{subsubsection.5.5.5}{\376\377\000M\000o\000s\000a\000i\000c\000\040\000P\000l\000o\000t}{subsection.5.5}% 88
\BOOKMARK [3][-]{subsubsection.5.5.6}{\376\377\000S\000u\000m\000m\000a\000r\000y\000:\000\040\000C\000h\000o\000o\000s\000i\000n\000g\000\040\000t\000h\000e\000\040\000R\000i\000g\000h\000t\000\040\000V\000i\000s\000u\000a\000l\000i\000z\000a\000t\000i\000o\000n}{subsection.5.5}% 89
\BOOKMARK [2][-]{subsection.5.6}{\376\377\000S\000p\000e\000c\000i\000a\000l\000i\000z\000e\000d\000\040\000a\000n\000d\000\040\000T\000e\000r\000r\000i\000t\000o\000r\000i\000a\000l\000\040\000C\000h\000a\000r\000t\000s}{section.5}% 90
\BOOKMARK [3][-]{subsubsection.5.6.1}{\376\377\000T\000r\000e\000e\000M\000a\000p}{subsection.5.6}% 91
\BOOKMARK [3][-]{subsubsection.5.6.2}{\376\377\000T\000e\000r\000r\000i\000t\000o\000r\000i\000a\000l\000\040\000S\000e\000r\000i\000e\000s\000:\000\040\000C\000a\000r\000t\000o\000g\000r\000a\000m\000\040\000a\000n\000d\000\040\000C\000a\000r\000t\000o\000d\000i\000a\000g\000r\000a\000m}{subsection.5.6}% 92
\BOOKMARK [3][-]{subsubsection.5.6.3}{\376\377\000P\000o\000p\000u\000l\000a\000t\000i\000o\000n\000\040\000P\000y\000r\000a\000m\000i\000d\000\040\000\046\000\040\000A\000l\000t\000e\000r\000n\000a\000t\000i\000v\000e\000\040\000V\000i\000s\000u\000a\000l\000i\000z\000a\000t\000i\000o\000n\000s}{subsection.5.6}% 93
\BOOKMARK [2][-]{subsection.5.7}{\376\377\000V\000i\000s\000u\000a\000l\000i\000z\000a\000t\000i\000o\000n\000\040\000P\000r\000o\000b\000l\000e\000m\000s\000:\000\040\000T\000h\000e\000\040\000S\000c\000a\000l\000e\000\040\000I\000s\000s\000u\000e}{section.5}% 94
\BOOKMARK [3][-]{subsubsection.5.7.1}{\376\377\000M\000a\000t\000h\000e\000m\000a\000t\000i\000c\000a\000l\000\040\000C\000h\000a\000n\000g\000e\000\040\000o\000f\000\040\000S\000c\000a\000l\000e}{subsection.5.7}% 95
\BOOKMARK [1][-]{section.6}{\376\377\000T\000w\000o\000-\000W\000a\000y\000\040\000C\000r\000o\000s\000s\000-\000C\000l\000a\000s\000s\000i\000f\000i\000c\000a\000t\000i\000o\000n}{}% 96
\BOOKMARK [2][-]{subsection.6.1}{\376\377\000I\000n\000t\000r\000o\000d\000u\000c\000t\000i\000o\000n\000\040\000t\000o\000\040\000T\000w\000o\000-\000W\000a\000y\000\040\000C\000r\000o\000s\000s\000-\000C\000l\000a\000s\000s\000i\000f\000i\000c\000a\000t\000i\000o\000n}{section.6}% 97
\BOOKMARK [2][-]{subsection.6.2}{\376\377\000C\000r\000o\000s\000s\000-\000C\000l\000a\000s\000s\000i\000f\000i\000c\000a\000t\000i\000o\000n\000\040\000T\000a\000b\000l\000e\000\040\000\050\000C\000o\000n\000t\000i\000n\000g\000e\000n\000c\000y\000\040\000T\000a\000b\000l\000e\000\051}{section.6}% 98
\BOOKMARK [3][-]{subsubsection.6.2.1}{\376\377\000M\000a\000r\000g\000i\000n\000a\000l\000\040\000a\000n\000d\000\040\000C\000o\000n\000d\000i\000t\000i\000o\000n\000a\000l\000\040\000\050\000P\000a\000r\000t\000i\000a\000l\000\051\000\040\000D\000i\000s\000t\000r\000i\000b\000u\000t\000i\000o\000n\000s}{subsection.6.2}% 99
\BOOKMARK [2][-]{subsection.6.3}{\376\377\000T\000y\000p\000e\000s\000\040\000o\000f\000\040\000T\000w\000o\000-\000W\000a\000y\000\040\000C\000r\000o\000s\000s\000-\000C\000l\000a\000s\000s\000i\000f\000i\000c\000a\000t\000i\000o\000n\000\040\000D\000a\000t\000a\000\040\000A\000n\000a\000l\000y\000s\000i\000s}{section.6}% 100
\BOOKMARK [3][-]{subsubsection.6.3.1}{\376\377\0001\000.\000\040\000C\000a\000t\000e\000g\000o\000r\000i\000c\000a\000l\000\040\000D\000a\000t\000a\000\040\000A\000n\000a\000l\000y\000s\000i\000s\000\040\000\050\000C\000o\000n\000t\000i\000n\000g\000e\000n\000c\000y\000\040\000T\000a\000b\000l\000e\000s\000\051}{subsection.6.3}% 101
\BOOKMARK [3][-]{subsubsection.6.3.2}{\376\377\0002\000.\000\040\000C\000o\000r\000r\000e\000l\000a\000t\000i\000o\000n\000\040\000A\000n\000a\000l\000y\000s\000i\000s\000\040\000\050\000M\000e\000a\000n\000\040\000D\000e\000p\000e\000n\000d\000e\000n\000c\000e\000\051}{subsection.6.3}% 102
\BOOKMARK [3][-]{subsubsection.6.3.3}{\376\377\0003\000.\000\040\000L\000i\000n\000e\000a\000r\000\040\000C\000o\000r\000r\000e\000l\000a\000t\000i\000o\000n\000\040\000A\000n\000a\000l\000y\000s\000i\000s}{subsection.6.3}% 103
\BOOKMARK [3][-]{subsubsection.6.3.4}{\376\377\000T\000h\000e\000\040\000A\000n\000a\000l\000y\000t\000i\000c\000a\000l\000\040\000H\000i\000e\000r\000a\000r\000c\000h\000y}{subsection.6.3}% 104
\BOOKMARK [2][-]{subsection.6.4}{\376\377\000C\000o\000n\000t\000i\000n\000g\000e\000n\000c\000y\000\040\000T\000a\000b\000l\000e\000\040\000A\000n\000a\000l\000y\000s\000i\000s\000:\000\040\000I\000n\000d\000e\000p\000e\000n\000d\000e\000n\000c\000e\000\040\000i\000n\000\040\000D\000i\000s\000t\000r\000i\000b\000u\000t\000i\000o\000n}{section.6}% 105
\BOOKMARK [3][-]{subsubsection.6.4.1}{\376\377\000A\000s\000s\000o\000c\000i\000a\000t\000i\000o\000n\000:\000\040\000S\000y\000m\000m\000e\000t\000r\000i\000c\000\040\000I\000n\000t\000e\000r\000d\000e\000p\000e\000n\000d\000e\000n\000c\000e\000\040\000A\000n\000a\000l\000y\000s\000i\000s}{subsection.6.4}% 106
\BOOKMARK [3][-]{subsubsection.6.4.2}{\376\377\000P\000r\000e\000d\000i\000c\000t\000a\000b\000i\000l\000i\000t\000y\000:\000\040\000N\000o\000n\000-\000S\000y\000m\000m\000e\000t\000r\000i\000c\000\040\000D\000e\000p\000e\000n\000d\000e\000n\000c\000e\000\040\000A\000n\000a\000l\000y\000s\000i\000s}{subsection.6.4}% 107
\BOOKMARK [2][-]{subsection.6.5}{\376\377\000C\000o\000r\000r\000e\000l\000a\000t\000i\000o\000n\000\040\000A\000n\000a\000l\000y\000s\000i\000s\000:\000\040\000I\000n\000d\000e\000p\000e\000n\000d\000e\000n\000c\000e\000\040\000i\000n\000\040\000M\000e\000a\000n}{section.6}% 108
\BOOKMARK [3][-]{subsubsection.6.5.1}{\376\377\000P\000e\000a\000r\000s\000o\000n\000'\000s\000\040\000C\000o\000r\000r\000e\000l\000a\000t\000i\000o\000n\000\040\000R\000a\000t\000i\000o\000\040\000\050\0002\000\051}{subsection.6.5}% 109
\BOOKMARK [2][-]{subsection.6.6}{\376\377\000L\000i\000n\000e\000a\000r\000\040\000C\000o\000r\000r\000e\000l\000a\000t\000i\000o\000n\000\040\000A\000n\000a\000l\000y\000s\000i\000s}{section.6}% 110
\BOOKMARK [2][-]{subsection.6.7}{\376\377\000T\000h\000e\000\040\000H\000i\000e\000r\000a\000r\000c\000h\000y\000\040\000o\000f\000\040\000I\000n\000d\000e\000p\000e\000n\000d\000e\000n\000c\000e\000\040\000\050\000C\000r\000u\000c\000i\000a\000l\000\040\000f\000o\000r\000\040\000M\000a\000c\000h\000i\000n\000e\000\040\000L\000e\000a\000r\000n\000i\000n\000g\000\051}{section.6}% 111
\BOOKMARK [1][-]{section.7}{\376\377\000P\000r\000o\000b\000a\000b\000i\000l\000i\000t\000y\000\040\000M\000o\000d\000e\000l\000:\000\040\000T\000h\000e\000\040\000F\000o\000u\000n\000d\000a\000t\000i\000o\000n\000\040\000o\000f\000\040\000I\000n\000f\000e\000r\000e\000n\000c\000e}{}% 112
\BOOKMARK [2][-]{subsection.7.1}{\376\377\000D\000e\000s\000c\000r\000i\000p\000t\000i\000v\000e\000\040\000v\000s\000.\000\040\000I\000n\000f\000e\000r\000e\000n\000t\000i\000a\000l\000\040\000S\000t\000a\000t\000i\000s\000t\000i\000c\000s}{section.7}% 113
\BOOKMARK [3][-]{subsubsection.7.1.1}{\376\377\000T\000h\000e\000\040\000T\000w\000o\000\040\000M\000a\000i\000n\000\040\000T\000a\000s\000k\000s\000\040\000o\000f\000\040\000I\000n\000f\000e\000r\000e\000n\000c\000e}{subsection.7.1}% 114
\BOOKMARK [3][-]{subsubsection.7.1.2}{\376\377\000T\000h\000e\000\040\000I\000m\000p\000o\000r\000t\000a\000n\000c\000e\000\040\000o\000f\000\040\000U\000n\000b\000i\000a\000s\000e\000d\000\040\000R\000a\000n\000d\000o\000m\000\040\000S\000a\000m\000p\000l\000e\000s}{subsection.7.1}% 115
\BOOKMARK [2][-]{subsection.7.2}{\376\377\000P\000r\000o\000b\000a\000b\000i\000l\000i\000t\000y\000:\000\040\000T\000h\000e\000\040\000M\000e\000a\000s\000u\000r\000e\000\040\000o\000f\000\040\000U\000n\000c\000e\000r\000t\000a\000i\000n\000t\000y}{section.7}% 116
\BOOKMARK [3][-]{subsubsection.7.2.1}{\376\377\000W\000h\000y\000\040\000D\000o\000\040\000W\000e\000\040\000N\000e\000e\000d\000\040\000P\000r\000o\000b\000a\000b\000i\000l\000i\000t\000y\000?}{subsection.7.2}% 117
\BOOKMARK [3][-]{subsubsection.7.2.2}{\376\377\000T\000h\000e\000\040\000T\000h\000r\000e\000e\000\040\000D\000e\000f\000i\000n\000i\000t\000i\000o\000n\000s\000\040\000o\000f\000\040\000P\000r\000o\000b\000a\000b\000i\000l\000i\000t\000y}{subsection.7.2}% 118
\BOOKMARK [2][-]{subsection.7.3}{\376\377\000A\000x\000i\000o\000m\000s\000\040\000a\000n\000d\000\040\000F\000u\000n\000d\000a\000m\000e\000n\000t\000a\000l\000\040\000R\000u\000l\000e\000s}{section.7}% 119
\BOOKMARK [3][-]{subsubsection.7.3.1}{\376\377\000S\000e\000t\000\040\000T\000h\000e\000o\000r\000y\000\040\000a\000n\000d\000\040\000V\000e\000n\000n\000\040\000D\000i\000a\000g\000r\000a\000m\000s}{subsection.7.3}% 120
\BOOKMARK [3][-]{subsubsection.7.3.2}{\376\377\000K\000o\000l\000m\000o\000g\000o\000r\000o\000v\000'\000s\000\040\000T\000h\000r\000e\000e\000\040\000A\000x\000i\000o\000m\000s}{subsection.7.3}% 121
\BOOKMARK [3][-]{subsubsection.7.3.3}{\376\377\000I\000m\000p\000o\000r\000t\000a\000n\000t\000\040\000T\000h\000e\000o\000r\000e\000m\000s\000\040\000d\000e\000r\000i\000v\000e\000d\000\040\000f\000r\000o\000m\000\040\000A\000x\000i\000o\000m\000s}{subsection.7.3}% 122
\BOOKMARK [3][-]{subsubsection.7.3.4}{\376\377\000E\000x\000t\000e\000n\000s\000i\000o\000n\000:\000\040\000T\000h\000r\000e\000e\000\040\000E\000v\000e\000n\000t\000s}{subsection.7.3}% 123
\BOOKMARK [2][-]{subsection.7.4}{\376\377\000C\000o\000n\000d\000i\000t\000i\000o\000n\000a\000l\000\040\000P\000r\000o\000b\000a\000b\000i\000l\000i\000t\000y}{section.7}% 124
\BOOKMARK [3][-]{subsubsection.7.4.1}{\376\377\000D\000e\000f\000i\000n\000i\000n\000g\000\040\000C\000o\000n\000d\000i\000t\000i\000o\000n\000a\000l\000\040\000P\000r\000o\000b\000a\000b\000i\000l\000i\000t\000y}{subsection.7.4}% 125
\BOOKMARK [3][-]{subsubsection.7.4.2}{\376\377\000S\000t\000o\000c\000h\000a\000s\000t\000i\000c\000\040\000I\000n\000d\000e\000p\000e\000n\000d\000e\000n\000c\000e}{subsection.7.4}% 126
\BOOKMARK [3][-]{subsubsection.7.4.3}{\376\377\000B\000a\000y\000e\000s\000'\000\040\000T\000h\000e\000o\000r\000e\000m}{subsection.7.4}% 127
\BOOKMARK [3][-]{subsubsection.7.4.4}{\376\377\000R\000e\000a\000l\000\040\000W\000o\000r\000l\000d\000\040\000A\000p\000p\000l\000i\000c\000a\000t\000i\000o\000n\000:\000\040\000M\000e\000d\000i\000c\000a\000l\000\040\000D\000i\000a\000g\000n\000o\000s\000i\000s}{subsection.7.4}% 128
\BOOKMARK [2][-]{subsection.7.5}{\376\377\000C\000o\000m\000b\000i\000n\000a\000t\000o\000r\000i\000a\000l\000\040\000C\000a\000l\000c\000u\000l\000u\000s\000\040\000a\000n\000d\000\040\000D\000i\000s\000c\000r\000e\000t\000e\000\040\000R\000a\000n\000d\000o\000m\000\040\000V\000a\000r\000i\000a\000b\000l\000e\000s}{section.7}% 129
\BOOKMARK [3][-]{subsubsection.7.5.1}{\376\377\000C\000o\000m\000b\000i\000n\000a\000t\000o\000r\000i\000a\000l\000\040\000C\000a\000l\000c\000u\000l\000u\000s}{subsection.7.5}% 130
\BOOKMARK [3][-]{subsubsection.7.5.2}{\376\377\000D\000i\000s\000c\000r\000e\000t\000e\000\040\000R\000a\000n\000d\000o\000m\000\040\000V\000a\000r\000i\000a\000b\000l\000e\000s}{subsection.7.5}% 131
\BOOKMARK [3][-]{subsubsection.7.5.3}{\376\377\000D\000i\000s\000c\000r\000e\000t\000e\000\040\000P\000r\000o\000b\000a\000b\000i\000l\000i\000t\000y\000\040\000M\000o\000d\000e\000l\000s}{subsection.7.5}% 132
\BOOKMARK [2][-]{subsection.7.6}{\376\377\000C\000o\000n\000t\000i\000n\000u\000o\000u\000s\000\040\000R\000a\000n\000d\000o\000m\000\040\000V\000a\000r\000i\000a\000b\000l\000e\000s\000\040\000a\000n\000d\000\040\000P\000r\000o\000b\000a\000b\000i\000l\000i\000t\000y\000\040\000M\000o\000d\000e\000l\000s}{section.7}% 133
\BOOKMARK [3][-]{subsubsection.7.6.1}{\376\377\000C\000o\000n\000t\000i\000n\000u\000o\000u\000s\000\040\000R\000a\000n\000d\000o\000m\000\040\000V\000a\000r\000i\000a\000b\000l\000e\000s\000\040\000\050\000P\000D\000F\000\040\000\046\000\040\000C\000D\000F\000\051}{subsection.7.6}% 134
\BOOKMARK [3][-]{subsubsection.7.6.2}{\376\377\000K\000e\000y\000\040\000C\000o\000n\000t\000i\000n\000u\000o\000u\000s\000\040\000P\000r\000o\000b\000a\000b\000i\000l\000i\000t\000y\000\040\000M\000o\000d\000e\000l\000s}{subsection.7.6}% 135
\BOOKMARK [3][-]{subsubsection.7.6.3}{\376\377\000T\000h\000e\000\040\000N\000o\000r\000m\000a\000l\000\040\000\050\000G\000a\000u\000s\000s\000i\000a\000n\000\051\000\040\000D\000i\000s\000t\000r\000i\000b\000u\000t\000i\000o\000n}{subsection.7.6}% 136
\BOOKMARK [3][-]{subsubsection.7.6.4}{\376\377\000S\000a\000m\000p\000l\000i\000n\000g\000\040\000D\000i\000s\000t\000r\000i\000b\000u\000t\000i\000o\000n\000s\000\040\000\050\000T\000r\000a\000n\000s\000f\000o\000r\000m\000a\000t\000i\000o\000n\000s\000\040\000o\000f\000\040\000N\000o\000r\000m\000a\000l\000\051}{subsection.7.6}% 137
\BOOKMARK [1][-]{section.8}{\376\377\000S\000a\000m\000p\000l\000i\000n\000g\000\040\000D\000i\000s\000t\000r\000i\000b\000u\000t\000i\000o\000n\000s\000\040\000\046\000\040\000T\000h\000e\000\040\000C\000e\000n\000t\000r\000a\000l\000\040\000L\000i\000m\000i\000t\000\040\000T\000h\000e\000o\000r\000e\000m}{}% 138
\BOOKMARK [2][-]{subsection.8.1}{\376\377\000T\000h\000e\000\040\000T\000h\000r\000e\000e\000\040\000F\000u\000n\000d\000a\000m\000e\000n\000t\000a\000l\000\040\000D\000i\000s\000t\000r\000i\000b\000u\000t\000i\000o\000n\000s}{section.8}% 139
\BOOKMARK [2][-]{subsection.8.2}{\376\377\000C\000h\000e\000b\000y\000s\000h\000e\000v\000'\000s\000\040\000I\000n\000e\000q\000u\000a\000l\000i\000t\000y\000:\000\040\000T\000h\000e\000\040\000S\000a\000f\000e\000t\000y\000\040\000N\000e\000t}{section.8}% 140
\BOOKMARK [2][-]{subsection.8.3}{\376\377\000C\000o\000n\000v\000e\000r\000g\000e\000n\000c\000e\000\040\000L\000a\000w\000s\000:\000\040\000W\000h\000y\000\040\000B\000i\000g\000\040\000D\000a\000t\000a\000\040\000W\000o\000r\000k\000s}{section.8}% 141
\BOOKMARK [2][-]{subsection.8.4}{\376\377\000T\000h\000e\000\040\000C\000e\000n\000t\000r\000a\000l\000\040\000L\000i\000m\000i\000t\000\040\000T\000h\000e\000o\000r\000e\000m\000\040\000\050\000C\000L\000T\000\051}{section.8}% 142
\BOOKMARK [2][-]{subsection.8.5}{\376\377\000S\000u\000m\000\040\000o\000f\000\040\000I\000n\000d\000e\000p\000e\000n\000d\000e\000n\000t\000\040\000R\000a\000n\000d\000o\000m\000\040\000V\000a\000r\000i\000a\000b\000l\000e\000s}{section.8}% 143
\BOOKMARK [1][-]{section.9}{\376\377\000S\000t\000a\000t\000i\000s\000t\000i\000c\000a\000l\000\040\000I\000n\000f\000e\000r\000e\000n\000c\000e\000:\000\040\000E\000s\000t\000i\000m\000a\000t\000i\000o\000n}{}% 144
\BOOKMARK [2][-]{subsection.9.1}{\376\377\000I\000n\000t\000r\000o\000d\000u\000c\000t\000i\000o\000n\000\040\000t\000o\000\040\000S\000t\000a\000t\000i\000s\000t\000i\000c\000a\000l\000\040\000I\000n\000f\000e\000r\000e\000n\000c\000e}{section.9}% 145
\BOOKMARK [3][-]{subsubsection.9.1.1}{\376\377\000B\000r\000a\000n\000c\000h\000e\000s\000\040\000o\000f\000\040\000I\000n\000f\000e\000r\000e\000n\000c\000e}{subsection.9.1}% 146
\BOOKMARK [3][-]{subsubsection.9.1.2}{\376\377\000F\000r\000e\000q\000u\000e\000n\000t\000i\000s\000t\000\040\000v\000s\000.\000\040\000B\000a\000y\000e\000s\000i\000a\000n\000\040\000S\000t\000a\000t\000i\000s\000t\000i\000c\000s}{subsection.9.1}% 147
\BOOKMARK [2][-]{subsection.9.2}{\376\377\000F\000u\000n\000d\000a\000m\000e\000n\000t\000a\000l\000\040\000C\000o\000n\000c\000e\000p\000t\000s\000\040\000o\000f\000\040\000E\000s\000t\000i\000m\000a\000t\000i\000o\000n}{section.9}% 148
\BOOKMARK [3][-]{subsubsection.9.2.1}{\376\377\000E\000s\000t\000i\000m\000a\000t\000o\000r\000\040\000v\000s\000.\000\040\000E\000s\000t\000i\000m\000a\000t\000e}{subsection.9.2}% 149
\BOOKMARK [3][-]{subsubsection.9.2.2}{\376\377\000T\000h\000e\000\040\000S\000a\000m\000p\000l\000i\000n\000g\000\040\000D\000i\000s\000t\000r\000i\000b\000u\000t\000i\000o\000n}{subsection.9.2}% 150
\BOOKMARK [3][-]{subsubsection.9.2.3}{\376\377\000M\000e\000a\000s\000u\000r\000i\000n\000g\000\040\000Q\000u\000a\000l\000i\000t\000y\000:\000\040\000M\000e\000a\000n\000\040\000S\000q\000u\000a\000r\000e\000d\000\040\000E\000r\000r\000o\000r\000\040\000\050\000M\000S\000E\000\051}{subsection.9.2}% 151
\BOOKMARK [3][-]{subsubsection.9.2.4}{\376\377\000T\000h\000e\000\040\000G\000o\000l\000d\000e\000n\000\040\000R\000u\000l\000e\000:\000\040\000B\000i\000a\000s\000-\000V\000a\000r\000i\000a\000n\000c\000e\000\040\000D\000e\000c\000o\000m\000p\000o\000s\000i\000t\000i\000o\000n}{subsection.9.2}% 152
\BOOKMARK [3][-]{subsubsection.9.2.5}{\376\377\000B\000L\000U\000E\000\040\000\050\000B\000e\000s\000t\000\040\000L\000i\000n\000e\000a\000r\000\040\000U\000n\000b\000i\000a\000s\000e\000d\000\040\000E\000s\000t\000i\000m\000a\000t\000o\000r\000\051}{subsection.9.2}% 153
\BOOKMARK [3][-]{subsubsection.9.2.6}{\376\377\000U\000M\000V\000U\000E\000\040\000\050\000U\000n\000i\000f\000o\000r\000m\000l\000y\000\040\000M\000i\000n\000i\000m\000u\000m\000\040\000V\000a\000r\000i\000a\000n\000c\000e\000\040\000U\000n\000b\000i\000a\000s\000e\000d\000\040\000E\000s\000t\000i\000m\000a\000t\000o\000r\000\051}{subsection.9.2}% 154
\BOOKMARK [2][-]{subsection.9.3}{\376\377\000C\000o\000m\000m\000o\000n\000\040\000E\000s\000t\000i\000m\000a\000t\000o\000r\000s}{section.9}% 155
\BOOKMARK [3][-]{subsubsection.9.3.1}{\376\377\000S\000a\000m\000p\000l\000e\000\040\000M\000e\000a\000n}{subsection.9.3}% 156
\BOOKMARK [3][-]{subsubsection.9.3.2}{\376\377\000S\000a\000m\000p\000l\000e\000\040\000P\000r\000o\000p\000o\000r\000t\000i\000o\000n}{subsection.9.3}% 157
\BOOKMARK [3][-]{subsubsection.9.3.3}{\376\377\000S\000a\000m\000p\000l\000e\000\040\000V\000a\000r\000i\000a\000n\000c\000e\000\040\000\050\000n\000\040\000v\000s\000\040\000n\000-\0001\000\051}{subsection.9.3}% 158
\BOOKMARK [2][-]{subsection.9.4}{\376\377\000A\000s\000y\000m\000p\000t\000o\000t\000i\000c\000\040\000P\000r\000o\000p\000e\000r\000t\000i\000e\000s\000\040\000o\000f\000\040\000E\000s\000t\000i\000m\000a\000t\000o\000r\000s\000\040\000\050\000L\000a\000r\000g\000e\000\040\000S\000a\000m\000p\000l\000e\000s\000\051}{section.9}% 159
\BOOKMARK [3][-]{subsubsection.9.4.1}{\376\377\000T\000h\000e\000\040\000L\000a\000w\000\040\000o\000f\000\040\000L\000a\000r\000g\000e\000\040\000N\000u\000m\000b\000e\000r\000s\000\040\000\050\000L\000L\000N\000\051}{subsection.9.4}% 160
\BOOKMARK [2][-]{subsection.9.5}{\376\377\000L\000i\000m\000i\000t\000\040\000T\000h\000e\000o\000r\000e\000m\000s}{section.9}% 161
\BOOKMARK [3][-]{subsubsection.9.5.1}{\376\377\000T\000h\000e\000\040\000C\000e\000n\000t\000r\000a\000l\000\040\000L\000i\000m\000i\000t\000\040\000T\000h\000e\000o\000r\000e\000m\000\040\000\050\000C\000L\000T\000\051}{subsection.9.5}% 162
\BOOKMARK [3][-]{subsubsection.9.5.2}{\376\377\000D\000e\000\040\000M\000o\000i\000v\000r\000e\000-\000L\000a\000p\000l\000a\000c\000e\000\040\000T\000h\000e\000o\000r\000e\000m\000\040\000\050\000C\000L\000T\000\040\000f\000o\000r\000\040\000P\000r\000o\000p\000o\000r\000t\000i\000o\000n\000s\000\051}{subsection.9.5}% 163
\BOOKMARK [2][-]{subsection.9.6}{\376\377\000E\000s\000t\000i\000m\000a\000t\000i\000o\000n\000\040\000M\000e\000t\000h\000o\000d\000s}{section.9}% 164
\BOOKMARK [3][-]{subsubsection.9.6.1}{\376\377\000L\000e\000a\000s\000t\000\040\000S\000q\000u\000a\000r\000e\000s\000\040\000E\000s\000t\000i\000m\000a\000t\000i\000o\000n\000\040\000\050\000L\000S\000E\000\051}{subsection.9.6}% 165
\BOOKMARK [3][-]{subsubsection.9.6.2}{\376\377\000M\000a\000x\000i\000m\000u\000m\000\040\000L\000i\000k\000e\000l\000i\000h\000o\000o\000d\000\040\000E\000s\000t\000i\000m\000a\000t\000i\000o\000n\000\040\000\050\000M\000L\000E\000\051}{subsection.9.6}% 166
\BOOKMARK [3][-]{subsubsection.9.6.3}{\376\377\000B\000a\000y\000e\000s\000i\000a\000n\000\040\000E\000s\000t\000i\000m\000a\000t\000i\000o\000n}{subsection.9.6}% 167
\BOOKMARK [2][-]{subsection.9.7}{\376\377\000C\000o\000n\000f\000i\000d\000e\000n\000c\000e\000\040\000I\000n\000t\000e\000r\000v\000a\000l\000s}{section.9}% 168
\BOOKMARK [3][-]{subsubsection.9.7.1}{\376\377\000E\000s\000t\000i\000m\000a\000t\000i\000n\000g\000\040\000t\000h\000e\000\040\000M\000e\000a\000n\000:\000\040\000Z\000-\000I\000n\000t\000e\000r\000v\000a\000l\000\040\000v\000s\000.\000\040\000T\000-\000I\000n\000t\000e\000r\000v\000a\000l}{subsection.9.7}% 169
\BOOKMARK [3][-]{subsubsection.9.7.2}{\376\377\000T\000h\000e\000\040\000Z\000-\000I\000n\000t\000e\000r\000v\000a\000l\000\040\000\050\000K\000n\000o\000w\000n\000\040\000V\000a\000r\000i\000a\000n\000c\000e\000\040\000o\000r\000\040\000L\000a\000r\000g\000e\000\040\000S\000a\000m\000p\000l\000e\000\051}{subsection.9.7}% 170
\BOOKMARK [3][-]{subsubsection.9.7.3}{\376\377\000T\000h\000e\000\040\000T\000-\000I\000n\000t\000e\000r\000v\000a\000l\000\040\000\050\000U\000n\000k\000n\000o\000w\000n\000\040\000V\000a\000r\000i\000a\000n\000c\000e\000\040\000\046\000\040\000S\000m\000a\000l\000l\000\040\000S\000a\000m\000p\000l\000e\000\051}{subsection.9.7}% 171
\BOOKMARK [3][-]{subsubsection.9.7.4}{\376\377\000C\000o\000n\000f\000i\000d\000e\000n\000c\000e\000\040\000I\000n\000t\000e\000r\000v\000a\000l\000s\000\040\000f\000o\000r\000\040\000t\000h\000e\000\040\000V\000a\000r\000i\000a\000n\000c\000e\000\040\000\050\0002\000\051}{subsection.9.7}% 172
\BOOKMARK [1][-]{section.10}{\376\377\000C\000o\000n\000f\000i\000d\000e\000n\000c\000e\000\040\000I\000n\000t\000e\000r\000v\000a\000l\000s}{}% 173
\BOOKMARK [2][-]{subsection.10.1}{\376\377\000I\000n\000f\000e\000r\000e\000n\000c\000e\000\040\000f\000o\000r\000\040\000t\000h\000e\000\040\000D\000i\000f\000f\000e\000r\000e\000n\000c\000e\000\040\000B\000e\000t\000w\000e\000e\000n\000\040\000T\000w\000o\000\040\000M\000e\000a\000n\000s\000\040\000\050\000A\000/\000B\000\040\000T\000e\000s\000t\000i\000n\000g\000\051}{section.10}% 174
\BOOKMARK [3][-]{subsubsection.10.1.1}{\376\377\000T\000h\000e\000\040\000D\000i\000s\000t\000r\000i\000b\000u\000t\000i\000o\000n\000\040\000o\000f\000\040\000t\000h\000e\000\040\000D\000i\000f\000f\000e\000r\000e\000n\000c\000e\000\040\000\050\0001\000\040\000-\000\040\0002\000\051}{subsection.10.1}% 175
\BOOKMARK [3][-]{subsubsection.10.1.2}{\376\377\000C\000o\000n\000f\000i\000d\000e\000n\000c\000e\000\040\000I\000n\000t\000e\000r\000v\000a\000l\000\040\000f\000o\000r\000\040\0001\000\040\000-\000\040\0002}{subsection.10.1}% 176
\BOOKMARK [3][-]{subsubsection.10.1.3}{\376\377\000H\000y\000p\000o\000t\000h\000e\000s\000i\000s\000\040\000T\000e\000s\000t\000i\000n\000g\000:\000\040\000F\000o\000r\000m\000a\000l\000i\000z\000i\000n\000g\000\040\000t\000h\000e\000\040\000D\000e\000c\000i\000s\000i\000o\000n}{subsection.10.1}% 177
\BOOKMARK [3][-]{subsubsection.10.1.4}{\376\377\000T\000h\000e\000\040\000P\000-\000V\000a\000l\000u\000e\000\040\000\050\000O\000b\000s\000e\000r\000v\000e\000d\000\040\000S\000i\000g\000n\000i\000f\000i\000c\000a\000n\000c\000e\000\040\000L\000e\000v\000e\000l\000\051}{subsection.10.1}% 178
\BOOKMARK [2][-]{subsection.10.2}{\376\377\000I\000n\000f\000e\000r\000e\000n\000c\000e\000\040\000o\000n\000\040\000T\000w\000o\000\040\000M\000e\000a\000n\000s\000:\000\040\000S\000m\000a\000l\000l\000\040\000S\000a\000m\000p\000l\000e\000s\000\040\000a\000n\000d\000\040\000E\000q\000u\000a\000l\000\040\000V\000a\000r\000i\000a\000n\000c\000e\000s}{section.10}% 179
\BOOKMARK [3][-]{subsubsection.10.2.1}{\376\377\000T\000h\000e\000\040\000T\000-\000S\000t\000a\000t\000i\000s\000t\000i\000c\000\040\000a\000n\000d\000\040\000P\000o\000o\000l\000e\000d\000\040\000V\000a\000r\000i\000a\000n\000c\000e\000\040\000\050\000S\000c\0002\000\051}{subsection.10.2}% 180
\BOOKMARK [3][-]{subsubsection.10.2.2}{\376\377\000C\000o\000n\000f\000i\000d\000e\000n\000c\000e\000\040\000I\000n\000t\000e\000r\000v\000a\000l\000\040\000f\000o\000r\000\040\0001\000\040\000-\000\040\0002}{subsection.10.2}% 181
\BOOKMARK [3][-]{subsubsection.10.2.3}{\376\377\000H\000y\000p\000o\000t\000h\000e\000s\000i\000s\000\040\000T\000e\000s\000t\000i\000n\000g}{subsection.10.2}% 182
\BOOKMARK [2][-]{subsection.10.3}{\376\377\000I\000n\000f\000e\000r\000e\000n\000c\000e\000\040\000o\000n\000\040\000D\000i\000f\000f\000e\000r\000e\000n\000c\000e\000\040\000o\000f\000\040\000T\000w\000o\000\040\000M\000e\000a\000n\000s\000:\000\040\000L\000a\000r\000g\000e\000\040\000S\000a\000m\000p\000l\000e\000s}{section.10}% 183
\BOOKMARK [3][-]{subsubsection.10.3.1}{\376\377\000C\000o\000n\000f\000i\000d\000e\000n\000c\000e\000\040\000I\000n\000t\000e\000r\000v\000a\000l\000\040\000a\000n\000d\000\040\000T\000e\000s\000t\000\040\000S\000t\000a\000t\000i\000s\000t\000i\000c}{subsection.10.3}% 184
\BOOKMARK [3][-]{subsubsection.10.3.2}{\376\377\000P\000r\000a\000c\000t\000i\000c\000a\000l\000\040\000A\000p\000p\000l\000i\000c\000a\000t\000i\000o\000n}{subsection.10.3}% 185
\BOOKMARK [2][-]{subsection.10.4}{\376\377\000I\000n\000f\000e\000r\000e\000n\000c\000e\000\040\000f\000o\000r\000\040\000t\000h\000e\000\040\000D\000i\000f\000f\000e\000r\000e\000n\000c\000e\000\040\000o\000f\000\040\000T\000w\000o\000\040\000P\000r\000o\000p\000o\000r\000t\000i\000o\000n\000s\000\040\000\050\000L\000a\000r\000g\000e\000\040\000S\000a\000m\000p\000l\000e\000s\000\051}{section.10}% 186
\BOOKMARK [3][-]{subsubsection.10.4.1}{\376\377\000D\000i\000s\000t\000r\000i\000b\000u\000t\000i\000o\000n\000\040\000o\000f\000\040\000t\000h\000e\000\040\000D\000i\000f\000f\000e\000r\000e\000n\000c\000e\000\040\0001\000\040\000-\000\040\0002}{subsection.10.4}% 187
\BOOKMARK [3][-]{subsubsection.10.4.2}{\376\377\000C\000o\000n\000f\000i\000d\000e\000n\000c\000e\000\040\000I\000n\000t\000e\000r\000v\000a\000l\000\040\000f\000o\000r\000\040\000p\0001\000\040\000-\000\040\000p\0002}{subsection.10.4}% 188
\BOOKMARK [3][-]{subsubsection.10.4.3}{\376\377\000H\000y\000p\000o\000t\000h\000e\000s\000i\000s\000\040\000T\000e\000s\000t\000\040\000f\000o\000r\000\040\000D\000i\000f\000f\000e\000r\000e\000n\000c\000e\000\040\000o\000f\000\040\000T\000w\000o\000\040\000P\000r\000o\000p\000o\000r\000t\000i\000o\000n\000s}{subsection.10.4}% 189
\BOOKMARK [2][-]{subsection.10.5}{\376\377\000I\000n\000f\000e\000r\000e\000n\000c\000e\000\040\000o\000n\000\040\000t\000h\000e\000\040\000R\000a\000t\000i\000o\000\040\000o\000f\000\040\000T\000w\000o\000\040\000V\000a\000r\000i\000a\000n\000c\000e\000s\000\040\040\023\000\040\000F\000i\000s\000h\000e\000r\000'\000s\000\040\000F\000\040\000D\000i\000s\000t\000r\000i\000b\000u\000t\000i\000o\000n}{section.10}% 190
\BOOKMARK [3][-]{subsubsection.10.5.1}{\376\377\000D\000e\000f\000i\000n\000i\000t\000i\000o\000n\000\040\000a\000n\000d\000\040\000P\000r\000o\000p\000e\000r\000t\000i\000e\000s\000\040\000o\000f\000\040\000t\000h\000e\000\040\000F\000\040\000D\000i\000s\000t\000r\000i\000b\000u\000t\000i\000o\000n}{subsection.10.5}% 191
\BOOKMARK [3][-]{subsubsection.10.5.2}{\376\377\000F\000-\000T\000e\000s\000t\000\040\000f\000o\000r\000\040\000E\000q\000u\000a\000l\000i\000t\000y\000\040\000o\000f\000\040\000T\000w\000o\000\040\000V\000a\000r\000i\000a\000n\000c\000e\000s}{subsection.10.5}% 192
\BOOKMARK [1][-]{section.11}{\376\377\000S\000t\000a\000t\000i\000s\000t\000i\000c\000a\000l\000\040\000T\000e\000s\000t\000i\000n\000g}{}% 193
\BOOKMARK [2][-]{subsection.11.1}{\376\377\000I\000n\000t\000r\000o\000d\000u\000c\000t\000i\000o\000n\000\040\000t\000o\000\040\000S\000t\000a\000t\000i\000s\000t\000i\000c\000a\000l\000\040\000T\000e\000s\000t\000i\000n\000g}{section.11}% 194
\BOOKMARK [2][-]{subsection.11.2}{\376\377\000K\000e\000y\000\040\000E\000l\000e\000m\000e\000n\000t\000s\000\040\000i\000n\000\040\000S\000t\000a\000t\000i\000s\000t\000i\000c\000a\000l\000\040\000T\000e\000s\000t\000i\000n\000g}{section.11}% 195
\BOOKMARK [3][-]{subsubsection.11.2.1}{\376\377\000T\000e\000s\000t\000i\000n\000g\000\040\000V\000a\000r\000i\000a\000b\000l\000e\000\040\000\050\000T\000e\000s\000t\000\040\000S\000t\000a\000t\000i\000s\000t\000i\000c\000\051}{subsection.11.2}% 196
\BOOKMARK [3][-]{subsubsection.11.2.2}{\376\377\000D\000e\000c\000i\000s\000i\000o\000n\000\040\000R\000u\000l\000e\000:\000\040\000A\000c\000c\000e\000p\000t\000a\000n\000c\000e\000\040\000a\000n\000d\000\040\000R\000e\000j\000e\000c\000t\000i\000o\000n\000\040\000R\000e\000g\000i\000o\000n\000s}{subsection.11.2}% 197
\BOOKMARK [3][-]{subsubsection.11.2.3}{\376\377\000D\000e\000c\000i\000s\000i\000o\000n\000\040\000R\000u\000l\000e\000s\000\040\000a\000n\000d\000\040\000N\000e\000y\000m\000a\000n\000-\000P\000e\000a\000r\000s\000o\000n}{subsection.11.2}% 198
\BOOKMARK [3][-]{subsubsection.11.2.4}{\376\377\000P\000-\000v\000a\000l\000u\000e\000\040\000a\000n\000d\000\040\000D\000e\000c\000i\000s\000i\000o\000n\000\040\000R\000u\000l\000e}{subsection.11.2}% 199
\BOOKMARK [2][-]{subsection.11.3}{\376\377\000T\000y\000p\000e\000s\000\040\000o\000f\000\040\000H\000y\000p\000o\000t\000h\000e\000s\000e\000s}{section.11}% 200
\BOOKMARK [2][-]{subsection.11.4}{\376\377\000T\000e\000s\000t\000i\000n\000g\000\040\000H\000y\000p\000o\000t\000h\000e\000s\000e\000s\000\040\000a\000b\000o\000u\000t\000\040\000t\000h\000e\000\040\000V\000a\000r\000i\000a\000n\000c\000e\000\040\000\050\0002\000\051}{section.11}% 201
\BOOKMARK [2][-]{subsection.11.5}{\376\377\000P\000r\000o\000b\000a\000b\000i\000l\000i\000t\000y\000\040\000\040\000a\000n\000d\000\040\000t\000h\000e\000\040\000P\000o\000w\000e\000r\000\040\000o\000f\000\040\000t\000h\000e\000\040\000T\000e\000s\000t}{section.11}% 202
\BOOKMARK [3][-]{subsubsection.11.5.1}{\376\377\000T\000h\000e\000\040\000P\000o\000w\000e\000r\000\040\000C\000u\000r\000v\000e}{subsection.11.5}% 203
