This is pdfTeX, Version 3.141592653-2.6-1.40.27 (TeX Live 2025) (preloaded format=pdflatex 2025.12.20)  2 APR 2026 10:48
entering extended mode
 restricted \write18 enabled.
 file:line:error style messages enabled.
 %&-line parsing enabled.
**/Users/gennarobasile/Desktop/Data_Science_LM/1_YEAR/1_SEMESTER/Statistical-Learning/Files/main
(/Users/gennarobasile/Desktop/Data_Science_LM/1_YEAR/1_SEMESTER/Statistical-Learning/Files/main.tex
LaTeX2e <2024-11-01> patch level 2
L3 programming layer <2025-01-18>
(/usr/local/texlive/2025/texmf-dist/tex/latex/base/article.cls
Document Class: article 2024/06/29 v1.4n Standard LaTeX document class
(/usr/local/texlive/2025/texmf-dist/tex/latex/base/size11.clo
File: size11.clo 2024/06/29 v1.4n Standard LaTeX file (size option)
)
\c@part=\count196
\c@section=\count197
\c@subsection=\count198
\c@subsubsection=\count199
\c@paragraph=\count266
\c@subparagraph=\count267
\c@figure=\count268
\c@table=\count269
\abovecaptionskip=\skip49
\belowcaptionskip=\skip50
\bibindent=\dimen141
) (./preamble.tex (/usr/local/texlive/2025/texmf-dist/tex/latex/base/inputenc.sty
Package: inputenc 2024/02/08 v1.3d Input encoding file
\inpenc@prehook=\toks17
\inpenc@posthook=\toks18
) (/usr/local/texlive/2025/texmf-dist/tex/latex/base/fontenc.sty
Package: fontenc 2021/04/29 v2.0v Standard LaTeX package
) (/usr/local/texlive/2025/texmf-dist/tex/latex/lm/lmodern.sty
Package: lmodern 2015/05/01 v1.6.1 Latin Modern Fonts
LaTeX Font Info:    Overwriting symbol font `operators' in version `normal'
(Font)                  OT1/cmr/m/n --> OT1/lmr/m/n on input line 22.
LaTeX Font Info:    Overwriting symbol font `letters' in version `normal'
(Font)                  OML/cmm/m/it --> OML/lmm/m/it on input line 23.
LaTeX Font Info:    Overwriting symbol font `symbols' in version `normal'
(Font)                  OMS/cmsy/m/n --> OMS/lmsy/m/n on input line 24.
LaTeX Font Info:    Overwriting symbol font `largesymbols' in version `normal'
(Font)                  OMX/cmex/m/n --> OMX/lmex/m/n on input line 25.
LaTeX Font Info:    Overwriting symbol font `operators' in version `bold'
(Font)                  OT1/cmr/bx/n --> OT1/lmr/bx/n on input line 26.
LaTeX Font Info:    Overwriting symbol font `letters' in version `bold'
(Font)                  OML/cmm/b/it --> OML/lmm/b/it on input line 27.
LaTeX Font Info:    Overwriting symbol font `symbols' in version `bold'
(Font)                  OMS/cmsy/b/n --> OMS/lmsy/b/n on input line 28.
LaTeX Font Info:    Overwriting symbol font `largesymbols' in version `bold'
(Font)                  OMX/cmex/m/n --> OMX/lmex/m/n on input line 29.
LaTeX Font Info:    Overwriting math alphabet `\mathbf' in version `normal'
(Font)                  OT1/cmr/bx/n --> OT1/lmr/bx/n on input line 31.
LaTeX Font Info:    Overwriting math alphabet `\mathsf' in version `normal'
(Font)                  OT1/cmss/m/n --> OT1/lmss/m/n on input line 32.
LaTeX Font Info:    Overwriting math alphabet `\mathit' in version `normal'
(Font)                  OT1/cmr/m/it --> OT1/lmr/m/it on input line 33.
LaTeX Font Info:    Overwriting math alphabet `\mathtt' in version `normal'
(Font)                  OT1/cmtt/m/n --> OT1/lmtt/m/n on input line 34.
LaTeX Font Info:    Overwriting math alphabet `\mathbf' in version `bold'
(Font)                  OT1/cmr/bx/n --> OT1/lmr/bx/n on input line 35.
LaTeX Font Info:    Overwriting math alphabet `\mathsf' in version `bold'
(Font)                  OT1/cmss/bx/n --> OT1/lmss/bx/n on input line 36.
LaTeX Font Info:    Overwriting math alphabet `\mathit' in version `bold'
(Font)                  OT1/cmr/bx/it --> OT1/lmr/bx/it on input line 37.
LaTeX Font Info:    Overwriting math alphabet `\mathtt' in version `bold'
(Font)                  OT1/cmtt/m/n --> OT1/lmtt/m/n on input line 38.
) (/usr/local/texlive/2025/texmf-dist/tex/latex/amsmath/amsmath.sty
Package: amsmath 2024/11/05 v2.17t AMS math features
\@mathmargin=\skip51

For additional information on amsmath, use the `?' option.
(/usr/local/texlive/2025/texmf-dist/tex/latex/amsmath/amstext.sty
Package: amstext 2021/08/26 v2.01 AMS text
 (/usr/local/texlive/2025/texmf-dist/tex/latex/amsmath/amsgen.sty
File: amsgen.sty 1999/11/30 v2.0 generic functions
\@emptytoks=\toks19
\ex@=\dimen142
)) (/usr/local/texlive/2025/texmf-dist/tex/latex/amsmath/amsbsy.sty
Package: amsbsy 1999/11/29 v1.2d Bold Symbols
\pmbraise@=\dimen143
) (/usr/local/texlive/2025/texmf-dist/tex/latex/amsmath/amsopn.sty
Package: amsopn 2022/04/08 v2.04 operator names
)
\inf@bad=\count270
LaTeX Info: Redefining \frac on input line 233.
\uproot@=\count271
\leftroot@=\count272
LaTeX Info: Redefining \overline on input line 398.
LaTeX Info: Redefining \colon on input line 409.
\classnum@=\count273
\DOTSCASE@=\count274
LaTeX Info: Redefining \ldots on input line 495.
LaTeX Info: Redefining \dots on input line 498.
LaTeX Info: Redefining \cdots on input line 619.
\Mathstrutbox@=\box52
\strutbox@=\box53
LaTeX Info: Redefining \big on input line 721.
LaTeX Info: Redefining \Big on input line 722.
LaTeX Info: Redefining \bigg on input line 723.
LaTeX Info: Redefining \Bigg on input line 724.
\big@size=\dimen144
LaTeX Font Info:    Redeclaring font encoding OML on input line 742.
LaTeX Font Info:    Redeclaring font encoding OMS on input line 743.
\macc@depth=\count275
LaTeX Info: Redefining \bmod on input line 904.
LaTeX Info: Redefining \pmod on input line 909.
LaTeX Info: Redefining \smash on input line 939.
LaTeX Info: Redefining \relbar on input line 969.
LaTeX Info: Redefining \Relbar on input line 970.
\c@MaxMatrixCols=\count276
\dotsspace@=\muskip17
\c@parentequation=\count277
\dspbrk@lvl=\count278
\tag@help=\toks20
\row@=\count279
\column@=\count280
\maxfields@=\count281
\andhelp@=\toks21
\eqnshift@=\dimen145
\alignsep@=\dimen146
\tagshift@=\dimen147
\tagwidth@=\dimen148
\totwidth@=\dimen149
\lineht@=\dimen150
\@envbody=\toks22
\multlinegap=\skip52
\multlinetaggap=\skip53
\mathdisplay@stack=\toks23
LaTeX Info: Redefining \[ on input line 2953.
LaTeX Info: Redefining \] on input line 2954.
) (/usr/local/texlive/2025/texmf-dist/tex/latex/amsfonts/amssymb.sty
Package: amssymb 2013/01/14 v3.01 AMS font symbols
 (/usr/local/texlive/2025/texmf-dist/tex/latex/amsfonts/amsfonts.sty
Package: amsfonts 2013/01/14 v3.01 Basic AMSFonts support
\symAMSa=\mathgroup4
\symAMSb=\mathgroup5
LaTeX Font Info:    Redeclaring math symbol \hbar on input line 98.
LaTeX Font Info:    Overwriting math alphabet `\mathfrak' in version `bold'
(Font)                  U/euf/m/n --> U/euf/b/n on input line 106.
)) (/usr/local/texlive/2025/texmf-dist/tex/latex/gensymb/gensymb.sty
Package: gensymb 2022/10/17 v1.0.2 (KJH)
) (/usr/local/texlive/2025/texmf-dist/tex/latex/amscls/amsthm.sty
Package: amsthm 2020/05/29 v2.20.6
\thm@style=\toks24
\thm@bodyfont=\toks25
\thm@headfont=\toks26
\thm@notefont=\toks27
\thm@headpunct=\toks28
\thm@preskip=\skip54
\thm@postskip=\skip55
\thm@headsep=\skip56
\dth@everypar=\toks29
) (/usr/local/texlive/2025/texmf-dist/tex/latex/oberdiek/centernot.sty
Package: centernot 2016/05/16 v1.4 Centers the not symbol horizontally (HO)
) (/usr/local/texlive/2025/texmf-dist/tex/latex/graphics/graphicx.sty
Package: graphicx 2021/09/16 v1.2d Enhanced LaTeX Graphics (DPC,SPQR)
 (/usr/local/texlive/2025/texmf-dist/tex/latex/graphics/keyval.sty
Package: keyval 2022/05/29 v1.15 key=value parser (DPC)
\KV@toks@=\toks30
) (/usr/local/texlive/2025/texmf-dist/tex/latex/graphics/graphics.sty
Package: graphics 2024/08/06 v1.4g Standard LaTeX Graphics (DPC,SPQR)
 (/usr/local/texlive/2025/texmf-dist/tex/latex/graphics/trig.sty
Package: trig 2023/12/02 v1.11 sin cos tan (DPC)
) (/usr/local/texlive/2025/texmf-dist/tex/latex/graphics-cfg/graphics.cfg
File: graphics.cfg 2016/06/04 v1.11 sample graphics configuration
)
Package graphics Info: Driver file: pdftex.def on input line 106.
 (/usr/local/texlive/2025/texmf-dist/tex/latex/graphics-def/pdftex.def
File: pdftex.def 2024/04/13 v1.2c Graphics/color driver for pdftex
))
\Gin@req@height=\dimen151
\Gin@req@width=\dimen152
) (/usr/local/texlive/2025/texmf-dist/tex/latex/xcolor/xcolor.sty
Package: xcolor 2024/09/29 v3.02 LaTeX color extensions (UK)
 (/usr/local/texlive/2025/texmf-dist/tex/latex/graphics-cfg/color.cfg
File: color.cfg 2016/01/02 v1.6 sample color configuration
)
Package xcolor Info: Driver file: pdftex.def on input line 274.
 (/usr/local/texlive/2025/texmf-dist/tex/latex/graphics/mathcolor.ltx)
Package xcolor Info: Model `cmy' substituted by `cmy0' on input line 1349.
Package xcolor Info: Model `hsb' substituted by `rgb' on input line 1353.
Package xcolor Info: Model `RGB' extended on input line 1365.
Package xcolor Info: Model `HTML' substituted by `rgb' on input line 1367.
Package xcolor Info: Model `Hsb' substituted by `hsb' on input line 1368.
Package xcolor Info: Model `tHsb' substituted by `hsb' on input line 1369.
Package xcolor Info: Model `HSB' substituted by `hsb' on input line 1370.
Package xcolor Info: Model `Gray' substituted by `gray' on input line 1371.
Package xcolor Info: Model `wave' substituted by `hsb' on input line 1372.
) (/usr/local/texlive/2025/texmf-dist/tex/latex/graphics/dvipsnam.def
File: dvipsnam.def 2016/06/17 v3.0m Driver-dependent file (DPC,SPQR)
) (/usr/local/texlive/2025/texmf-dist/tex/latex/float/float.sty
Package: float 2001/11/08 v1.3d Float enhancements (AL)
\c@float@type=\count282
\float@exts=\toks31
\float@box=\box54
\@float@everytoks=\toks32
\@floatcapt=\box55
) (/usr/local/texlive/2025/texmf-dist/tex/latex/enumitem/enumitem.sty
Package: enumitem 2025/02/06 v3.11 Customized lists
\labelindent=\skip57
\enit@outerparindent=\dimen153
\enit@toks=\toks33
\enit@inbox=\box56
\enit@count@id=\count283
\enitdp@description=\count284
) (/usr/local/texlive/2025/texmf-dist/tex/latex/caption/caption.sty
Package: caption 2023/08/05 v3.6o Customizing captions (AR)
 (/usr/local/texlive/2025/texmf-dist/tex/latex/caption/caption3.sty
Package: caption3 2023/07/31 v2.4d caption3 kernel (AR)
\caption@tempdima=\dimen154
\captionmargin=\dimen155
\caption@leftmargin=\dimen156
\caption@rightmargin=\dimen157
\caption@width=\dimen158
\caption@indent=\dimen159
\caption@parindent=\dimen160
\caption@hangindent=\dimen161
Package caption Info: Standard document class detected.
)
\c@caption@flags=\count285
\c@continuedfloat=\count286
Package caption Info: float package is loaded.
) (/usr/local/texlive/2025/texmf-dist/tex/latex/chngcntr/chngcntr.sty
Package: chngcntr 2018/04/09 v1.1a change counter resetting
Package chngcntr Info: \counterwithout already defined.
(chngcntr)             Quitting chngcntr on input line 21.
) (/usr/local/texlive/2025/texmf-dist/tex/latex/tocloft/tocloft.sty
Package: tocloft 2017/08/31 v2.3i parameterised ToC, etc., typesetting
Package tocloft Info: The document has section divisions on input line 51.
\cftparskip=\skip58
\cftbeforetoctitleskip=\skip59
\cftaftertoctitleskip=\skip60
\cftbeforepartskip=\skip61
\cftpartnumwidth=\skip62
\cftpartindent=\skip63
\cftbeforesecskip=\skip64
\cftsecindent=\skip65
\cftsecnumwidth=\skip66
\cftbeforesubsecskip=\skip67
\cftsubsecindent=\skip68
\cftsubsecnumwidth=\skip69
\cftbeforesubsubsecskip=\skip70
\cftsubsubsecindent=\skip71
\cftsubsubsecnumwidth=\skip72
\cftbeforeparaskip=\skip73
\cftparaindent=\skip74
\cftparanumwidth=\skip75
\cftbeforesubparaskip=\skip76
\cftsubparaindent=\skip77
\cftsubparanumwidth=\skip78
\cftbeforeloftitleskip=\skip79
\cftafterloftitleskip=\skip80
\cftbeforefigskip=\skip81
\cftfigindent=\skip82
\cftfignumwidth=\skip83
\c@lofdepth=\count287
\c@lotdepth=\count288
\cftbeforelottitleskip=\skip84
\cftafterlottitleskip=\skip85
\cftbeforetabskip=\skip86
\cfttabindent=\skip87
\cfttabnumwidth=\skip88
) (/usr/local/texlive/2025/texmf-dist/tex/latex/tcolorbox/tcolorbox.sty
Package: tcolorbox 2024/10/22 version 6.4.1 text color boxes
 (/usr/local/texlive/2025/texmf-dist/tex/latex/pgf/frontendlayer/tikz.sty (/usr/local/texlive/2025/texmf-dist/tex/latex/pgf/basiclayer/pgf.sty (/usr/local/texlive/2025/texmf-dist/tex/latex/pgf/utilities/pgfrcs.sty (/usr/local/texlive/2025/texmf-dist/tex/generic/pgf/utilities/pgfutil-common.tex
\pgfutil@everybye=\toks34
\pgfutil@tempdima=\dimen162
\pgfutil@tempdimb=\dimen163
) (/usr/local/texlive/2025/texmf-dist/tex/generic/pgf/utilities/pgfutil-latex.def
\pgfutil@abb=\box57
) (/usr/local/texlive/2025/texmf-dist/tex/generic/pgf/utilities/pgfrcs.code.tex (/usr/local/texlive/2025/texmf-dist/tex/generic/pgf/pgf.revision.tex)
Package: pgfrcs 2023-01-15 v3.1.10 (3.1.10)
))
Package: pgf 2023-01-15 v3.1.10 (3.1.10)
 (/usr/local/texlive/2025/texmf-dist/tex/latex/pgf/basiclayer/pgfcore.sty (/usr/local/texlive/2025/texmf-dist/tex/latex/pgf/systemlayer/pgfsys.sty (/usr/local/texlive/2025/texmf-dist/tex/generic/pgf/systemlayer/pgfsys.code.tex
Package: pgfsys 2023-01-15 v3.1.10 (3.1.10)
 (/usr/local/texlive/2025/texmf-dist/tex/generic/pgf/utilities/pgfkeys.code.tex
\pgfkeys@pathtoks=\toks35
\pgfkeys@temptoks=\toks36
 (/usr/local/texlive/2025/texmf-dist/tex/generic/pgf/utilities/pgfkeyslibraryfiltered.code.tex
\pgfkeys@tmptoks=\toks37
))
\pgf@x=\dimen164
\pgf@y=\dimen165
\pgf@xa=\dimen166
\pgf@ya=\dimen167
\pgf@xb=\dimen168
\pgf@yb=\dimen169
\pgf@xc=\dimen170
\pgf@yc=\dimen171
\pgf@xd=\dimen172
\pgf@yd=\dimen173
\w@pgf@writea=\write3
\r@pgf@reada=\read2
\c@pgf@counta=\count289
\c@pgf@countb=\count290
\c@pgf@countc=\count291
\c@pgf@countd=\count292
\t@pgf@toka=\toks38
\t@pgf@tokb=\toks39
\t@pgf@tokc=\toks40
\pgf@sys@id@count=\count293
 (/usr/local/texlive/2025/texmf-dist/tex/generic/pgf/systemlayer/pgf.cfg
File: pgf.cfg 2023-01-15 v3.1.10 (3.1.10)
)
Driver file for pgf: pgfsys-pdftex.def
 (/usr/local/texlive/2025/texmf-dist/tex/generic/pgf/systemlayer/pgfsys-pdftex.def
File: pgfsys-pdftex.def 2023-01-15 v3.1.10 (3.1.10)
 (/usr/local/texlive/2025/texmf-dist/tex/generic/pgf/systemlayer/pgfsys-common-pdf.def
File: pgfsys-common-pdf.def 2023-01-15 v3.1.10 (3.1.10)
))) (/usr/local/texlive/2025/texmf-dist/tex/generic/pgf/systemlayer/pgfsyssoftpath.code.tex
File: pgfsyssoftpath.code.tex 2023-01-15 v3.1.10 (3.1.10)
\pgfsyssoftpath@smallbuffer@items=\count294
\pgfsyssoftpath@bigbuffer@items=\count295
) (/usr/local/texlive/2025/texmf-dist/tex/generic/pgf/systemlayer/pgfsysprotocol.code.tex
File: pgfsysprotocol.code.tex 2023-01-15 v3.1.10 (3.1.10)
)) (/usr/local/texlive/2025/texmf-dist/tex/generic/pgf/basiclayer/pgfcore.code.tex
Package: pgfcore 2023-01-15 v3.1.10 (3.1.10)
 (/usr/local/texlive/2025/texmf-dist/tex/generic/pgf/math/pgfmath.code.tex (/usr/local/texlive/2025/texmf-dist/tex/generic/pgf/math/pgfmathutil.code.tex) (/usr/local/texlive/2025/texmf-dist/tex/generic/pgf/math/pgfmathparser.code.tex
\pgfmath@dimen=\dimen174
\pgfmath@count=\count296
\pgfmath@box=\box58
\pgfmath@toks=\toks41
\pgfmath@stack@operand=\toks42
\pgfmath@stack@operation=\toks43
) (/usr/local/texlive/2025/texmf-dist/tex/generic/pgf/math/pgfmathfunctions.code.tex) (/usr/local/texlive/2025/texmf-dist/tex/generic/pgf/math/pgfmathfunctions.basic.code.tex) (/usr/local/texlive/2025/texmf-dist/tex/generic/pgf/math/pgfmathfunctions.trigonometric.code.tex) (/usr/local/texlive/2025/texmf-dist/tex/generic/pgf/math/pgfmathfunctions.random.code.tex) (/usr/local/texlive/2025/texmf-dist/tex/generic/pgf/math/pgfmathfunctions.comparison.code.tex) (/usr/local/texlive/2025/texmf-dist/tex/generic/pgf/math/pgfmathfunctions.base.code.tex) (/usr/local/texlive/2025/texmf-dist/tex/generic/pgf/math/pgfmathfunctions.round.code.tex) (/usr/local/texlive/2025/texmf-dist/tex/generic/pgf/math/pgfmathfunctions.misc.code.tex) (/usr/local/texlive/2025/texmf-dist/tex/generic/pgf/math/pgfmathfunctions.integerarithmetics.code.tex) (/usr/local/texlive/2025/texmf-dist/tex/generic/pgf/math/pgfmathcalc.code.tex) (/usr/local/texlive/2025/texmf-dist/tex/generic/pgf/math/pgfmathfloat.code.tex
\c@pgfmathroundto@lastzeros=\count297
)) (/usr/local/texlive/2025/texmf-dist/tex/generic/pgf/math/pgfint.code.tex) (/usr/local/texlive/2025/texmf-dist/tex/generic/pgf/basiclayer/pgfcorepoints.code.tex
File: pgfcorepoints.code.tex 2023-01-15 v3.1.10 (3.1.10)
\pgf@picminx=\dimen175
\pgf@picmaxx=\dimen176
\pgf@picminy=\dimen177
\pgf@picmaxy=\dimen178
\pgf@pathminx=\dimen179
\pgf@pathmaxx=\dimen180
\pgf@pathminy=\dimen181
\pgf@pathmaxy=\dimen182
\pgf@xx=\dimen183
\pgf@xy=\dimen184
\pgf@yx=\dimen185
\pgf@yy=\dimen186
\pgf@zx=\dimen187
\pgf@zy=\dimen188
) (/usr/local/texlive/2025/texmf-dist/tex/generic/pgf/basiclayer/pgfcorepathconstruct.code.tex
File: pgfcorepathconstruct.code.tex 2023-01-15 v3.1.10 (3.1.10)
\pgf@path@lastx=\dimen189
\pgf@path@lasty=\dimen190
) (/usr/local/texlive/2025/texmf-dist/tex/generic/pgf/basiclayer/pgfcorepathusage.code.tex
File: pgfcorepathusage.code.tex 2023-01-15 v3.1.10 (3.1.10)
\pgf@shorten@end@additional=\dimen191
\pgf@shorten@start@additional=\dimen192
) (/usr/local/texlive/2025/texmf-dist/tex/generic/pgf/basiclayer/pgfcorescopes.code.tex
File: pgfcorescopes.code.tex 2023-01-15 v3.1.10 (3.1.10)
\pgfpic=\box59
\pgf@hbox=\box60
\pgf@layerbox@main=\box61
\pgf@picture@serial@count=\count298
) (/usr/local/texlive/2025/texmf-dist/tex/generic/pgf/basiclayer/pgfcoregraphicstate.code.tex
File: pgfcoregraphicstate.code.tex 2023-01-15 v3.1.10 (3.1.10)
\pgflinewidth=\dimen193
) (/usr/local/texlive/2025/texmf-dist/tex/generic/pgf/basiclayer/pgfcoretransformations.code.tex
File: pgfcoretransformations.code.tex 2023-01-15 v3.1.10 (3.1.10)
\pgf@pt@x=\dimen194
\pgf@pt@y=\dimen195
\pgf@pt@temp=\dimen196
) (/usr/local/texlive/2025/texmf-dist/tex/generic/pgf/basiclayer/pgfcorequick.code.tex
File: pgfcorequick.code.tex 2023-01-15 v3.1.10 (3.1.10)
) (/usr/local/texlive/2025/texmf-dist/tex/generic/pgf/basiclayer/pgfcoreobjects.code.tex
File: pgfcoreobjects.code.tex 2023-01-15 v3.1.10 (3.1.10)
) (/usr/local/texlive/2025/texmf-dist/tex/generic/pgf/basiclayer/pgfcorepathprocessing.code.tex
File: pgfcorepathprocessing.code.tex 2023-01-15 v3.1.10 (3.1.10)
) (/usr/local/texlive/2025/texmf-dist/tex/generic/pgf/basiclayer/pgfcorearrows.code.tex
File: pgfcorearrows.code.tex 2023-01-15 v3.1.10 (3.1.10)
\pgfarrowsep=\dimen197
) (/usr/local/texlive/2025/texmf-dist/tex/generic/pgf/basiclayer/pgfcoreshade.code.tex
File: pgfcoreshade.code.tex 2023-01-15 v3.1.10 (3.1.10)
\pgf@max=\dimen198
\pgf@sys@shading@range@num=\count299
\pgf@shadingcount=\count300
) (/usr/local/texlive/2025/texmf-dist/tex/generic/pgf/basiclayer/pgfcoreimage.code.tex
File: pgfcoreimage.code.tex 2023-01-15 v3.1.10 (3.1.10)
) (/usr/local/texlive/2025/texmf-dist/tex/generic/pgf/basiclayer/pgfcoreexternal.code.tex
File: pgfcoreexternal.code.tex 2023-01-15 v3.1.10 (3.1.10)
\pgfexternal@startupbox=\box62
) (/usr/local/texlive/2025/texmf-dist/tex/generic/pgf/basiclayer/pgfcorelayers.code.tex
File: pgfcorelayers.code.tex 2023-01-15 v3.1.10 (3.1.10)
) (/usr/local/texlive/2025/texmf-dist/tex/generic/pgf/basiclayer/pgfcoretransparency.code.tex
File: pgfcoretransparency.code.tex 2023-01-15 v3.1.10 (3.1.10)
) (/usr/local/texlive/2025/texmf-dist/tex/generic/pgf/basiclayer/pgfcorepatterns.code.tex
File: pgfcorepatterns.code.tex 2023-01-15 v3.1.10 (3.1.10)
) (/usr/local/texlive/2025/texmf-dist/tex/generic/pgf/basiclayer/pgfcorerdf.code.tex
File: pgfcorerdf.code.tex 2023-01-15 v3.1.10 (3.1.10)
))) (/usr/local/texlive/2025/texmf-dist/tex/generic/pgf/modules/pgfmoduleshapes.code.tex
File: pgfmoduleshapes.code.tex 2023-01-15 v3.1.10 (3.1.10)
\pgfnodeparttextbox=\box63
) (/usr/local/texlive/2025/texmf-dist/tex/generic/pgf/modules/pgfmoduleplot.code.tex
File: pgfmoduleplot.code.tex 2023-01-15 v3.1.10 (3.1.10)
) (/usr/local/texlive/2025/texmf-dist/tex/latex/pgf/compatibility/pgfcomp-version-0-65.sty
Package: pgfcomp-version-0-65 2023-01-15 v3.1.10 (3.1.10)
\pgf@nodesepstart=\dimen199
\pgf@nodesepend=\dimen256
) (/usr/local/texlive/2025/texmf-dist/tex/latex/pgf/compatibility/pgfcomp-version-1-18.sty
Package: pgfcomp-version-1-18 2023-01-15 v3.1.10 (3.1.10)
)) (/usr/local/texlive/2025/texmf-dist/tex/latex/pgf/utilities/pgffor.sty (/usr/local/texlive/2025/texmf-dist/tex/latex/pgf/utilities/pgfkeys.sty (/usr/local/texlive/2025/texmf-dist/tex/generic/pgf/utilities/pgfkeys.code.tex)) (/usr/local/texlive/2025/texmf-dist/tex/latex/pgf/math/pgfmath.sty (/usr/local/texlive/2025/texmf-dist/tex/generic/pgf/math/pgfmath.code.tex)) (/usr/local/texlive/2025/texmf-dist/tex/generic/pgf/utilities/pgffor.code.tex
Package: pgffor 2023-01-15 v3.1.10 (3.1.10)
\pgffor@iter=\dimen257
\pgffor@skip=\dimen258
\pgffor@stack=\toks44
\pgffor@toks=\toks45
)) (/usr/local/texlive/2025/texmf-dist/tex/generic/pgf/frontendlayer/tikz/tikz.code.tex
Package: tikz 2023-01-15 v3.1.10 (3.1.10)
 (/usr/local/texlive/2025/texmf-dist/tex/generic/pgf/libraries/pgflibraryplothandlers.code.tex
File: pgflibraryplothandlers.code.tex 2023-01-15 v3.1.10 (3.1.10)
\pgf@plot@mark@count=\count301
\pgfplotmarksize=\dimen259
)
\tikz@lastx=\dimen260
\tikz@lasty=\dimen261
\tikz@lastxsaved=\dimen262
\tikz@lastysaved=\dimen263
\tikz@lastmovetox=\dimen264
\tikz@lastmovetoy=\dimen265
\tikzleveldistance=\dimen266
\tikzsiblingdistance=\dimen267
\tikz@figbox=\box64
\tikz@figbox@bg=\box65
\tikz@tempbox=\box66
\tikz@tempbox@bg=\box67
\tikztreelevel=\count302
\tikznumberofchildren=\count303
\tikznumberofcurrentchild=\count304
\tikz@fig@count=\count305
 (/usr/local/texlive/2025/texmf-dist/tex/generic/pgf/modules/pgfmodulematrix.code.tex
File: pgfmodulematrix.code.tex 2023-01-15 v3.1.10 (3.1.10)
\pgfmatrixcurrentrow=\count306
\pgfmatrixcurrentcolumn=\count307
\pgf@matrix@numberofcolumns=\count308
)
\tikz@expandcount=\count309
 (/usr/local/texlive/2025/texmf-dist/tex/generic/pgf/frontendlayer/tikz/libraries/tikzlibrarytopaths.code.tex
File: tikzlibrarytopaths.code.tex 2023-01-15 v3.1.10 (3.1.10)
))) (/usr/local/texlive/2025/texmf-dist/tex/latex/tools/verbatim.sty
Package: verbatim 2024-01-22 v1.5x LaTeX2e package for verbatim enhancements
\every@verbatim=\toks46
\verbatim@line=\toks47
\verbatim@in@stream=\read3
) (/usr/local/texlive/2025/texmf-dist/tex/latex/environ/environ.sty
Package: environ 2014/05/04 v0.3 A new way to define environments
 (/usr/local/texlive/2025/texmf-dist/tex/latex/trimspaces/trimspaces.sty
Package: trimspaces 2009/09/17 v1.1 Trim spaces around a token list
)) (/usr/local/texlive/2025/texmf-dist/tex/latex/etoolbox/etoolbox.sty
Package: etoolbox 2025/02/11 v2.5l e-TeX tools for LaTeX (JAW)
\etb@tempcnta=\count310
)
\tcb@titlebox=\box68
\tcb@upperbox=\box69
\tcb@lowerbox=\box70
\tcb@phantombox=\box71
\c@tcbbreakpart=\count311
\c@tcblayer=\count312
\c@tcolorbox@number=\count313
\l__tcobox_tmpa_box=\box72
\l__tcobox_tmpa_dim=\dimen268
\tcb@temp=\box73
\tcb@temp=\box74
\tcb@temp=\box75
\tcb@temp=\box76
 (/usr/local/texlive/2025/texmf-dist/tex/latex/tcolorbox/tcbraster.code.tex
Library (tcolorbox): 'tcbraster.code.tex' version '6.4.1'
\c@tcbrastercolumn=\count314
\c@tcbrasterrow=\count315
\c@tcbrasternum=\count316
\c@tcbraster=\count317
) (/usr/local/texlive/2025/texmf-dist/tex/latex/tcolorbox/tcbskins.code.tex
Library (tcolorbox): 'tcbskins.code.tex' version '6.4.1'
(/usr/local/texlive/2025/texmf-dist/tex/latex/tikzfill/tikzfill.image.sty
Package: tikzfill.image 2023/08/08 v1.0.1 Image filling library for TikZ
 (/usr/local/texlive/2025/texmf-dist/tex/latex/tikzfill/tikzfill-common.sty
Package: tikzfill-common 2023/08/08 v1.0.1 Auxiliary code for tikzfill
) (/usr/local/texlive/2025/texmf-dist/tex/latex/tikzfill/tikzlibraryfill.image.code.tex
File: tikzlibraryfill.image.code.tex 2023/08/08 v1.0.1 Image filling library
\l__tikzfill_img_box=\box77
)) (/usr/local/texlive/2025/texmf-dist/tex/latex/tcolorbox/tcbskinsjigsaw.code.tex
Library (tcolorbox): 'tcbskinsjigsaw.code.tex' version '6.4.1'
)) (/usr/local/texlive/2025/texmf-dist/tex/latex/tcolorbox/tcbbreakable.code.tex
Library (tcolorbox): 'tcbbreakable.code.tex' version '6.4.1'
(/usr/local/texlive/2025/texmf-dist/tex/latex/pdfcol/pdfcol.sty
Package: pdfcol 2022-09-21 v1.7 Handle new color stacks for pdfTeX (HO)
 (/usr/local/texlive/2025/texmf-dist/tex/generic/ltxcmds/ltxcmds.sty
Package: ltxcmds 2023-12-04 v1.26 LaTeX kernel commands for general use (HO)
) (/usr/local/texlive/2025/texmf-dist/tex/generic/infwarerr/infwarerr.sty
Package: infwarerr 2019/12/03 v1.5 Providing info/warning/error messages (HO)
) (/usr/local/texlive/2025/texmf-dist/tex/generic/iftex/iftex.sty
Package: iftex 2024/12/12 v1.0g TeX engine tests
))
Package pdfcol Info: New color stack `tcb@breakable' = 1 on input line 23.
\tcb@testbox=\box78
\tcb@totalupperbox=\box79
\tcb@totallowerbox=\box80
) (/usr/local/texlive/2025/texmf-dist/tex/latex/tcolorbox/tcbhooks.code.tex
Library (tcolorbox): 'tcbhooks.code.tex' version '6.4.1'
) (/usr/local/texlive/2025/texmf-dist/tex/latex/tcolorbox/tcbtheorems.code.tex
Library (tcolorbox): 'tcbtheorems.code.tex' version '6.4.1'
) (/usr/local/texlive/2025/texmf-dist/tex/latex/tcolorbox/tcbfitting.code.tex
Library (tcolorbox): 'tcbfitting.code.tex' version '6.4.1'
\tcbfitdim=\dimen269
\tcb@lowerfitdim=\dimen270
\tcb@upperfitdim=\dimen271
\tcb@cur@hbadness=\count318
) (/usr/local/texlive/2025/texmf-dist/tex/latex/tcolorbox/tcblistingsutf8.code.tex
Library (tcolorbox): 'tcblistingsutf8.code.tex' version '6.4.1'
(/usr/local/texlive/2025/texmf-dist/tex/latex/tcolorbox/tcblistings.code.tex
Library (tcolorbox): 'tcblistings.code.tex' version '6.4.1'
(/usr/local/texlive/2025/texmf-dist/tex/latex/listings/listings.sty
\lst@mode=\count319
\lst@gtempboxa=\box81
\lst@token=\toks48
\lst@length=\count320
\lst@currlwidth=\dimen272
\lst@column=\count321
\lst@pos=\count322
\lst@lostspace=\dimen273
\lst@width=\dimen274
\lst@newlines=\count323
\lst@lineno=\count324
\lst@maxwidth=\dimen275
 (/usr/local/texlive/2025/texmf-dist/tex/latex/listings/lstpatch.sty
File: lstpatch.sty 2024/09/23 1.10c (Carsten Heinz)
) (/usr/local/texlive/2025/texmf-dist/tex/latex/listings/lstmisc.sty
File: lstmisc.sty 2024/09/23 1.10c (Carsten Heinz)
\c@lstnumber=\count325
\lst@skipnumbers=\count326
\lst@framebox=\box82
) (/usr/local/texlive/2025/texmf-dist/tex/latex/listings/listings.cfg
File: listings.cfg 2024/09/23 1.10c listings configuration
))
Package: listings 2024/09/23 1.10c (Carsten Heinz)
 (/usr/local/texlive/2025/texmf-dist/tex/latex/tcolorbox/tcblistingscore.code.tex
Library (tcolorbox): 'tcblistingscore.code.tex' version '6.4.1'
(/usr/local/texlive/2025/texmf-dist/tex/latex/tcolorbox/tcbprocessing.code.tex
Library (tcolorbox): 'tcbprocessing.code.tex' version '6.4.1'
)
\c@tcblisting=\count327
)) (/usr/local/texlive/2025/texmf-dist/tex/latex/listingsutf8/listingsutf8.sty
Package: listingsutf8 2019-12-10 v1.5 Allow UTF-8 in listings input (HO)
 (/usr/local/texlive/2025/texmf-dist/tex/generic/pdftexcmds/pdftexcmds.sty
Package: pdftexcmds 2020-06-27 v0.33 Utility functions of pdfTeX for LuaTeX (HO)
Package pdftexcmds Info: \pdf@primitive is available.
Package pdftexcmds Info: \pdf@ifprimitive is available.
Package pdftexcmds Info: \pdfdraftmode found.
) (/usr/local/texlive/2025/texmf-dist/tex/generic/stringenc/stringenc.sty
Package: stringenc 2019/11/29 v1.12 Convert strings between diff. encodings (HO)
 (/usr/local/texlive/2025/texmf-dist/tex/generic/pdfescape/pdfescape.sty
Package: pdfescape 2019/12/09 v1.15 Implements pdfTeX's escape features (HO)
)))) (/usr/local/texlive/2025/texmf-dist/tex/latex/tcolorbox/tcbexternal.code.tex
Library (tcolorbox): 'tcbexternal.code.tex' version '6.4.1'
) (/usr/local/texlive/2025/texmf-dist/tex/latex/tcolorbox/tcbmagazine.code.tex
Library (tcolorbox): 'tcbmagazine.code.tex' version '6.4.1'
) (/usr/local/texlive/2025/texmf-dist/tex/latex/tcolorbox/tcbvignette.code.tex
Library (tcolorbox): 'tcbvignette.code.tex' version '6.4.1'
(/usr/local/texlive/2025/texmf-dist/tex/generic/pgf/frontendlayer/tikz/libraries/tikzlibraryfadings.code.tex
File: tikzlibraryfadings.code.tex 2023-01-15 v3.1.10 (3.1.10)
 (/usr/local/texlive/2025/texmf-dist/tex/generic/pgf/libraries/pgflibraryfadings.code.tex
File: pgflibraryfadings.code.tex 2023-01-15 v3.1.10 (3.1.10)
))) (/usr/local/texlive/2025/texmf-dist/tex/latex/tcolorbox/tcbposter.code.tex
Library (tcolorbox): 'tcbposter.code.tex' version '6.4.1'
)) (/usr/local/texlive/2025/texmf-dist/tex/latex/parskip/parskip.sty
Package: parskip 2021-03-14 v2.0h non-zero parskip adjustments
 (/usr/local/texlive/2025/texmf-dist/tex/latex/kvoptions/kvoptions.sty
Package: kvoptions 2022-06-15 v3.15 Key value format for package options (HO)
 (/usr/local/texlive/2025/texmf-dist/tex/latex/kvsetkeys/kvsetkeys.sty
Package: kvsetkeys 2022-10-05 v1.19 Key value parser (HO)
))) (/usr/local/texlive/2025/texmf-dist/tex/latex/listings/lstlang1.sty
File: lstlang1.sty 2024/09/23 1.10c listings language file
) (/usr/local/texlive/2025/texmf-dist/tex/latex/needspace/needspace.sty
Package: needspace 2010/09/12 v1.3d reserve vertical space
) (/usr/local/texlive/2025/texmf-dist/tex/latex/comment/comment.sty
\CommentStream=\write4
 Excluding comment 'comment') (/usr/local/texlive/2025/texmf-dist/tex/latex/geometry/geometry.sty
Package: geometry 2020/01/02 v5.9 Page Geometry
 (/usr/local/texlive/2025/texmf-dist/tex/generic/iftex/ifvtex.sty
Package: ifvtex 2019/10/25 v1.7 ifvtex legacy package. Use iftex instead.
)
\Gm@cnth=\count328
\Gm@cntv=\count329
\c@Gm@tempcnt=\count330
\Gm@bindingoffset=\dimen276
\Gm@wd@mp=\dimen277
\Gm@odd@mp=\dimen278
\Gm@even@mp=\dimen279
\Gm@layoutwidth=\dimen280
\Gm@layoutheight=\dimen281
\Gm@layouthoffset=\dimen282
\Gm@layoutvoffset=\dimen283
\Gm@dimlist=\toks49
) (/usr/local/texlive/2025/texmf-dist/tex/latex/titlepic/titlepic.sty
Package: titlepic 2017/03/14 1.2 Package to display a picture on the title page
) (/usr/local/texlive/2025/texmf-dist/tex/latex/hyperref/hyperref.sty
Package: hyperref 2024-11-05 v7.01l Hypertext links for LaTeX
 (/usr/local/texlive/2025/texmf-dist/tex/generic/kvdefinekeys/kvdefinekeys.sty
Package: kvdefinekeys 2019-12-19 v1.6 Define keys (HO)
) (/usr/local/texlive/2025/texmf-dist/tex/latex/hycolor/hycolor.sty
Package: hycolor 2020-01-27 v1.10 Color options for hyperref/bookmark (HO)
) (/usr/local/texlive/2025/texmf-dist/tex/latex/hyperref/nameref.sty
Package: nameref 2023-11-26 v2.56 Cross-referencing by name of section
 (/usr/local/texlive/2025/texmf-dist/tex/latex/refcount/refcount.sty
Package: refcount 2019/12/15 v3.6 Data extraction from label references (HO)
) (/usr/local/texlive/2025/texmf-dist/tex/generic/gettitlestring/gettitlestring.sty
Package: gettitlestring 2019/12/15 v1.6 Cleanup title references (HO)
)
\c@section@level=\count331
)
\@linkdim=\dimen284
\Hy@linkcounter=\count332
\Hy@pagecounter=\count333
 (/usr/local/texlive/2025/texmf-dist/tex/latex/hyperref/pd1enc.def
File: pd1enc.def 2024-11-05 v7.01l Hyperref: PDFDocEncoding definition (HO)
Now handling font encoding PD1 ...
... no UTF-8 mapping file for font encoding PD1
) (/usr/local/texlive/2025/texmf-dist/tex/generic/intcalc/intcalc.sty
Package: intcalc 2019/12/15 v1.3 Expandable calculations with integers (HO)
)
\Hy@SavedSpaceFactor=\count334
 (/usr/local/texlive/2025/texmf-dist/tex/latex/hyperref/puenc.def
File: puenc.def 2024-11-05 v7.01l Hyperref: PDF Unicode definition (HO)
Now handling font encoding PU ...
... no UTF-8 mapping file for font encoding PU
)
Package hyperref Info: Hyper figures OFF on input line 4157.
Package hyperref Info: Link nesting OFF on input line 4162.
Package hyperref Info: Hyper index ON on input line 4165.
Package hyperref Info: Plain pages OFF on input line 4172.
Package hyperref Info: Backreferencing OFF on input line 4177.
Package hyperref Info: Implicit mode ON; LaTeX internals redefined.
Package hyperref Info: Bookmarks ON on input line 4424.
\c@Hy@tempcnt=\count335
 (/usr/local/texlive/2025/texmf-dist/tex/latex/url/url.sty
\Urlmuskip=\muskip18
Package: url 2013/09/16  ver 3.4  Verb mode for urls, etc.
)
LaTeX Info: Redefining \url on input line 4763.
\XeTeXLinkMargin=\dimen285
 (/usr/local/texlive/2025/texmf-dist/tex/generic/bitset/bitset.sty
Package: bitset 2019/12/09 v1.3 Handle bit-vector datatype (HO)
 (/usr/local/texlive/2025/texmf-dist/tex/generic/bigintcalc/bigintcalc.sty
Package: bigintcalc 2019/12/15 v1.5 Expandable calculations on big integers (HO)
))
\Fld@menulength=\count336
\Field@Width=\dimen286
\Fld@charsize=\dimen287
Package hyperref Info: Hyper figures OFF on input line 6042.
Package hyperref Info: Link nesting OFF on input line 6047.
Package hyperref Info: Hyper index ON on input line 6050.
Package hyperref Info: backreferencing OFF on input line 6057.
Package hyperref Info: Link coloring OFF on input line 6062.
Package hyperref Info: Link coloring with OCG OFF on input line 6067.
Package hyperref Info: PDF/A mode OFF on input line 6072.
 (/usr/local/texlive/2025/texmf-dist/tex/latex/base/atbegshi-ltx.sty
Package: atbegshi-ltx 2021/01/10 v1.0c Emulation of the original atbegshi
package with kernel methods
)
\Hy@abspage=\count337
\c@Item=\count338
\c@Hfootnote=\count339
)
Package hyperref Info: Driver (autodetected): hpdftex.
 (/usr/local/texlive/2025/texmf-dist/tex/latex/hyperref/hpdftex.def
File: hpdftex.def 2024-11-05 v7.01l Hyperref driver for pdfTeX
 (/usr/local/texlive/2025/texmf-dist/tex/latex/base/atveryend-ltx.sty
Package: atveryend-ltx 2020/08/19 v1.0a Emulation of the original atveryend package
with kernel methods
)
\Fld@listcount=\count340
\c@bookmark@seq@number=\count341
 (/usr/local/texlive/2025/texmf-dist/tex/latex/rerunfilecheck/rerunfilecheck.sty
Package: rerunfilecheck 2022-07-10 v1.10 Rerun checks for auxiliary files (HO)
 (/usr/local/texlive/2025/texmf-dist/tex/generic/uniquecounter/uniquecounter.sty
Package: uniquecounter 2019/12/15 v1.4 Provide unlimited unique counter (HO)
)
Package uniquecounter Info: New unique counter `rerunfilecheck' on input line 285.
)
\Hy@SectionHShift=\skip89
) (/usr/local/texlive/2025/texmf-dist/tex/latex/adjustbox/adjustbox.sty
Package: adjustbox 2025/02/26 v1.3c Adjusting TeX boxes (trim, clip, ...)
 (/usr/local/texlive/2025/texmf-dist/tex/latex/xkeyval/xkeyval.sty
Package: xkeyval 2022/06/16 v2.9 package option processing (HA)
 (/usr/local/texlive/2025/texmf-dist/tex/generic/xkeyval/xkeyval.tex (/usr/local/texlive/2025/texmf-dist/tex/generic/xkeyval/xkvutils.tex
\XKV@toks=\toks50
\XKV@tempa@toks=\toks51
)
\XKV@depth=\count342
File: xkeyval.tex 2014/12/03 v2.7a key=value parser (HA)
)) (/usr/local/texlive/2025/texmf-dist/tex/latex/adjustbox/adjcalc.sty
Package: adjcalc 2012/05/16 v1.1 Provides advanced setlength with multiple back-ends (calc, etex, pgfmath)
) (/usr/local/texlive/2025/texmf-dist/tex/latex/adjustbox/trimclip.sty
Package: trimclip 2025/02/21 v1.2a Trim and clip general TeX material
 (/usr/local/texlive/2025/texmf-dist/tex/latex/collectbox/collectbox.sty
Package: collectbox 2022/10/17 v0.4c Collect macro arguments as boxes
\collectedbox=\box83
)
\tc@llx=\dimen288
\tc@lly=\dimen289
\tc@urx=\dimen290
\tc@ury=\dimen291
Package trimclip Info: Using driver 'tc-pdftex.def'.
 (/usr/local/texlive/2025/texmf-dist/tex/latex/adjustbox/tc-pdftex.def
File: tc-pdftex.def 2025/02/26 v2.3 Clipping driver for pdftex
))
\adjbox@Width=\dimen292
\adjbox@Height=\dimen293
\adjbox@Depth=\dimen294
\adjbox@Totalheight=\dimen295
\adjbox@pwidth=\dimen296
\adjbox@pheight=\dimen297
\adjbox@pdepth=\dimen298
\adjbox@ptotalheight=\dimen299
 (/usr/local/texlive/2025/texmf-dist/tex/latex/ifoddpage/ifoddpage.sty
Package: ifoddpage 2022/10/18 v1.2 Conditionals for odd/even page detection
\c@checkoddpage=\count343
) (/usr/local/texlive/2025/texmf-dist/tex/latex/varwidth/varwidth.sty
Package: varwidth 2009/03/30 ver 0.92;  Variable-width minipages
\@vwid@box=\box84
\sift@deathcycles=\count344
\@vwid@loff=\dimen300
\@vwid@roff=\dimen301
)) (/usr/local/texlive/2025/texmf-dist/tex/latex/xltabular/xltabular.sty
Package: xltabular 2025/02/28 v0.2i `xltabular' package (hv,RN)
 (/usr/local/texlive/2025/texmf-dist/tex/latex/tools/tabularx.sty
Package: tabularx 2023/12/11 v2.12a `tabularx' package (DPC)
 (/usr/local/texlive/2025/texmf-dist/tex/latex/tools/array.sty
Package: array 2024/10/17 v2.6g Tabular extension package (FMi)
\col@sep=\dimen302
\ar@mcellbox=\box85
\extrarowheight=\dimen303
\NC@list=\toks52
\extratabsurround=\skip90
\backup@length=\skip91
\ar@cellbox=\box86
)
\TX@col@width=\dimen304
\TX@old@table=\dimen305
\TX@old@col=\dimen306
\TX@target=\dimen307
\TX@delta=\dimen308
\TX@cols=\count345
\TX@ftn=\toks53
) (/usr/local/texlive/2025/texmf-dist/tex/latex/ltablex/ltablex.sty
Package: ltablex 2014/08/13 v1.1 Modified tabularx
 (/usr/local/texlive/2025/texmf-dist/tex/latex/tools/longtable.sty
Package: longtable 2024-10-27 v4.22 Multi-page Table package (DPC)
\LTleft=\skip92
\LTright=\skip93
\LTpre=\skip94
\LTpost=\skip95
\LTchunksize=\count346
\LTcapwidth=\dimen309
\LT@head=\box87
\LT@firsthead=\box88
\LT@foot=\box89
\LT@lastfoot=\box90
\LT@gbox=\box91
\LT@cols=\count347
\LT@rows=\count348
\c@LT@tables=\count349
\c@LT@chunks=\count350
\LT@p@ftn=\toks54
))) (/usr/local/texlive/2025/texmf-dist/tex/latex/booktabs/booktabs.sty
Package: booktabs 2020/01/12 v1.61803398 Publication quality tables
\heavyrulewidth=\dimen310
\lightrulewidth=\dimen311
\cmidrulewidth=\dimen312
\belowrulesep=\dimen313
\belowbottomsep=\dimen314
\aboverulesep=\dimen315
\abovetopsep=\dimen316
\cmidrulesep=\dimen317
\cmidrulekern=\dimen318
\defaultaddspace=\dimen319
\@cmidla=\count351
\@cmidlb=\count352
\@aboverulesep=\dimen320
\@belowrulesep=\dimen321
\@thisruleclass=\count353
\@lastruleclass=\count354
\@thisrulewidth=\dimen322
)
\c@example=\count355
 (/usr/local/texlive/2025/texmf-dist/tex/latex/mhchem/mhchem.sty
Package: mhchem 2024/01/29 v4.10 for typesetting chemical formulae
 (/usr/local/texlive/2025/texmf-dist/tex/latex/l3kernel/expl3.sty
Package: expl3 2025-01-18 L3 programming layer (loader) 
 (/usr/local/texlive/2025/texmf-dist/tex/latex/l3backend/l3backend-pdftex.def
File: l3backend-pdftex.def 2024-05-08 L3 backend support: PDF output (pdfTeX)
\l__color_backend_stack_int=\count356
\l__pdf_internal_box=\box92
)) (/usr/local/texlive/2025/texmf-dist/tex/latex/l3packages/l3keys2e/l3keys2e.sty
Package: l3keys2e 2024-08-16 LaTeX2e option processing using LaTeX3 keys
) (/usr/local/texlive/2025/texmf-dist/tex/latex/tools/calc.sty
Package: calc 2023/07/08 v4.3 Infix arithmetic (KKT,FJ)
\calc@Acount=\count357
\calc@Bcount=\count358
\calc@Adimen=\dimen323
\calc@Bdimen=\dimen324
\calc@Askip=\skip96
\calc@Bskip=\skip97
LaTeX Info: Redefining \setlength on input line 80.
LaTeX Info: Redefining \addtolength on input line 81.
\calc@Ccount=\count359
\calc@Cskip=\skip98
) (/usr/local/texlive/2025/texmf-dist/tex/latex/chemgreek/chemgreek.sty (/usr/local/texlive/2025/texmf-dist/tex/latex/l3packages/xparse/xparse.sty
Package: xparse 2024-08-16 L3 Experimental document command parser
)
Package: chemgreek 2020/01/16 v1.1a interface for upright Greek letters for use in chemistry (CN)
\l__chemgreek_tmpa_int=\count360
\g__chemgreek_tmpa_int=\count361
)
\l__mhchem_ce_distanceFromLastComma_int=\count362
\__mhchem_arrow_extPgfLength_skip=\skip99
\mhchem@minispace@tmp=\skip100
\mhchem@minibackspace@tmp=\skip101
\mhchem@bondwidth=\skip102
\mhchem@bondheight=\skip103
\mhchem@smallbondwidth@tmpA=\skip104
\mhchem@smallbondwidth@tmpB=\skip105
\mhchem@smallbondwidth=\skip106
\mhchem@bondtmp@minussidebearingleft=\skip107
\mhchem@bondtmp@minussidebearingright=\skip108
\l__mhchem_option_version_int=\count363
\mhchem@option@minusmathsidebearingleft=\dimen325
\mhchem@option@minusmathsidebearingright=\dimen326
\mhchem@option@minustextsidebearingleft=\dimen327
\mhchem@option@minustextsidebearingright=\dimen328
) (/usr/local/texlive/2025/texmf-dist/tex/generic/pgf/frontendlayer/tikz/libraries/tikzlibrarypositioning.code.tex
File: tikzlibrarypositioning.code.tex 2023-01-15 v3.1.10 (3.1.10)
) (/usr/local/texlive/2025/texmf-dist/tex/generic/pgf/libraries/pgflibraryarrows.meta.code.tex
File: pgflibraryarrows.meta.code.tex 2023-01-15 v3.1.10 (3.1.10)
\pgfarrowinset=\dimen329
\pgfarrowlength=\dimen330
\pgfarrowwidth=\dimen331
\pgfarrowlinewidth=\dimen332
) (/usr/local/texlive/2025/texmf-dist/tex/generic/pgf/frontendlayer/tikz/libraries/tikzlibraryshapes.geometric.code.tex
File: tikzlibraryshapes.geometric.code.tex 2023-01-15 v3.1.10 (3.1.10)
 (/usr/local/texlive/2025/texmf-dist/tex/generic/pgf/libraries/shapes/pgflibraryshapes.geometric.code.tex
File: pgflibraryshapes.geometric.code.tex 2023-01-15 v3.1.10 (3.1.10)
)) (/usr/local/texlive/2025/texmf-dist/tex/generic/pgf/frontendlayer/tikz/libraries/tikzlibrarycalc.code.tex
File: tikzlibrarycalc.code.tex 2023-01-15 v3.1.10 (3.1.10)
))
LaTeX Font Info:    Trying to load font information for T1+lmr on input line 15.
 (/usr/local/texlive/2025/texmf-dist/tex/latex/lm/t1lmr.fd
File: t1lmr.fd 2015/05/01 v1.6.1 Font defs for Latin Modern
) (./main.aux)
\openout1 = `main.aux'.

LaTeX Font Info:    Checking defaults for OML/cmm/m/it on input line 15.
LaTeX Font Info:    ... okay on input line 15.
LaTeX Font Info:    Checking defaults for OMS/cmsy/m/n on input line 15.
LaTeX Font Info:    ... okay on input line 15.
LaTeX Font Info:    Checking defaults for OT1/cmr/m/n on input line 15.
LaTeX Font Info:    ... okay on input line 15.
LaTeX Font Info:    Checking defaults for T1/cmr/m/n on input line 15.
LaTeX Font Info:    ... okay on input line 15.
LaTeX Font Info:    Checking defaults for TS1/cmr/m/n on input line 15.
LaTeX Font Info:    ... okay on input line 15.
LaTeX Font Info:    Checking defaults for OMX/cmex/m/n on input line 15.
LaTeX Font Info:    ... okay on input line 15.
LaTeX Font Info:    Checking defaults for U/cmr/m/n on input line 15.
LaTeX Font Info:    ... okay on input line 15.
LaTeX Font Info:    Checking defaults for PD1/pdf/m/n on input line 15.
LaTeX Font Info:    ... okay on input line 15.
LaTeX Font Info:    Checking defaults for PU/pdf/m/n on input line 15.
LaTeX Font Info:    ... okay on input line 15.
LaTeX Info: Redefining \celsius on input line 15.
Package gensymb Info: Faking symbols for \degree and \celsius on input line 15.


Package gensymb Warning: Not defining \perthousand.

LaTeX Info: Redefining \ohm on input line 15.
Package gensymb Info: Using \Omega for \ohm on input line 15.

Package gensymb Warning: Not defining \micro.

(/usr/local/texlive/2025/texmf-dist/tex/context/base/mkii/supp-pdf.mkii
[Loading MPS to PDF converter (version 2006.09.02).]
\scratchcounter=\count364
\scratchdimen=\dimen333
\scratchbox=\box93
\nofMPsegments=\count365
\nofMParguments=\count366
\everyMPshowfont=\toks55
\MPscratchCnt=\count367
\MPscratchDim=\dimen334
\MPnumerator=\count368
\makeMPintoPDFobject=\count369
\everyMPtoPDFconversion=\toks56
) (/usr/local/texlive/2025/texmf-dist/tex/latex/epstopdf-pkg/epstopdf-base.sty
Package: epstopdf-base 2020-01-24 v2.11 Base part for package epstopdf
Package epstopdf-base Info: Redefining graphics rule for `.eps' on input line 485.
 (/usr/local/texlive/2025/texmf-dist/tex/latex/latexconfig/epstopdf-sys.cfg
File: epstopdf-sys.cfg 2010/07/13 v1.3 Configuration of (r)epstopdf for TeX Live
))
Package caption Info: Begin \AtBeginDocument code.
Package caption Info: hyperref package is loaded.
Package caption Info: listings package is loaded.
Package caption Info: longtable package is loaded.
 (/usr/local/texlive/2025/texmf-dist/tex/latex/caption/ltcaption.sty
Package: ltcaption 2021/01/08 v1.4c longtable captions (AR)
)
Package caption Info: End \AtBeginDocument code.
\c@lstlisting=\count370

*geometry* driver: auto-detecting
*geometry* detected driver: pdftex
*geometry* verbose mode - [ preamble ] result:
* driver: pdftex
* paper: a4paper
* layout: <same size as paper>
* layoutoffset:(h,v)=(0.0pt,0.0pt)
* bindingoffset: 14.22636pt
* modes: 
* h-part:(L,W,R)=(71.13188pt, 441.01775pt, 71.13188pt)
* v-part:(T,H,B)=(71.13188pt, 702.78308pt, 71.13188pt)
* \paperwidth=597.50787pt
* \paperheight=845.04684pt
* \textwidth=441.01775pt
* \textheight=702.78308pt
* \oddsidemargin=13.08826pt
* \evensidemargin=-1.1381pt
* \topmargin=-38.1381pt
* \headheight=12.0pt
* \headsep=25.0pt
* \topskip=11.0pt
* \footskip=30.0pt
* \marginparwidth=59.0pt
* \marginparsep=10.0pt
* \columnsep=10.0pt
* \skip\footins=10.0pt plus 4.0pt minus 2.0pt
* \hoffset=0.0pt
* \voffset=0.0pt
* \mag=1000
* \@twocolumnfalse
* \@twosidefalse
* \@mparswitchfalse
* \@reversemarginfalse
* (1in=72.27pt=25.4mm, 1cm=28.453pt)

Package hyperref Info: Link coloring OFF on input line 15.
(./main.out) (./main.out)
\@outlinefile=\write5
\openout5 = `main.out'.


Package chemgreek Info: Activating mapping `default' on line 15.

LaTeX Font Info:    Trying to load font information for OT1+lmr on input line 17.
 (/usr/local/texlive/2025/texmf-dist/tex/latex/lm/ot1lmr.fd
File: ot1lmr.fd 2015/05/01 v1.6.1 Font defs for Latin Modern
)
LaTeX Font Info:    Trying to load font information for OML+lmm on input line 17.
 (/usr/local/texlive/2025/texmf-dist/tex/latex/lm/omllmm.fd
File: omllmm.fd 2015/05/01 v1.6.1 Font defs for Latin Modern
)
LaTeX Font Info:    Trying to load font information for OMS+lmsy on input line 17.
 (/usr/local/texlive/2025/texmf-dist/tex/latex/lm/omslmsy.fd
File: omslmsy.fd 2015/05/01 v1.6.1 Font defs for Latin Modern
)
LaTeX Font Info:    Trying to load font information for OMX+lmex on input line 17.
 (/usr/local/texlive/2025/texmf-dist/tex/latex/lm/omxlmex.fd
File: omxlmex.fd 2015/05/01 v1.6.1 Font defs for Latin Modern
)
LaTeX Font Info:    External font `lmex10' loaded for size
(Font)              <12> on input line 17.
LaTeX Font Info:    External font `lmex10' loaded for size
(Font)              <8> on input line 17.
LaTeX Font Info:    External font `lmex10' loaded for size
(Font)              <6> on input line 17.
LaTeX Font Info:    Trying to load font information for U+msa on input line 17.
 (/usr/local/texlive/2025/texmf-dist/tex/latex/amsfonts/umsa.fd
File: umsa.fd 2013/01/14 v3.01 AMS symbols A
)
LaTeX Font Info:    Trying to load font information for U+msb on input line 17.
 (/usr/local/texlive/2025/texmf-dist/tex/latex/amsfonts/umsb.fd
File: umsb.fd 2013/01/14 v3.01 AMS symbols B
)
<Images/0.png, id=859, 289.08pt x 216.81pt>
File: Images/0.png Graphic file (type png)
<use Images/0.png>
Package pdftex.def Info: Images/0.png  used on input line 17.
(pdftex.def)             Requested size: 289.07928pt x 216.80946pt.


[1

{/usr/local/texlive/2025/texmf-var/fonts/map/pdftex/updmap/pdftex.map}{/usr/local/texlive/2025/texmf-dist/fonts/enc/dvips/lm/lm-ec.enc} <./Images/0.png>] (./main.toc
LaTeX Font Info:    External font `lmex10' loaded for size
(Font)              <10.95> on input line 1.
LaTeX Font Info:    Trying to load font information for T1+lmtt on input line 28.
 (/usr/local/texlive/2025/texmf-dist/tex/latex/lm/t1lmtt.fd
File: t1lmtt.fd 2015/05/01 v1.6.1 Font defs for Latin Modern
)

[2]

[3]

[4{/usr/local/texlive/2025/texmf-dist/fonts/enc/dvips/lm/lm-mathit.enc}{/usr/local/texlive/2025/texmf-dist/fonts/enc/dvips/lm/lm-rm.enc}]

[5{/usr/local/texlive/2025/texmf-dist/fonts/enc/dvips/lm/lm-mathsy.enc}])
\tf@toc=\write6
\openout6 = `main.toc'.



[6] (./chapters/01_statistical_learning_pipeline.tex
LaTeX Font Info:    Trying to load font information for TS1+lmr on input line 16.
 (/usr/local/texlive/2025/texmf-dist/tex/latex/lm/ts1lmr.fd
File: ts1lmr.fd 2015/05/01 v1.6.1 Font defs for Latin Modern
)
Overfull \hbox (4.31612pt too wide) in paragraph at lines 60--61
[]\T1/lmr/m/n/10 Data prepa-ra-tion would in-volve: pars-ing the date string into a date-time ob-ject to cal-cu-late \T1/lmtt/m/n/10 days-since-
 []



[7{/usr/local/texlive/2025/texmf-dist/fonts/enc/dvips/lm/lm-ts1.enc}]
LaTeX Font Info:    External font `lmex10' loaded for size
(Font)              <10> on input line 83.
LaTeX Font Info:    External font `lmex10' loaded for size
(Font)              <7> on input line 83.
LaTeX Font Info:    External font `lmex10' loaded for size
(Font)              <5> on input line 83.


[8]

[9]
<Images/1.Statistical Learning peapline.jpg, id=1124, 745.78625pt x 423.08063pt>
File: Images/1.Statistical Learning peapline.jpg Graphic file (type jpg)
<use Images/1.Statistical Learning peapline.jpg>
Package pdftex.def Info: Images/1.Statistical Learning peapline.jpg  used on input line 197.
(pdftex.def)             Requested size: 410.18372pt x 232.69505pt.
)

[10 <./Images/1.Statistical Learning peapline.jpg>] (./chapters/02_data_preparation.tex

[11]

[12]

[13]
Overfull \hbox (3.3702pt too wide) in paragraph at lines 217--218
[]\T1/lmr/bx/n/10.95 Inconsistency De-tec-tion: \T1/lmr/m/n/10.95 Fix-ing for-mats (e.g., merg-ing "J. Smith" and "John Smith"). 
 []

)

[14{/usr/local/texlive/2025/texmf-dist/fonts/enc/dvips/lm/lm-mathex.enc}] (./chapters/02b_data_preparation_exercises.tex
LaTeX Font Info:    Font shape `T1/lmtt/bx/n' in size <10> not available
(Font)              Font shape `T1/lmtt/b/n' tried instead on input line 33.

Overfull \hbox (18.88094pt too wide) in paragraph at lines 65--65
[]   \T1/lmtt/m/n/10.95 customer_id  age   income    city property_type churn promo_used  quantity  \ 
 []


Overfull \hbox (1.63474pt too wide) in paragraph at lines 66--66
[]\T1/lmtt/m/n/10.95 0            1   56  27806.0  naples     Penthouse   Yes         No         3[] 
 []


Overfull \hbox (1.63474pt too wide) in paragraph at lines 67--67
[]\T1/lmtt/m/n/10.95 1            2  121  32018.0   MILAN         Villa   Yes        Yes         2[] 
 []


Overfull \hbox (1.63474pt too wide) in paragraph at lines 68--68
[]\T1/lmtt/m/n/10.95 2            3   48  37404.0  Naples     Penthouse   Yes         No         2[] 
 []


Overfull \hbox (1.63474pt too wide) in paragraph at lines 69--69
[]\T1/lmtt/m/n/10.95 3            4   42      NaN    Rome         Villa   Yes        Yes         2[] 
 []


Overfull \hbox (1.63474pt too wide) in paragraph at lines 70--70
[]\T1/lmtt/m/n/10.95 4            5   42  33114.0  milano         Villa    No        Yes         3[] 
 []



[15]

[16]

[17]
Overfull \hbox (18.88094pt too wide) in paragraph at lines 217--217
[]    \T1/lmtt/m/n/10.95 customer_id  age  income    city property_type churn promo_used  quantity  \ 
 []


Overfull \hbox (1.63474pt too wide) in paragraph at lines 218--218
[]\T1/lmtt/m/n/10.95 3             4   42     NaN    Rome         Villa   Yes        Yes         2[] 
 []


Overfull \hbox (1.63474pt too wide) in paragraph at lines 219--219
[]\T1/lmtt/m/n/10.95 13           14   37     NaN   Milan     Apartment   Yes        Yes         2[] 
 []


Overfull \hbox (1.63474pt too wide) in paragraph at lines 220--220
[]\T1/lmtt/m/n/10.95 23           24   35     NaN  Napoli     Apartment   Yes        Yes         1[] 
 []

LaTeX Font Info:    Font shape `T1/lmtt/bx/n' in size <12> not available
(Font)              Font shape `T1/lmtt/b/n' tried instead on input line 239.


[18]

[19]

[20]

[21]
Overfull \hbox (1.0026pt too wide) in paragraph at lines 484--485
\T1/lmr/m/n/10.95 vides an ob-jec-tive, math-backed thresh-old. Any in-come out-side of \T1/lmtt/m/n/10.95 [10782.5, 54770.5]
 []



[22]

[23])

[24] (./chapters/03_data_description.tex
<Images/11.Statistical Learning peapline - Descriptive Statistics.jpg, id=1370, 488.32437pt x 276.03125pt>
File: Images/11.Statistical Learning peapline - Descriptive Statistics.jpg Graphic file (type jpg)
<use Images/11.Statistical Learning peapline - Descriptive Statistics.jpg>
Package pdftex.def Info: Images/11.Statistical Learning peapline - Descriptive Statistics.jpg  used on input line 9.
(pdftex.def)             Requested size: 390.66002pt x 220.82529pt.


[25 <./Images/11.Statistical Learning peapline - Descriptive Statistics.jpg>]

[26]

[27]

[28]

[29]

[30]

[31]

[32]
<Images/51.Symmetrical Distribution.jpeg, id=1438, 538.01pt x 281.05pt>
File: Images/51.Symmetrical Distribution.jpeg Graphic file (type jpg)
<use Images/51.Symmetrical Distribution.jpeg>
Package pdftex.def Info: Images/51.Symmetrical Distribution.jpeg  used on input line 487.
(pdftex.def)             Requested size: 215.20018pt x 112.418pt.


[33]
<Images/15.Skewness.jpeg, id=1455, 675.52374pt x 301.125pt>
File: Images/15.Skewness.jpeg Graphic file (type jpg)
<use Images/15.Skewness.jpeg>
Package pdftex.def Info: Images/15.Skewness.jpeg  used on input line 511.
(pdftex.def)             Requested size: 303.98288pt x 135.50499pt.


[34 <./Images/51.Symmetrical Distribution.jpeg> <./Images/15.Skewness.jpeg>]
<Images/16.Kurtosis.jpeg, id=1467, 839.135pt x 370.38374pt>
File: Images/16.Kurtosis.jpeg Graphic file (type jpg)
<use Images/16.Kurtosis.jpeg>
Package pdftex.def Info: Images/16.Kurtosis.jpeg  used on input line 552.
(pdftex.def)             Requested size: 293.70164pt x 129.63625pt.


[35 <./Images/16.Kurtosis.jpeg>])

[36] (./chapters/04_data_visualization.tex
<Images/17.London Bike Sharing.jpeg, id=1483, 718.685pt x 506.89375pt>
File: Images/17.London Bike Sharing.jpeg Graphic file (type jpg)
<use Images/17.London Bike Sharing.jpeg>
Package pdftex.def Info: Images/17.London Bike Sharing.jpeg  used on input line 18.
(pdftex.def)             Requested size: 359.34161pt x 253.44626pt.


[37 <./Images/17.London Bike Sharing.jpeg>]
<Images/20.PieChart_Titanics Survival.jpeg, id=1492, 826.08624pt x 592.2125pt>
File: Images/20.PieChart_Titanics Survival.jpeg Graphic file (type jpg)
<use Images/20.PieChart_Titanics Survival.jpeg>
Package pdftex.def Info: Images/20.PieChart_Titanics Survival.jpeg  used on input line 66.
(pdftex.def)             Requested size: 313.91603pt x 225.04308pt.


[38 <./Images/20.PieChart_Titanics Survival.jpeg>]
<Images/21. BarCharts - Titanic Survival.jpeg, id=1504, 840.13875pt x 380.42125pt>
File: Images/21. BarCharts - Titanic Survival.jpeg Graphic file (type jpg)
<use Images/21. BarCharts - Titanic Survival.jpeg>
Package pdftex.def Info: Images/21. BarCharts - Titanic Survival.jpeg  used on input line 91.
(pdftex.def)             Requested size: 302.44972pt x 136.95154pt.
<Images/22.Data Visualization composition.jpeg, id=1505, 840.13875pt x 447.6725pt>
File: Images/22.Data Visualization composition.jpeg Graphic file (type jpg)
<use Images/22.Data Visualization composition.jpeg>
Package pdftex.def Info: Images/22.Data Visualization composition.jpeg  used on input line 113.
(pdftex.def)             Requested size: 235.23724pt x 125.34744pt.


[39 <./Images/21. BarCharts - Titanic Survival.jpeg> <./Images/22.Data Visualization composition.jpeg>]
<Images/23.Spider Chart.jpeg, id=1515, 837.1275pt x 381.425pt>
File: Images/23.Spider Chart.jpeg Graphic file (type jpg)
<use Images/23.Spider Chart.jpeg>
Package pdftex.def Info: Images/23.Spider Chart.jpeg  used on input line 131.
(pdftex.def)             Requested size: 435.3088pt x 198.34213pt.
<Images/52.Histogram example.jpeg, id=1516, 272.01625pt x 283.0575pt>
File: Images/52.Histogram example.jpeg Graphic file (type jpg)
<use Images/52.Histogram example.jpeg>
Package pdftex.def Info: Images/52.Histogram example.jpeg  used on input line 155.
(pdftex.def)             Requested size: 130.56631pt x 135.86604pt.


[40 <./Images/23.Spider Chart.jpeg>]
<Images/53.Bar Chart vs Histogram.jpeg, id=1523, 743.77875pt x 467.7475pt>
File: Images/53.Bar Chart vs Histogram.jpeg Graphic file (type jpg)
<use Images/53.Bar Chart vs Histogram.jpeg>
Package pdftex.def Info: Images/53.Bar Chart vs Histogram.jpeg  used on input line 162.
(pdftex.def)             Requested size: 260.32646pt x 163.71407pt.
<Images/18.BoxPlot_structure.jpeg, id=1524, 1617.04124pt x 635.37375pt>
File: Images/18.BoxPlot_structure.jpeg Graphic file (type jpg)
<use Images/18.BoxPlot_structure.jpeg>
Package pdftex.def Info: Images/18.BoxPlot_structure.jpeg  used on input line 188.
(pdftex.def)             Requested size: 323.40251pt x 127.0725pt.


[41 <./Images/52.Histogram example.jpeg> <./Images/53.Bar Chart vs Histogram.jpeg>]
<Images/19.box plot comparison.jpeg, id=1536, 691.58376pt x 423.5825pt>
File: Images/19.box plot comparison.jpeg Graphic file (type jpg)
<use Images/19.box plot comparison.jpeg>
Package pdftex.def Info: Images/19.box plot comparison.jpeg  used on input line 202.
(pdftex.def)             Requested size: 345.79103pt x 211.79073pt.
<Images/20.Density Plot.jpeg, id=1537, 884.30376pt x 523.9575pt>
File: Images/20.Density Plot.jpeg Graphic file (type jpg)
<use Images/20.Density Plot.jpeg>
Package pdftex.def Info: Images/20.Density Plot.jpeg  used on input line 217.
(pdftex.def)             Requested size: 265.29317pt x 157.18846pt.


[42 <./Images/18.BoxPlot_structure.jpeg> <./Images/19.box plot comparison.jpeg>]
<Images/21.Normal Distribution example.jpeg, id=1546, 859.21pt x 374.39874pt>
File: Images/21.Normal Distribution example.jpeg Graphic file (type jpg)
<use Images/21.Normal Distribution example.jpeg>
Package pdftex.def Info: Images/21.Normal Distribution example.jpeg  used on input line 238.
(pdftex.def)             Requested size: 455.37914pt x 198.43039pt.

Overfull \hbox (14.36139pt too wide) in paragraph at lines 238--239
 [][] 
 []

<Images/22.Bimodal_distribution_example.jpeg, id=1547, 678.535pt x 412.54124pt>
File: Images/22.Bimodal_distribution_example.jpeg Graphic file (type jpg)
<use Images/22.Bimodal_distribution_example.jpeg>
Package pdftex.def Info: Images/22.Bimodal_distribution_example.jpeg  used on input line 243.
(pdftex.def)             Requested size: 339.26666pt x 206.27011pt.


[43 <./Images/20.Density Plot.jpeg> <./Images/21.Normal Distribution example.jpeg>]
<Images/23.salary_skewness_distribution.jpeg, id=1559, 619.31375pt x 765.86125pt>
File: Images/23.salary_skewness_distribution.jpeg Graphic file (type jpg)
<use Images/23.salary_skewness_distribution.jpeg>
Package pdftex.def Info: Images/23.salary_skewness_distribution.jpeg  used on input line 250.
(pdftex.def)             Requested size: 328.23473pt x 405.90453pt.


[44 <./Images/22.Bimodal_distribution_example.jpeg> <./Images/23.salary_skewness_distribution.jpeg>]
<Images/25.Violin Plot.jpeg, id=1568, 744.7825pt x 545.03625pt>
File: Images/25.Violin Plot.jpeg Graphic file (type jpg)
<use Images/25.Violin Plot.jpeg>
Package pdftex.def Info: Images/25.Violin Plot.jpeg  used on input line 262.
(pdftex.def)             Requested size: 223.43648pt x 163.51213pt.
<Images/26.Violin Plot example.jpeg, id=1569, 705.63625pt x 478.78876pt>
File: Images/26.Violin Plot example.jpeg Graphic file (type jpg)
<use Images/26.Violin Plot example.jpeg>
Package pdftex.def Info: Images/26.Violin Plot example.jpeg  used on input line 270.
(pdftex.def)             Requested size: 303.41766pt x 205.87515pt.


[45 <./Images/25.Violin Plot.jpeg> <./Images/26.Violin Plot example.jpeg>]
<Images/27.Time Series Visualization (line plot).jpeg, id=1578, 814.04124pt x 483.8075pt>
File: Images/27.Time Series Visualization (line plot).jpeg Graphic file (type jpg)
<use Images/27.Time Series Visualization (line plot).jpeg>
Package pdftex.def Info: Images/27.Time Series Visualization (line plot).jpeg  used on input line 291.
(pdftex.def)             Requested size: 350.0309pt x 208.03317pt.
<Images/28.Dual Time Series Plot.jpeg, id=1579, 814.04124pt x 435.6275pt>
File: Images/28.Dual Time Series Plot.jpeg Graphic file (type jpg)
<use Images/28.Dual Time Series Plot.jpeg>
Package pdftex.def Info: Images/28.Dual Time Series Plot.jpeg  used on input line 302.
(pdftex.def)             Requested size: 350.0309pt x 187.31616pt.


[46 <./Images/27.Time Series Visualization (line plot).jpeg> <./Images/28.Dual Time Series Plot.jpeg>]
<Images/30.Box Plot Time Series.jpeg, id=1588, 691.58376pt x 452.69125pt>
File: Images/30.Box Plot Time Series.jpeg Graphic file (type jpg)
<use Images/30.Box Plot Time Series.jpeg>
Package pdftex.def Info: Images/30.Box Plot Time Series.jpeg  used on input line 337.
(pdftex.def)             Requested size: 380.37224pt x 248.98096pt.


[47 <./Images/30.Box Plot Time Series.jpeg>]
<Images/31.Scatter Plot.jpeg, id=1597, 491.8375pt x 359.3425pt>
File: Images/31.Scatter Plot.jpeg Graphic file (type jpg)
<use Images/31.Scatter Plot.jpeg>
Package pdftex.def Info: Images/31.Scatter Plot.jpeg  used on input line 364.
(pdftex.def)             Requested size: 236.07932pt x 172.48244pt.
<Images/36.Scatter Plot with Stratifing Factor.jpg, id=1598, 277.53688pt x 215.30438pt>
File: Images/36.Scatter Plot with Stratifing Factor.jpg Graphic file (type jpg)
<use Images/36.Scatter Plot with Stratifing Factor.jpg>
Package pdftex.def Info: Images/36.Scatter Plot with Stratifing Factor.jpg  used on input line 380.
(pdftex.def)             Requested size: 235.90746pt x 183.00958pt.


[48 <./Images/31.Scatter Plot.jpeg> <./Images/36.Scatter Plot with Stratifing Factor.jpg>]
<Images/33.Pair Plot diagram.jpg, id=1612, 296.60812pt x 296.60812pt>
File: Images/33.Pair Plot diagram.jpg Graphic file (type jpg)
<use Images/33.Pair Plot diagram.jpg>
Package pdftex.def Info: Images/33.Pair Plot diagram.jpg  used on input line 393.
(pdftex.def)             Requested size: 266.94484pt x 266.94484pt.
<Images/37.Heat Map.jpg, id=1613, 199.24437pt x 201.75375pt>
File: Images/37.Heat Map.jpg Graphic file (type jpg)
<use Images/37.Heat Map.jpg>
Package pdftex.def Info: Images/37.Heat Map.jpg  used on input line 419.
(pdftex.def)             Requested size: 189.28107pt x 191.66496pt.


[49 <./Images/33.Pair Plot diagram.jpg>]
<Images/38.Bubble diagram.jpg, id=1621, 260.47313pt x 264.99pt>
File: Images/38.Bubble diagram.jpg Graphic file (type jpg)
<use Images/38.Bubble diagram.jpg>
Package pdftex.def Info: Images/38.Bubble diagram.jpg  used on input line 439.
(pdftex.def)             Requested size: 216.19264pt x 219.94164pt.


[50 <./Images/37.Heat Map.jpg> <./Images/38.Bubble diagram.jpg>]
<Images/39.Mosaic diagram.jpg, id=1628, 247.42438pt x 167.62625pt>
File: Images/39.Mosaic diagram.jpg Graphic file (type jpg)
<use Images/39.Mosaic diagram.jpg>
Package pdftex.def Info: Images/39.Mosaic diagram.jpg  used on input line 453.
(pdftex.def)             Requested size: 197.93976pt x 134.10117pt.

Underfull \hbox (badness 2726) in paragraph at lines 469--470
[]|\T1/lmr/m/n/10.95 Reveals linear/non-linear cor-re-la-
 []


Underfull \hbox (badness 1931) in paragraph at lines 471--472
[]|\T1/lmr/m/n/10.95 Uses col-or/shape to find group-
 []


Underfull \hbox (badness 10000) in paragraph at lines 479--480
[]|\T1/lmr/m/n/10.95 Area-proportional tiles show-ing
 []



[51 <./Images/39.Mosaic diagram.jpg>]
<Images/40.TreMap Chart.jpg, id=1634, 928.46875pt x 373.395pt>
File: Images/40.TreMap Chart.jpg Graphic file (type jpg)
<use Images/40.TreMap Chart.jpg>
Package pdftex.def Info: Images/40.TreMap Chart.jpg  used on input line 494.
(pdftex.def)             Requested size: 445.65994pt x 179.22755pt.

Overfull \hbox (4.6422pt too wide) in paragraph at lines 494--495
 [][] 
 []

<Images/41.Cartogram and Cartodiagram.jpg, id=1635, 571.13374pt x 306.14375pt>
File: Images/41.Cartogram and Cartodiagram.jpg Graphic file (type jpg)
<use Images/41.Cartogram and Cartodiagram.jpg>
Package pdftex.def Info: Images/41.Cartogram and Cartodiagram.jpg  used on input line 519.
(pdftex.def)             Requested size: 314.12453pt x 168.37958pt.


[52 <./Images/40.TreMap Chart.jpg>]
<Images/44.Population Pyramid.jpg, id=1642, 367.3725pt x 301.62688pt>
File: Images/44.Population Pyramid.jpg Graphic file (type jpg)
<use Images/44.Population Pyramid.jpg>
Package pdftex.def Info: Images/44.Population Pyramid.jpg  used on input line 546.
(pdftex.def)             Requested size: 213.07619pt x 174.9437pt.


[53 <./Images/41.Cartogram and Cartodiagram.jpg> <./Images/44.Population Pyramid.jpg>]
<Images/45.Ad hoc solution.jpg, id=1650, 307.1475pt x 280.04625pt>
File: Images/45.Ad hoc solution.jpg Graphic file (type jpg)
<use Images/45.Ad hoc solution.jpg>
Package pdftex.def Info: Images/45.Ad hoc solution.jpg  used on input line 573.
(pdftex.def)             Requested size: 215.00177pt x 196.03102pt.
<Images/46.Change of Scale.jpg, id=1651, 599.74063pt x 242.9075pt>
File: Images/46.Change of Scale.jpg Graphic file (type jpg)
<use Images/46.Change of Scale.jpg>
Package pdftex.def Info: Images/46.Change of Scale.jpg  used on input line 591.
(pdftex.def)             Requested size: 359.84715pt x 145.7456pt.


[54 <./Images/45.Ad hoc solution.jpg>])

[55 <./Images/46.Change of Scale.jpg>] (./chapters/05_two_way_cross_classification.tex
<Images/48.Multivariate Quantitative Scatter Plot.jpg, id=1666, 618.81187pt x 378.41376pt>
File: Images/48.Multivariate Quantitative Scatter Plot.jpg Graphic file (type jpg)
<use Images/48.Multivariate Quantitative Scatter Plot.jpg>
Package pdftex.def Info: Images/48.Multivariate Quantitative Scatter Plot.jpg  used on input line 26.
(pdftex.def)             Requested size: 433.16536pt x 264.88782pt.


[56 <./Images/48.Multivariate Quantitative Scatter Plot.jpg>]
<Images/51.Marginal and Partial Frequency Distribution.jpg, id=1676, 276.03125pt x 157.08687pt>
File: Images/51.Marginal and Partial Frequency Distribution.jpg Graphic file (type jpg)
<use Images/51.Marginal and Partial Frequency Distribution.jpg>
Package pdftex.def Info: Images/51.Marginal and Partial Frequency Distribution.jpg  used on input line 66.
(pdftex.def)             Requested size: 248.42581pt x 141.37686pt.


[57 <./Images/51.Marginal and Partial Frequency Distribution.jpg>]

[58]
Overfull \hbox (13.53267pt too wide) in paragraph at lines 161--162
\T1/lmr/m/n/10.95 mer-i-cal data if you bin it into cat-e-gories (e.g., con-vert-ing con-tin-u-ous age into "Young/Old"),
 []



[59]
<Images/50.Contigency Table.jpg, id=1696, 755.32187pt x 274.52562pt>
File: Images/50.Contigency Table.jpg Graphic file (type jpg)
<use Images/50.Contigency Table.jpg>
Package pdftex.def Info: Images/50.Contigency Table.jpg  used on input line 225.
(pdftex.def)             Requested size: 453.19661pt x 164.71664pt.

Overfull \hbox (12.17886pt too wide) in paragraph at lines 225--226
 [][] 
 []



[60 <./Images/50.Contigency Table.jpg>]

[61]

[62]

Package hyperref Warning: Token not allowed in a PDF string (Unicode):
(hyperref)                removing `math shift' on input line 364.


Package hyperref Warning: Token not allowed in a PDF string (Unicode):
(hyperref)                removing `\eta' on input line 364.


Package hyperref Warning: Token not allowed in a PDF string (Unicode):
(hyperref)                removing `superscript' on input line 364.


Package hyperref Warning: Token not allowed in a PDF string (Unicode):
(hyperref)                removing `math shift' on input line 364.



[63])

[64] (./chapters/06_probability_model.tex
Overfull \hbox (4.35573pt too wide) in paragraph at lines 60--61
[]\T1/lmr/m/n/10 Based on sam-ple var and size, they cal-cu-late a 95% Con-fi-dence In-ter-val for $\OML/lmm/m/it/10 ^^V$\T1/lmr/m/n/10 , say $\OT1/lmr/m/n/10 [34\OML/lmm/m/it/10 :\OT1/lmr/m/n/10 0\OML/lmm/m/it/10 ; \OT1/lmr/m/n/10 36\OML/lmm/m/it/10 :\OT1/lmr/m/n/10 4]$\T1/lmr/m/n/10 .
 []



[65]

[66]
<Images/103.Venn Diagram.jpeg, id=1754, 739.76375pt x 549.05125pt>
File: Images/103.Venn Diagram.jpeg Graphic file (type jpg)
<use Images/103.Venn Diagram.jpeg>
Package pdftex.def Info: Images/103.Venn Diagram.jpeg  used on input line 138.
(pdftex.def)             Requested size: 295.90025pt x 219.61661pt.


[67 <./Images/103.Venn Diagram.jpeg>]
<Images/104.Fundamental Theorems.jpeg, id=1765, 344.28625pt x 246.9225pt>
File: Images/104.Fundamental Theorems.jpeg Graphic file (type jpg)
<use Images/104.Fundamental Theorems.jpeg>
Package pdftex.def Info: Images/104.Fundamental Theorems.jpeg  used on input line 181.
(pdftex.def)             Requested size: 154.92737pt x 111.11409pt.


[68 <./Images/104.Fundamental Theorems.jpeg>]
<Images/136.Probability Two way table.jpeg, id=1776, 516.93124pt x 189.70876pt>
File: Images/136.Probability Two way table.jpeg Graphic file (type jpg)
<use Images/136.Probability Two way table.jpeg>
Package pdftex.def Info: Images/136.Probability Two way table.jpeg  used on input line 236.
(pdftex.def)             Requested size: 232.6169pt x 85.36813pt.


[69 <./Images/136.Probability Two way table.jpeg>]

[70]
<Images/106.Discrete variable.jpeg, id=1799, 1027.84pt x 491.8375pt>
File: Images/106.Discrete variable.jpeg Graphic file (type jpg)
<use Images/106.Discrete variable.jpeg>
Package pdftex.def Info: Images/106.Discrete variable.jpeg  used on input line 351.
(pdftex.def)             Requested size: 154.16934pt x 73.77243pt.
<Images/201.Discrete uniform distribution.jpeg, id=1800, 1142.2675pt x 691.58376pt>
File: Images/201.Discrete uniform distribution.jpeg Graphic file (type jpg)
<use Images/201.Discrete uniform distribution.jpeg>
Package pdftex.def Info: Images/201.Discrete uniform distribution.jpeg  used on input line 397.
(pdftex.def)             Requested size: 148.49998pt x 89.90904pt.


[71 <./Images/106.Discrete variable.jpeg> <./Images/201.Discrete uniform distribution.jpeg>]
<Images/202.Bernoulli Distribution.jpeg, id=1812, 1142.2675pt x 691.58376pt>
File: Images/202.Bernoulli Distribution.jpeg Graphic file (type jpg)
<use Images/202.Bernoulli Distribution.jpeg>
Package pdftex.def Info: Images/202.Bernoulli Distribution.jpeg  used on input line 416.
(pdftex.def)             Requested size: 205.59927pt x 124.4797pt.


[72 <./Images/202.Bernoulli Distribution.jpeg>]
<Images/203.Binomial Distribution.jpeg, id=1821, 1142.2675pt x 691.58376pt>
File: Images/203.Binomial Distribution.jpeg Graphic file (type jpg)
<use Images/203.Binomial Distribution.jpeg>
Package pdftex.def Info: Images/203.Binomial Distribution.jpeg  used on input line 515.
(pdftex.def)             Requested size: 262.716pt x 159.06091pt.


[73 <./Images/203.Binomial Distribution.jpeg>]
<Images/204.Hypergeometric Distribution.jpeg, id=1832, 1142.2675pt x 691.58376pt>
File: Images/204.Hypergeometric Distribution.jpeg Graphic file (type jpg)
<use Images/204.Hypergeometric Distribution.jpeg>
Package pdftex.def Info: Images/204.Hypergeometric Distribution.jpeg  used on input line 557.
(pdftex.def)             Requested size: 262.716pt x 159.06091pt.


[74 <./Images/204.Hypergeometric Distribution.jpeg>]
<Images/205.Geometric Distribution.jpeg, id=1840, 1142.2675pt x 691.58376pt>
File: Images/205.Geometric Distribution.jpeg Graphic file (type jpg)
<use Images/205.Geometric Distribution.jpeg>
Package pdftex.def Info: Images/205.Geometric Distribution.jpeg  used on input line 599.
(pdftex.def)             Requested size: 262.716pt x 159.06091pt.


[75 <./Images/205.Geometric Distribution.jpeg>]
<Images/206.negative binomial.jpeg, id=1849, 1142.2675pt x 691.58376pt>
File: Images/206.negative binomial.jpeg Graphic file (type jpg)
<use Images/206.negative binomial.jpeg>
Package pdftex.def Info: Images/206.negative binomial.jpeg  used on input line 635.
(pdftex.def)             Requested size: 262.716pt x 159.06091pt.


[76 <./Images/206.negative binomial.jpeg>]
<Images/207.Poisson Distribution.jpeg, id=1859, 1142.2675pt x 691.58376pt>
File: Images/207.Poisson Distribution.jpeg Graphic file (type jpg)
<use Images/207.Poisson Distribution.jpeg>
Package pdftex.def Info: Images/207.Poisson Distribution.jpeg  used on input line 675.
(pdftex.def)             Requested size: 285.56618pt x 172.89551pt.
<Images/107.Discrete probabilty model tabel.jpeg, id=1860, 907.39pt x 440.64626pt>
File: Images/107.Discrete probabilty model tabel.jpeg Graphic file (type jpg)
<use Images/107.Discrete probabilty model tabel.jpeg>
Package pdftex.def Info: Images/107.Discrete probabilty model tabel.jpeg  used on input line 686.
(pdftex.def)             Requested size: 453.6939pt x 220.32259pt.

Overfull \hbox (12.67615pt too wide) in paragraph at lines 686--687
 [][] 
 []



[77 <./Images/207.Poisson Distribution.jpeg> <./Images/107.Discrete probabilty model tabel.jpeg>]
<Images/108.Continuous Random Variable.jpeg, id=1870, 1798.72pt x 578.16pt>
File: Images/108.Continuous Random Variable.jpeg Graphic file (type jpg)
<use Images/108.Continuous Random Variable.jpeg>
Package pdftex.def Info: Images/108.Continuous Random Variable.jpeg  used on input line 715.
(pdftex.def)             Requested size: 269.79636pt x 86.72025pt.
<Images/137.Uniform distribution.jpeg, id=1871, 692.5875pt x 459.7175pt>
File: Images/137.Uniform distribution.jpeg Graphic file (type jpg)
<use Images/137.Uniform distribution.jpeg>
Package pdftex.def Info: Images/137.Uniform distribution.jpeg  used on input line 751.
(pdftex.def)             Requested size: 173.14644pt x 114.9291pt.


[78 <./Images/108.Continuous Random Variable.jpeg (PNG copy)>]
<Images/138.Esponential Distribution.jpeg, id=1879, 1143.27126pt x 691.58376pt>
File: Images/138.Esponential Distribution.jpeg Graphic file (type jpg)
<use Images/138.Esponential Distribution.jpeg>
Package pdftex.def Info: Images/138.Esponential Distribution.jpeg  used on input line 792.
(pdftex.def)             Requested size: 228.65019pt x 138.3143pt.


[79 <./Images/137.Uniform distribution.jpeg> <./Images/138.Esponential Distribution.jpeg>]
<Images/139.Gamma Distribution.jpeg, id=1891, 1143.27126pt x 691.58376pt>
File: Images/139.Gamma Distribution.jpeg Graphic file (type jpg)
<use Images/139.Gamma Distribution.jpeg>
Package pdftex.def Info: Images/139.Gamma Distribution.jpeg  used on input line 828.
(pdftex.def)             Requested size: 228.65019pt x 138.3143pt.
<Images/140.beta distribution.jpeg, id=1892, 1143.27126pt x 691.58376pt>
File: Images/140.beta distribution.jpeg Graphic file (type jpg)
<use Images/140.beta distribution.jpeg>
Package pdftex.def Info: Images/140.beta distribution.jpeg  used on input line 869.
(pdftex.def)             Requested size: 228.65019pt x 138.3143pt.


[80 <./Images/139.Gamma Distribution.jpeg>]
<Images/110.Normal Distribution.jpeg, id=1903, 489.83pt x 289.08pt>
File: Images/110.Normal Distribution.jpeg Graphic file (type jpg)
<use Images/110.Normal Distribution.jpeg>
Package pdftex.def Info: Images/110.Normal Distribution.jpeg  used on input line 904.
(pdftex.def)             Requested size: 220.42146pt x 130.0848pt.


[81 <./Images/140.beta distribution.jpeg> <./Images/110.Normal Distribution.jpeg>]
<Images/111.Standardize Normal Distribution.jpeg, id=1914, 825.0825pt x 250.9375pt>
File: Images/111.Standardize Normal Distribution.jpeg Graphic file (type jpg)
<use Images/111.Standardize Normal Distribution.jpeg>
Package pdftex.def Info: Images/111.Standardize Normal Distribution.jpeg  used on input line 938.
(pdftex.def)             Requested size: 346.53229pt x 105.39302pt.


[82 <./Images/111.Standardize Normal Distribution.jpeg>]
<Images/112.Chi-square and probability table.jpeg, id=1922, 993.7125pt x 360.34625pt>
File: Images/112.Chi-square and probability table.jpeg Graphic file (type jpg)
<use Images/112.Chi-square and probability table.jpeg>
Package pdftex.def Info: Images/112.Chi-square and probability table.jpeg  used on input line 985.
(pdftex.def)             Requested size: 397.47795pt x 144.13594pt.


[83 <./Images/112.Chi-square and probability table.jpeg>]

[84]
<Images/113.t-student and probability table.jpeg, id=1934, 978.65625pt x 268.00125pt>
File: Images/113.t-student and probability table.jpeg Graphic file (type jpg)
<use Images/113.t-student and probability table.jpeg>
Package pdftex.def Info: Images/113.t-student and probability table.jpeg  used on input line 1150.
(pdftex.def)             Requested size: 371.89323pt x 101.84152pt.


[85 <./Images/113.t-student and probability table.jpeg>]
<Images/114. F-Snedecor-Fisher and Probability Table.jpeg, id=1943, 934.49126pt x 266.9975pt>
File: Images/114. F-Snedecor-Fisher and Probability Table.jpeg Graphic file (type jpg)
<use Images/114. F-Snedecor-Fisher and Probability Table.jpeg>
Package pdftex.def Info: Images/114. F-Snedecor-Fisher and Probability Table.jpeg  used on input line 1252.
(pdftex.def)             Requested size: 420.51718pt x 120.14775pt.


[86])

[87 <./Images/114. F-Snedecor-Fisher and Probability Table.jpeg>] (./chapters/07_sampling_distributions.tex

[88]
<Images/138.Central Limit Theorem.jpeg, id=1964, 553.06625pt x 499.8675pt>
File: Images/138.Central Limit Theorem.jpeg Graphic file (type jpg)
<use Images/138.Central Limit Theorem.jpeg>
Package pdftex.def Info: Images/138.Central Limit Theorem.jpeg  used on input line 67.
(pdftex.def)             Requested size: 248.8775pt x 224.9383pt.


[89 <./Images/138.Central Limit Theorem.jpeg>])

[90] (./chapters/08_estimations.tex

[91]

[92]
LaTeX Font Info:    External font `lmex10' loaded for size
(Font)              <9> on input line 121.


[93]
<Images/139.Unbiased Estimator.jpeg, id=2004, 448.67625pt x 291.0875pt>
File: Images/139.Unbiased Estimator.jpeg Graphic file (type jpg)
<use Images/139.Unbiased Estimator.jpeg>
Package pdftex.def Info: Images/139.Unbiased Estimator.jpeg  used on input line 202.
(pdftex.def)             Requested size: 157.03903pt x 101.88214pt.
<Images/140.Efficiency.jpeg, id=2005, 334.24875pt x 240.9pt>
File: Images/140.Efficiency.jpeg Graphic file (type jpg)
<use Images/140.Efficiency.jpeg>
Package pdftex.def Info: Images/140.Efficiency.jpeg  used on input line 230.
(pdftex.def)             Requested size: 133.69713pt x 96.35828pt.


[94 <./Images/139.Unbiased Estimator.jpeg> <./Images/140.Efficiency.jpeg>]
<Images/141.UMVE.jpeg, id=2014, 373.395pt x 331.2375pt>
File: Images/141.UMVE.jpeg Graphic file (type jpg)
<use Images/141.UMVE.jpeg>
Package pdftex.def Info: Images/141.UMVE.jpeg  used on input line 251.
(pdftex.def)             Requested size: 149.35535pt x 132.49265pt.


[95 <./Images/141.UMVE.jpeg>]

Package hyperref Warning: Token not allowed in a PDF string (Unicode):
(hyperref)                removing `math shift' on input line 291.


Package hyperref Warning: Token not allowed in a PDF string (Unicode):
(hyperref)                removing `math shift' on input line 291.


Package hyperref Warning: Token not allowed in a PDF string (Unicode):
(hyperref)                removing `math shift' on input line 291.


Package hyperref Warning: Token not allowed in a PDF string (Unicode):
(hyperref)                removing `math shift' on input line 291.



[96]
<Images/142.Consistency.jpeg, id=2029, 377.41pt x 315.1775pt>
File: Images/142.Consistency.jpeg Graphic file (type jpg)
<use Images/142.Consistency.jpeg>
Package pdftex.def Info: Images/142.Consistency.jpeg  used on input line 356.
(pdftex.def)             Requested size: 188.70453pt x 157.58836pt.


[97 <./Images/142.Consistency.jpeg>]

[98]
<Images/143.Central Limit Theorem.jpeg, id=2049, 377.41pt x 416.55624pt>
File: Images/143.Central Limit Theorem.jpeg Graphic file (type jpg)
<use Images/143.Central Limit Theorem.jpeg>
Package pdftex.def Info: Images/143.Central Limit Theorem.jpeg  used on input line 425.
(pdftex.def)             Requested size: 188.70453pt x 208.2776pt.


[99 <./Images/143.Central Limit Theorem.jpeg>]
<Images/145.MLE for Bernoulli Parameter.jpeg, id=2057, 430.60875pt x 291.0875pt>
File: Images/145.MLE for Bernoulli Parameter.jpeg Graphic file (type jpg)
<use Images/145.MLE for Bernoulli Parameter.jpeg>
Package pdftex.def Info: Images/145.MLE for Bernoulli Parameter.jpeg  used on input line 482.
(pdftex.def)             Requested size: 215.30383pt x 145.54338pt.


[100 <./Images/145.MLE for Bernoulli Parameter.jpeg>]

[101]
Overfull \hbox (4.95663pt too wide) in paragraph at lines 639--648
 [] 
 []



[102]
<Images/146.Confidence Interval sampling mean.jpeg, id=2077, 497.86pt x 412.54124pt>
File: Images/146.Confidence Interval sampling mean.jpeg Graphic file (type jpg)
<use Images/146.Confidence Interval sampling mean.jpeg>
Package pdftex.def Info: Images/146.Confidence Interval sampling mean.jpeg  used on input line 682.
(pdftex.def)             Requested size: 189.18877pt x 156.7673pt.


Package hyperref Warning: Token not allowed in a PDF string (Unicode):
(hyperref)                removing `math shift' on input line 694.


Package hyperref Warning: Token not allowed in a PDF string (Unicode):
(hyperref)                removing `\chi' on input line 694.


Package hyperref Warning: Token not allowed in a PDF string (Unicode):
(hyperref)                removing `superscript' on input line 694.


Package hyperref Warning: Token not allowed in a PDF string (Unicode):
(hyperref)                removing `math shift' on input line 694.



[103 <./Images/146.Confidence Interval sampling mean.jpeg>]
<Images/147.Confidence Interval of the popultation variance.jpeg, id=2087, 511.9125pt x 271.0125pt>
File: Images/147.Confidence Interval of the popultation variance.jpeg Graphic file (type jpg)
<use Images/147.Confidence Interval of the popultation variance.jpeg>
Package pdftex.def Info: Images/147.Confidence Interval of the popultation variance.jpeg  used on input line 710.
(pdftex.def)             Requested size: 204.76137pt x 108.40306pt.
)

[104 <./Images/147.Confidence Interval of the popultation variance.jpeg>] (./chapters/09_confidence_intervals.tex

Package hyperref Warning: Token not allowed in a PDF string (Unicode):
(hyperref)                removing `math shift' on input line 16.


Package hyperref Warning: Token not allowed in a PDF string (Unicode):
(hyperref)                removing `subscript' on input line 16.


Package hyperref Warning: Token not allowed in a PDF string (Unicode):
(hyperref)                removing `subscript' on input line 16.


Package hyperref Warning: Token not allowed in a PDF string (Unicode):
(hyperref)                removing `math shift' on input line 16.

<Images/148.Distribution of the random variables.jpeg, id=2094, 730.73pt x 332.24126pt>
File: Images/148.Distribution of the random variables.jpeg Graphic file (type jpg)
<use Images/148.Distribution of the random variables.jpeg>
Package pdftex.def Info: Images/148.Distribution of the random variables.jpeg  used on input line 48.
(pdftex.def)             Requested size: 277.68028pt x 126.25298pt.


[105 <./Images/148.Distribution of the random variables.jpeg>]

Package hyperref Warning: Token not allowed in a PDF string (Unicode):
(hyperref)                removing `math shift' on input line 61.


Package hyperref Warning: Token not allowed in a PDF string (Unicode):
(hyperref)                removing `\mu' on input line 61.


Package hyperref Warning: Token not allowed in a PDF string (Unicode):
(hyperref)                removing `subscript' on input line 61.


Package hyperref Warning: Token not allowed in a PDF string (Unicode):
(hyperref)                removing `\mu' on input line 61.


Package hyperref Warning: Token not allowed in a PDF string (Unicode):
(hyperref)                removing `subscript' on input line 61.


Package hyperref Warning: Token not allowed in a PDF string (Unicode):
(hyperref)                removing `math shift' on input line 61.



[106]

[107]

Package hyperref Warning: Token not allowed in a PDF string (Unicode):
(hyperref)                removing `math shift' on input line 222.


Package hyperref Warning: Token not allowed in a PDF string (Unicode):
(hyperref)                removing `subscript' on input line 222.


Package hyperref Warning: Token not allowed in a PDF string (Unicode):
(hyperref)                removing `superscript' on input line 222.


Package hyperref Warning: Token not allowed in a PDF string (Unicode):
(hyperref)                removing `math shift' on input line 222.



[108]

Package hyperref Warning: Token not allowed in a PDF string (Unicode):
(hyperref)                removing `math shift' on input line 267.


Package hyperref Warning: Token not allowed in a PDF string (Unicode):
(hyperref)                removing `\mu' on input line 267.


Package hyperref Warning: Token not allowed in a PDF string (Unicode):
(hyperref)                removing `subscript' on input line 267.


Package hyperref Warning: Token not allowed in a PDF string (Unicode):
(hyperref)                removing `\mu' on input line 267.


Package hyperref Warning: Token not allowed in a PDF string (Unicode):
(hyperref)                removing `subscript' on input line 267.


Package hyperref Warning: Token not allowed in a PDF string (Unicode):
(hyperref)                removing `math shift' on input line 267.



[109]

[110]

[111]

Package hyperref Warning: Token not allowed in a PDF string (Unicode):
(hyperref)                removing `math shift' on input line 481.


Package hyperref Warning: Token not allowed in a PDF string (Unicode):
(hyperref)                removing `subscript' on input line 481.


Package hyperref Warning: Token not allowed in a PDF string (Unicode):
(hyperref)                removing `subscript' on input line 481.


Package hyperref Warning: Token not allowed in a PDF string (Unicode):
(hyperref)                removing `math shift' on input line 481.



[112]

Package hyperref Warning: Token not allowed in a PDF string (Unicode):
(hyperref)                removing `math shift' on input line 523.


Package hyperref Warning: Token not allowed in a PDF string (Unicode):
(hyperref)                removing `subscript' on input line 523.


Package hyperref Warning: Token not allowed in a PDF string (Unicode):
(hyperref)                removing `subscript' on input line 523.


Package hyperref Warning: Token not allowed in a PDF string (Unicode):
(hyperref)                removing `math shift' on input line 523.



[113]

[114]

[115])

[116] (./chapters/10_statistical_testing.tex

[117]

[118]

Package hyperref Warning: Token not allowed in a PDF string (Unicode):
(hyperref)                removing `math shift' on input line 140.


Package hyperref Warning: Token not allowed in a PDF string (Unicode):
(hyperref)                removing `\sigma' on input line 140.


Package hyperref Warning: Token not allowed in a PDF string (Unicode):
(hyperref)                removing `superscript' on input line 140.


Package hyperref Warning: Token not allowed in a PDF string (Unicode):
(hyperref)                removing `math shift' on input line 140.

<Images/137.Hypothesis systems and rejection regions for testing the hypothesis about sigma.jpg, id=2193, 340.77313pt x 290.58563pt>
File: Images/137.Hypothesis systems and rejection regions for testing the hypothesis about sigma.jpg Graphic file (type jpg)
<use Images/137.Hypothesis systems and rejection regions for testing the hypothesis about sigma.jpg>
Package pdftex.def Info: Images/137.Hypothesis systems and rejection regions for testing the hypothesis about sigma.jpg  used on input line 163.
(pdftex.def)             Requested size: 238.53955pt x 203.40854pt.


[119]

Package hyperref Warning: Token not allowed in a PDF string (Unicode):
(hyperref)                removing `math shift' on input line 171.


Package hyperref Warning: Token not allowed in a PDF string (Unicode):
(hyperref)                removing `\beta' on input line 171.


Package hyperref Warning: Token not allowed in a PDF string (Unicode):
(hyperref)                removing `math shift' on input line 171.

<Images/138. beta.jpg, id=2200, 304.63812pt x 288.07625pt>
File: Images/138. beta.jpg Graphic file (type jpg)
<use Images/138. beta.jpg>
Package pdftex.def Info: Images/138. beta.jpg  used on input line 199.
(pdftex.def)             Requested size: 243.71082pt x 230.4613pt.


[120 <./Images/137.Hypothesis systems and rejection regions for testing the hypothesis about sigma.jpg>]
<Images/139.Power of the test on the mean and alternative hypothesis.jpg, id=2210, 420.57124pt x 224.84pt>
File: Images/139.Power of the test on the mean and alternative hypothesis.jpg Graphic file (type jpg)
<use Images/139.Power of the test on the mean and alternative hypothesis.jpg>
Package pdftex.def Info: Images/139.Power of the test on the mean and alternative hypothesis.jpg  used on input line 215.
(pdftex.def)             Requested size: 315.42766pt x 168.62958pt.
)

[121 <./Images/138. beta.jpg> <./Images/139.Power of the test on the mean and alternative hypothesis.jpg>] (./main.aux)
 ***********
LaTeX2e <2024-11-01> patch level 2
L3 programming layer <2025-01-18>
 ***********
Package rerunfilecheck Info: File `main.out' has not changed.
(rerunfilecheck)             Checksum: FDF79439F6C53F2C85FA7A8EC3E3CF71;48841.
 ) 
Here is how much of TeX's memory you used:
 35977 strings out of 473190
 731072 string characters out of 5715799
 1296106 words of memory out of 5000000
 57759 multiletter control sequences out of 15000+600000
 680424 words of font info for 113 fonts, out of 8000000 for 9000
 1141 hyphenation exceptions out of 8191
 103i,13n,104p,1574b,1959s stack positions out of 10000i,1000n,20000p,200000b,200000s
</usr/local/texlive/2025/texmf-dist/fonts/type1/public/lm/lmbx10.pfb></usr/local/texlive/2025/texmf-dist/fonts/type1/public/lm/lmbx12.pfb></usr/local/texlive/2025/texmf-dist/fonts/type1/public/lm/lmbx8.pfb></usr/local/texlive/2025/texmf-dist/fonts/type1/public/lm/lmbx9.pfb></usr/local/texlive/2025/texmf-dist/fonts/type1/public/lm/lmbxi10.pfb></usr/local/texlive/2025/texmf-dist/fonts/type1/public/lm/lmex10.pfb></usr/local/texlive/2025/texmf-dist/fonts/type1/public/lm/lmmi10.pfb></usr/local/texlive/2025/texmf-dist/fonts/type1/public/lm/lmmi12.pfb></usr/local/texlive/2025/texmf-dist/fonts/type1/public/lm/lmmi6.pfb></usr/local/texlive/2025/texmf-dist/fonts/type1/public/lm/lmmi7.pfb></usr/local/texlive/2025/texmf-dist/fonts/type1/public/lm/lmmi8.pfb></usr/local/texlive/2025/texmf-dist/fonts/type1/public/lm/lmmi9.pfb></usr/local/texlive/2025/texmf-dist/fonts/type1/public/lm/lmr10.pfb></usr/local/texlive/2025/texmf-dist/fonts/type1/public/lm/lmr12.pfb></usr/local/texlive/2025/texmf-dist/fonts/type1/public/lm/lmr17.pfb></usr/local/texlive/2025/texmf-dist/fonts/type1/public/lm/lmr5.pfb></usr/local/texlive/2025/texmf-dist/fonts/type1/public/lm/lmr6.pfb></usr/local/texlive/2025/texmf-dist/fonts/type1/public/lm/lmr7.pfb></usr/local/texlive/2025/texmf-dist/fonts/type1/public/lm/lmr8.pfb></usr/local/texlive/2025/texmf-dist/fonts/type1/public/lm/lmr9.pfb></usr/local/texlive/2025/texmf-dist/fonts/type1/public/lm/lmri10.pfb></usr/local/texlive/2025/texmf-dist/fonts/type1/public/lm/lmri9.pfb></usr/local/texlive/2025/texmf-dist/fonts/type1/public/lm/lmsy10.pfb></usr/local/texlive/2025/texmf-dist/fonts/type1/public/lm/lmsy6.pfb></usr/local/texlive/2025/texmf-dist/fonts/type1/public/lm/lmsy7.pfb></usr/local/texlive/2025/texmf-dist/fonts/type1/public/lm/lmsy8.pfb></usr/local/texlive/2025/texmf-dist/fonts/type1/public/lm/lmsy9.pfb></usr/local/texlive/2025/texmf-dist/fonts/type1/public/lm/lmtk10.pfb></usr/local/texlive/2025/texmf-dist/fonts/type1/public/lm/lmtt10.pfb></usr/local/texlive/2025/texmf-dist/fonts/type1/public/lm/lmtti10.pfb></usr/local/texlive/2025/texmf-dist/fonts/type1/public/amsfonts/symbols/msam10.pfb></usr/local/texlive/2025/texmf-dist/fonts/type1/public/amsfonts/symbols/msbm10.pfb>
Output written on main.pdf (121 pages, 5640575 bytes).
PDF statistics:
 2541 PDF objects out of 2984 (max. 8388607)
 2174 compressed objects within 22 object streams
 797 named destinations out of 1000 (max. 500000)
 2146 words of extra memory for PDF output out of 10000 (max. 10000000)

